Inno redundant experimental

Found so far: 0
Validated 0
Validations Failed 0
Tried 0
Sco<name> 0.0
Sco<email> 1.0
Sco<email> 0.0
Sco<id> 0.0
Sco<name> 0.0
Sco<email> 1.0
Sco<email> 0.0
Sco<id> 0.0
Sco<name> 0.0
Sco<email> 1.0
Sco<email> 0.0
Sco<id> 0.0
Sco<name> 0.0
Sco<email> 1.0
Sco<email> 0.0
Sco<id> 0.0
Sco<name> 0.0
Sco<email> 1.0
Sco<email> 0.0
Sco<id> 0.0
Sco<name> 0.0
Sco<email> 1.0
Sco<email> 0.0
Sco<id> 0.0

Found so far: 6
Validated 0
Validations Failed 0
Tried 1000

Found so far: 6
Validated 0
Validations Failed 0
Tried 2000

Found so far: 6
Validated 0
Validations Failed 0
Tried 3000

Found so far: 6
Validated 0
Validations Failed 0
Tried 4000

Found so far: 6
Validated 0
Validations Failed 0
Tried 5000

Found so far: 6
Validated 0
Validations Failed 0
Tried 6000

Found so far: 6
Validated 0
Validations Failed 0
Tried 7000

Found so far: 6
Validated 0
Validations Failed 0
Tried 8000

Found so far: 6
Validated 0
Validations Failed 0
Tried 9000

Found so far: 6
Validated 0
Validations Failed 0
Tried 10000

Found so far: 6
Validated 0
Validations Failed 0
Tried 11000

Found so far: 6
Validated 0
Validations Failed 0
Tried 12000

Found so far: 6
Validated 0
Validations Failed 0
Tried 13000

Found so far: 6
Validated 0
Validations Failed 0
Tried 14000

Found so far: 6
Validated 0
Validations Failed 0
Tried 15000

Found so far: 6
Validated 0
Validations Failed 0
Tried 16000
Sco<name> 0.0
Sco<email> 1.0
Sco<email> 0.0
Sco<id> 0.0
Sco<name> 0.0
Sco<email> 1.0
Sco<email> 0.0
Sco<id> 0.0
Sco<name> 0.0
Sco<email> 1.0
Sco<email> 0.0
Sco<id> 0.0
Sco<name> 0.0
Sco<email> 1.0
Sco<email> 0.0
Sco<id> 0.0

Found so far: 10
Validated 0
Validations Failed 0
Tried 17000

Found so far: 10
Validated 0
Validations Failed 0
Tried 18000

Found so far: 10
Validated 0
Validations Failed 0
Tried 19000

Found so far: 10
Validated 0
Validations Failed 0
Tried 20000

Found so far: 10
Validated 0
Validations Failed 0
Tried 21000

Found so far: 10
Validated 0
Validations Failed 0
Tried 22000

Found so far: 10
Validated 0
Validations Failed 0
Tried 23000

Found so far: 10
Validated 0
Validations Failed 0
Tried 24000

Found so far: 10
Validated 0
Validations Failed 0
Tried 25000

Found so far: 10
Validated 0
Validations Failed 0
Tried 26000

Found so far: 10
Validated 0
Validations Failed 0
Tried 27000

Found so far: 10
Validated 0
Validations Failed 0
Tried 28000

Found so far: 10
Validated 0
Validations Failed 0
Tried 29000

Found so far: 10
Validated 0
Validations Failed 0
Tried 30000

Found so far: 10
Validated 0
Validations Failed 0
Tried 31000

Found so far: 10
Validated 0
Validations Failed 0
Tried 32000
Sco<name> 0.0
Sco<email> 1.0
Sco<email> 0.0
Sco<id> 0.0
Sco<name> 0.0
Sco<email> 1.0
Sco<email> 0.0
Sco<id> 0.0
Sco<name> 0.0
Sco<email> 1.0
Sco<email> 0.0
Sco<id> 0.0
Sco<name> 0.0
Sco<email> 1.0
Sco<email> 0.0
Sco<id> 0.0
Sco<name> 0.0
Sco<email> 0.0
Sco<email> 0.0
Sco<id> 0.0

Found so far: 15
Validated 0
Validations Failed 0
Tried 33000

Found so far: 15
Validated 0
Validations Failed 0
Tried 34000

Found so far: 15
Validated 0
Validations Failed 0
Tried 35000

Found so far: 15
Validated 0
Validations Failed 0
Tried 36000

Found so far: 15
Validated 0
Validations Failed 0
Tried 37000

Found so far: 15
Validated 0
Validations Failed 0
Tried 38000

Found so far: 15
Validated 0
Validations Failed 0
Tried 39000

Found so far: 15
Validated 0
Validations Failed 0
Tried 40000

Found so far: 15
Validated 0
Validations Failed 0
Tried 41000

Found so far: 15
Validated 0
Validations Failed 0
Tried 42000

Found so far: 15
Validated 0
Validations Failed 0
Tried 43000

Found so far: 15
Validated 0
Validations Failed 0
Tried 44000

Found so far: 15
Validated 0
Validations Failed 0
Tried 45000

Found so far: 15
Validated 0
Validations Failed 0
Tried 46000

Found so far: 15
Validated 0
Validations Failed 0
Tried 47000

Found so far: 15
Validated 0
Validations Failed 0
Tried 48000

Found so far: 15
Validated 0
Validations Failed 0
Tried 49000
Sco<name> 0.0
Sco<email> 0.0
Sco<email> 0.0
Sco<id> 0.0
Sco<name> 0.0
Sco<email> 1.0
Sco<email> 0.0
Sco<id> 0.0
Sco<name> 0.0
Sco<email> 1.0
Sco<email> 0.0
Sco<id> 0.0
Sco<name> 0.0
Sco<email> 1.0
Sco<email> 0.0
Sco<id> 0.0
Sco<name> 0.0
Sco<email> 1.0
Sco<email> 0.0
Sco<id> 0.0
Sco<name> 0.0
Sco<email> 1.0
Sco<email> 0.0
Sco<id> 0.0
Sco<name> 1.0
Sco<email> 1.0
Sco<email> 0.0
Sco<id> 1.0
Sco<name> 0.0
Sco<email> 0.0
Sco<email> 0.0
Sco<id> 0.0
Sco<name> 1.0
Sco<email> 1.0
Sco<email> 0.0
Sco<id> 1.0
Sco<name> 0.0
Sco<email> 1.0
Sco<email> 0.0
Sco<id> 0.0
Sco<name> 1.0
Sco<email> 1.0
Sco<email> 0.0
Sco<id> 1.0
Sco<name> 1.0
Sco<email> 1.0
Sco<email> 0.0
Sco<id> 1.0
Sco<name> 0.6
Sco<email> 0.0
Sco<email> 0.0
Sco<id> 0.0
Sco<name> 1.0
Sco<email> 1.0
Sco<email> 0.0
Sco<id> 1.0
Sco<name> 0.6
Sco<email> 0.0
Sco<email> 0.0
Sco<id> 0.0
Sco<name> 1.0
Sco<email> 1.0
Sco<email> 0.0
Sco<id> 1.0
Sco<name> 0.0
Sco<email> 1.0
Sco<email> 0.0
Sco<id> 0.0
Sco<name> 0.6
Sco<email> 0.0
Sco<email> 0.0
Sco<id> 0.0
Sco<name> 1.0
Sco<email> 1.0
Sco<email> 0.0
Sco<id> 1.0
Sco<name> 0.0
Sco<email> 0.0
Sco<email> 0.0
Sco<id> 0.0
Sco<name> 0.0
Sco<email> 0.0
Sco<email> 0.0
Sco<id> 0.0
Sco<name> 1.0
Sco<email> 1.0
Sco<email> 0.0
Sco<id> 1.0
Sco<name> 0.0
Sco<email> 1.0
Sco<email> 0.0
Sco<id> 0.0
Sco<name> 0.0
Sco<email> 1.0
Sco<email> 0.0
Sco<id> 0.0
Sco<name> 0.0
Sco<email> 0.0
Sco<email> 0.0
Sco<id> 0.0
Sco<name> 1.0
Sco<email> 1.0
Sco<email> 0.0
Sco<id> 1.0
Sco<name> 1.0
Sco<email> 1.0
Sco<email> 0.0
Sco<id> 1.0
Sco<name> 1.0
Sco<email> 1.0
Sco<email> 0.0
Sco<id> 1.0
Sco<name> 1.0
Sco<email> 1.0
Sco<email> 0.0
Sco<id> 1.0
Sco<name> 0.0
Sco<email> 1.0
Sco<email> 0.0
Sco<id> 0.0
Sco<name> 1.0
Sco<email> 1.0
Sco<email> 0.0
Sco<id> 1.0
Sco<name> 0.0
Sco<email> 0.0
Sco<email> 0.0
Sco<id> 0.0
Sco<name> 1.0
Sco<email> 1.0
Sco<email> 0.0
Sco<id> 1.0
Sco<name> 0.0
Sco<email> 1.0
Sco<email> 0.0
Sco<id> 0.0
Sco<name> 1.0
Sco<email> 1.0
Sco<email> 0.0
Sco<id> 1.0
Sco<name> 0.0
Sco<email> 0.0
Sco<email> 0.0
Sco<id> 0.0
Sco<name> 1.0
Sco<email> 1.0
Sco<email> 0.0
Sco<id> 1.0
Sco<name> 1.0
Sco<email> 1.0
Sco<email> 0.0
Sco<id> 1.0
Sco<name> 0.0
Sco<email> 1.0
Sco<email> 0.0
Sco<id> 0.0
Sco<name> 1.0
Sco<email> 1.0
Sco<email> 0.0
Sco<id> 1.0
Sco<name> 0.0
Sco<email> 1.0
Sco<email> 0.0
Sco<id> 0.0

Found so far: 56
Validated 18
Validations Failed 0
Tried 50000
Sco<name> 1.0
Sco<email> 1.0
Sco<email> 0.0
Sco<id> 1.0
Sco<name> 0.0
Sco<email> 0.0
Sco<email> 0.0
Sco<id> 0.0
Sco<name> 1.0
Sco<email> 1.0
Sco<email> 0.0
Sco<id> 1.0
Sco<name> 0.0
Sco<email> 0.0
Sco<email> 0.0
Sco<id> 0.0
Sco<name> 1.0
Sco<email> 1.0
Sco<email> 0.0
Sco<id> 1.0
Sco<name> 0.0
Sco<email> 0.0
Sco<email> 0.0
Sco<id> 0.0
Sco<name> 1.0
Sco<email> 1.0
Sco<email> 0.0
Sco<id> 1.0
Sco<name> 1.0
Sco<email> 1.0
Sco<email> 0.0
Sco<id> 1.0
Sco<name> 1.0
Sco<email> 1.0
Sco<email> 0.0
Sco<id> 1.0
Sco<name> 0.0
Sco<email> 1.0
Sco<email> 0.0
Sco<id> 0.0
Sco<name> 0.0
Sco<email> 1.0
Sco<email> 0.0
Sco<id> 0.0
Sco<name> 1.0
Sco<email> 1.0
Sco<email> 0.0
Sco<id> 1.0
Sco<name> 0.0
Sco<email> 0.0
Sco<email> 0.0
Sco<id> 0.0
Sco<name> 1.0
Sco<email> 1.0
Sco<email> 0.0
Sco<id> 1.0
Sco<name> 0.0
Sco<email> 1.0
Sco<email> 0.0
Sco<id> 0.0
Sco<name> 0.0
Sco<email> 1.0
Sco<email> 0.0
Sco<id> 0.0
Sco<name> 1.0
Sco<email> 1.0
Sco<email> 0.0
Sco<id> 1.0
Sco<name> 1.0
Sco<email> 1.0
Sco<email> 0.0
Sco<id> 1.0
Sco<name> 1.0
Sco<email> 1.0
Sco<email> 0.0
Sco<id> 1.0
Sco<name> 0.0
Sco<email> 1.0
Sco<email> 0.0
Sco<id> 0.0
Sco<name> 1.0
Sco<email> 1.0
Sco<email> 0.0
Sco<id> 1.0
Sco<name> 1.0
Sco<email> 1.0
Sco<email> 1.0
Sco<id> 1.0
Sco<name> 0.0
Sco<email> 1.0
Sco<email> 0.0
Sco<id> 0.0
Sco<name> 1.0
Sco<email> 1.0
Sco<email> 1.0
Sco<id> 1.0
Sco<name> 0.0
Sco<email> 1.0
Sco<email> 0.0
Sco<id> 0.0
Sco<name> 1.0
Sco<email> 1.0
Sco<email> 1.0
Sco<id> 1.0
Sco<name> 0.0
Sco<email> 1.0
Sco<email> 0.0
Sco<id> 0.0
Sco<name> 1.0
Sco<email> 1.0
Sco<email> 1.0
Sco<id> 1.0
Sco<name> 0.0
Sco<email> 1.0
Sco<email> 0.0
Sco<id> 0.0
Sco<name> 1.0
Sco<email> 1.0
Sco<email> 1.0
Sco<id> 1.0
Sco<name> 0.0
Sco<email> 1.0
Sco<email> 0.0
Sco<id> 0.0
Sco<name> 0.0
Sco<email> 1.0
Sco<email> 0.0
Sco<id> 0.0
Sco<name> 1.0
Sco<email> 1.0
Sco<email> 1.0
Sco<id> 1.0
Sco<name> 0.0
Sco<email> 1.0
Sco<email> 0.0
Sco<id> 0.0
Sco<name> 1.0
Sco<email> 1.0
Sco<email> 1.0
Sco<id> 1.0
Sco<name> 0.777777777778
Sco<email> 1.0
Sco<email> 0.0
Sco<id> 0.0
Sco<name> 0.0
Sco<email> 1.0
Sco<email> 0.0
Sco<id> 0.0
Sco<name> 0.0
Sco<email> 1.0
Sco<email> 0.0
Sco<id> 0.0
Sco<name> 1.0
Sco<email> 1.0
Sco<email> 1.0
Sco<id> 1.0
Sco<name> 0.0
Sco<email> 1.0
Sco<email> 0.0
Sco<id> 0.0
Sco<name> 1.0
Sco<email> 1.0
Sco<email> 1.0
Sco<id> 1.0
Sco<name> 0.0
Sco<email> 1.0
Sco<email> 0.0
Sco<id> 0.0
Sco<name> 1.0
Sco<email> 1.0
Sco<email> 1.0
Sco<id> 1.0

Found so far: 99
Validated 40
Validations Failed 0
Tried 51000
Sco<name> 0.0
Sco<email> 1.0
Sco<email> 0.0
Sco<id> 0.0
Sco<name> 1.0
Sco<email> 1.0
Sco<email> 1.0
Sco<id> 1.0
Sco<name> 0.0
Sco<email> 1.0
Sco<email> 0.0
Sco<id> 0.0
Sco<name> 1.0
Sco<email> 1.0
Sco<email> 1.0
Sco<id> 1.0

Found so far: 103
Validated 42
Validations Failed 0
Tried 52000

Found so far: 103
Validated 42
Validations Failed 0
Tried 53000

Found so far: 103
Validated 42
Validations Failed 0
Tried 54000

Found so far: 103
Validated 42
Validations Failed 0
Tried 55000

Found so far: 103
Validated 42
Validations Failed 0
Tried 56000

Found so far: 103
Validated 42
Validations Failed 0
Tried 57000

Found so far: 103
Validated 42
Validations Failed 0
Tried 58000

Found so far: 103
Validated 42
Validations Failed 0
Tried 59000

Found so far: 103
Validated 42
Validations Failed 0
Tried 60000

Found so far: 103
Validated 42
Validations Failed 0
Tried 61000

Found so far: 103
Validated 42
Validations Failed 0
Tried 62000

Found so far: 103
Validated 42
Validations Failed 0
Tried 63000

Found so far: 103
Validated 42
Validations Failed 0
Tried 64000

Found so far: 103
Validated 42
Validations Failed 0
Tried 65000
Sco<name> 0.0
Sco<email> 1.0
Sco<email> 0.0
Sco<id> 0.0
Sco<name> 0.0
Sco<email> 1.0
Sco<email> 0.0
Sco<id> 0.0
Sco<name> 0.0
Sco<email> 1.0
Sco<email> 0.0
Sco<id> 0.0
Sco<name> 0.0
Sco<email> 1.0
Sco<email> 0.0
Sco<id> 0.0

Found so far: 107
Validated 42
Validations Failed 0
Tried 66000

Found so far: 107
Validated 42
Validations Failed 0
Tried 67000

Found so far: 107
Validated 42
Validations Failed 0
Tried 68000

Found so far: 107
Validated 42
Validations Failed 0
Tried 69000

Found so far: 107
Validated 42
Validations Failed 0
Tried 70000

Found so far: 107
Validated 42
Validations Failed 0
Tried 71000

Found so far: 107
Validated 42
Validations Failed 0
Tried 72000

Found so far: 107
Validated 42
Validations Failed 0
Tried 73000

Found so far: 107
Validated 42
Validations Failed 0
Tried 74000

Found so far: 107
Validated 42
Validations Failed 0
Tried 75000

Found so far: 107
Validated 42
Validations Failed 0
Tried 76000

Found so far: 107
Validated 42
Validations Failed 0
Tried 77000

Found so far: 107
Validated 42
Validations Failed 0
Tried 78000

Found so far: 107
Validated 42
Validations Failed 0
Tried 79000

Found so far: 107
Validated 42
Validations Failed 0
Tried 80000

Found so far: 107
Validated 42
Validations Failed 0
Tried 81000

Found so far: 107
Validated 42
Validations Failed 0
Tried 82000

Found so far: 107
Validated 42
Validations Failed 0
Tried 83000

Found so far: 107
Validated 42
Validations Failed 0
Tried 84000

Found so far: 107
Validated 42
Validations Failed 0
Tried 85000

Found so far: 107
Validated 42
Validations Failed 0
Tried 86000

Found so far: 107
Validated 42
Validations Failed 0
Tried 87000

Found so far: 107
Validated 42
Validations Failed 0
Tried 88000

Found so far: 107
Validated 42
Validations Failed 0
Tried 89000

Found so far: 107
Validated 42
Validations Failed 0
Tried 90000

Found so far: 107
Validated 42
Validations Failed 0
Tried 91000

Found so far: 107
Validated 42
Validations Failed 0
Tried 92000

Found so far: 107
Validated 42
Validations Failed 0
Tried 93000

Found so far: 107
Validated 42
Validations Failed 0
Tried 94000

Found so far: 107
Validated 42
Validations Failed 0
Tried 95000

Found so far: 107
Validated 42
Validations Failed 0
Tried 96000

Found so far: 107
Validated 42
Validations Failed 0
Tried 97000

Found so far: 107
Validated 42
Validations Failed 0
Tried 98000

Score: 3.0

Score: 3.0

Score: 3.0

Score: 3.0

Score: 3.0

Score: 3.0

Score: 3.0

Score: 3.0

Score: 3.0

Score: 3.0

Score: 3.0

Score: 3.0

Score: 3.0

Score: 3.0

Score: 3.0

Score: 3.0

Score: 3.0

Score: 3.0

Score: 3.0

Score: 3.0

Score: 3.0

Score: 3.0

Score: 3.0

Score: 3.0

Score: 3.0

Score: 3.0

Score: 3.0

Score: 3.0

Score: 3.0

Score: 3.0

Score: 4.0

Score: 4.0

Score: 4.0

Score: 4.0

Score: 4.0

Score: 4.0

Score: 4.0

Score: 4.0

Score: 4.0

Score: 4.0

Score: 4.0

Score: 4.0
Found: 107
Validated 42
Validations Failed 0
Tried 98306
