Not deleted City
Deleted City

Found so far: 0
Validated 0
Validations Failed 0
Tried 0

Found so far: 72
Validated 15
Validations Failed 0
Tried 1000

Found so far: 147
Validated 30
Validations Failed 0
Tried 2000

Found so far: 224
Validated 45
Validations Failed 0
Tried 3000

Found so far: 304
Validated 60
Validations Failed 0
Tried 4000

Found so far: 384
Validated 75
Validations Failed 0
Tried 5000

Found so far: 459
Validated 90
Validations Failed 0
Tried 6000

Found so far: 534
Validated 105
Validations Failed 0
Tried 7000

Found so far: 609
Validated 120
Validations Failed 0
Tried 8000

Found so far: 685
Validated 135
Validations Failed 0
Tried 9000

Found so far: 764
Validated 150
Validations Failed 0
Tried 10000

Found so far: 839
Validated 165
Validations Failed 0
Tried 11000

Found so far: 924
Validated 180
Validations Failed 0
Tried 12000

Found so far: 1004
Validated 195
Validations Failed 0
Tried 13000

Found so far: 1077
Validated 209
Validations Failed 0
Tried 14000

Found so far: 1152
Validated 224
Validations Failed 0
Tried 15000

Found so far: 1227
Validated 239
Validations Failed 0
Tried 16000

Found so far: 1306
Validated 254
Validations Failed 0
Tried 17000

Found so far: 1368
Validated 269
Validations Failed 0
Tried 18000

Found so far: 1428
Validated 284
Validations Failed 0
Tried 19000

Found so far: 1497
Validated 299
Validations Failed 0
Tried 20000

Found so far: 1557
Validated 314
Validations Failed 0
Tried 21000

Found so far: 1617
Validated 329
Validations Failed 0
Tried 22000

Found so far: 1681
Validated 344
Validations Failed 0
Tried 23000

Found so far: 1741
Validated 359
Validations Failed 0
Tried 24000

Found so far: 1801
Validated 374
Validations Failed 0
Tried 25000

Found so far: 1864
Validated 389
Validations Failed 0
Tried 26000

Found so far: 1921
Validated 403
Validations Failed 0
Tried 27000

Found so far: 1981
Validated 418
Validations Failed 0
Tried 28000

Found so far: 2045
Validated 433
Validations Failed 0
Tried 29000

Found so far: 2109
Validated 448
Validations Failed 0
Tried 30000

Found so far: 2169
Validated 463
Validations Failed 0
Tried 31000

Found so far: 2233
Validated 478
Validations Failed 0
Tried 32000

Found so far: 2297
Validated 493
Validations Failed 0
Tried 33000

Found so far: 2357
Validated 508
Validations Failed 0
Tried 34000

Found so far: 2422
Validated 523
Validations Failed 0
Tried 35000

Found so far: 2486
Validated 538
Validations Failed 0
Tried 36000

Found so far: 2551
Validated 553
Validations Failed 0
Tried 37000

Found so far: 2612
Validated 568
Validations Failed 0
Tried 38000

Found so far: 2672
Validated 583
Validations Failed 0
Tried 39000

Found so far: 2732
Validated 598
Validations Failed 0
Tried 40000

Found so far: 2794
Validated 612
Validations Failed 0
Tried 41000

Found so far: 2858
Validated 627
Validations Failed 0
Tried 42000

Found so far: 2919
Validated 642
Validations Failed 0
Tried 43000

Found so far: 2979
Validated 657
Validations Failed 0
Tried 44000

Found so far: 3043
Validated 672
Validations Failed 0
Tried 45000

Found so far: 3107
Validated 687
Validations Failed 0
Tried 46000

Found so far: 3168
Validated 702
Validations Failed 0
Tried 47000

Found so far: 3228
Validated 717
Validations Failed 0
Tried 48000

Found so far: 3288
Validated 732
Validations Failed 0
Tried 49000

Found so far: 3352
Validated 747
Validations Failed 0
Tried 50000

Found so far: 3412
Validated 762
Validations Failed 0
Tried 51000

Found so far: 3475
Validated 777
Validations Failed 0
Tried 52000

Found so far: 3537
Validated 792
Validations Failed 0
Tried 53000

Found so far: 3595
Validated 806
Validations Failed 0
Tried 54000

Found so far: 3655
Validated 821
Validations Failed 0
Tried 55000

Found so far: 3715
Validated 836
Validations Failed 0
Tried 56000

Found so far: 3776
Validated 851
Validations Failed 0
Tried 57000

Found so far: 3840
Validated 866
Validations Failed 0
Tried 58000

Found so far: 3904
Validated 881
Validations Failed 0
Tried 59000

Found so far: 3964
Validated 896
Validations Failed 0
Tried 60000

Found so far: 4027
Validated 911
Validations Failed 0
Tried 61000

Found so far: 4097
Validated 926
Validations Failed 0
Tried 62000

Found so far: 4163
Validated 941
Validations Failed 0
Tried 63000

Found so far: 4227
Validated 956
Validations Failed 0
Tried 64000

Found so far: 4296
Validated 971
Validations Failed 0
Tried 65000

Found so far: 4356
Validated 986
Validations Failed 0
Tried 66000

Found so far: 4413
Validated 1000
Validations Failed 0
Tried 67000

Found so far: 4472
Validated 1015
Validations Failed 0
Tried 68000

Found so far: 4537
Validated 1030
Validations Failed 0
Tried 69000

Found so far: 4597
Validated 1045
Validations Failed 0
Tried 70000

Found so far: 4657
Validated 1060
Validations Failed 0
Tried 71000

Found so far: 4717
Validated 1075
Validations Failed 0
Tried 72000

Found so far: 4781
Validated 1090
Validations Failed 0
Tried 73000

Found so far: 4841
Validated 1105
Validations Failed 0
Tried 74000

Found so far: 4909
Validated 1120
Validations Failed 0
Tried 75000

Found so far: 4971
Validated 1135
Validations Failed 0
Tried 76000

Found so far: 5035
Validated 1150
Validations Failed 0
Tried 77000

Found so far: 5095
Validated 1165
Validations Failed 0
Tried 78000

Found so far: 5155
Validated 1180
Validations Failed 0
Tried 79000

Found so far: 5214
Validated 1195
Validations Failed 0
Tried 80000

Found so far: 5273
Validated 1209
Validations Failed 0
Tried 81000

Found so far: 5336
Validated 1224
Validations Failed 0
Tried 82000

Found so far: 5396
Validated 1239
Validations Failed 0
Tried 83000

Found so far: 5457
Validated 1254
Validations Failed 0
Tried 84000

Found so far: 5517
Validated 1269
Validations Failed 0
Tried 85000

Found so far: 5578
Validated 1284
Validations Failed 0
Tried 86000

Found so far: 5642
Validated 1299
Validations Failed 0
Tried 87000

Found so far: 5702
Validated 1314
Validations Failed 0
Tried 88000

Found so far: 5762
Validated 1329
Validations Failed 0
Tried 89000

Found so far: 5822
Validated 1344
Validations Failed 0
Tried 90000

Found so far: 5882
Validated 1359
Validations Failed 0
Tried 91000

Found so far: 5942
Validated 1374
Validations Failed 0
Tried 92000

Found so far: 6001
Validated 1389
Validations Failed 0
Tried 93000

Found so far: 6059
Validated 1403
Validations Failed 0
Tried 94000

Found so far: 6124
Validated 1418
Validations Failed 0
Tried 95000

Found so far: 6184
Validated 1433
Validations Failed 0
Tried 96000

Found so far: 6244
Validated 1448
Validations Failed 0
Tried 97000

Found so far: 6304
Validated 1463
Validations Failed 0
Tried 98000

Found so far: 6364
Validated 1478
Validations Failed 0
Tried 99000

Found so far: 6424
Validated 1493
Validations Failed 0
Tried 100000

Found so far: 6488
Validated 1508
Validations Failed 0
Tried 101000

Found so far: 6550
Validated 1523
Validations Failed 0
Tried 102000

Found so far: 6611
Validated 1538
Validations Failed 0
Tried 103000

Found so far: 6671
Validated 1553
Validations Failed 0
Tried 104000

Found so far: 6739
Validated 1568
Validations Failed 0
Tried 105000

Found so far: 6799
Validated 1583
Validations Failed 0
Tried 106000

Found so far: 6857
Validated 1598
Validations Failed 0
Tried 107000

Found so far: 6919
Validated 1612
Validations Failed 0
Tried 108000

Found so far: 6983
Validated 1627
Validations Failed 0
Tried 109000

Found so far: 7044
Validated 1642
Validations Failed 0
Tried 110000

Found so far: 7104
Validated 1657
Validations Failed 0
Tried 111000

Found so far: 7169
Validated 1672
Validations Failed 0
Tried 112000

Found so far: 7229
Validated 1687
Validations Failed 0
Tried 113000

Found so far: 7293
Validated 1702
Validations Failed 0
Tried 114000

Found so far: 7353
Validated 1717
Validations Failed 0
Tried 115000

Found so far: 7413
Validated 1732
Validations Failed 0
Tried 116000

Found so far: 7473
Validated 1747
Validations Failed 0
Tried 117000

Found so far: 7533
Validated 1762
Validations Failed 0
Tried 118000

Found so far: 7593
Validated 1777
Validations Failed 0
Tried 119000

Found so far: 7662
Validated 1792
Validations Failed 0
Tried 120000

Found so far: 7720
Validated 1806
Validations Failed 0
Tried 121000

Found so far: 7784
Validated 1821
Validations Failed 0
Tried 122000

Found so far: 7852
Validated 1836
Validations Failed 0
Tried 123000

Found so far: 7912
Validated 1851
Validations Failed 0
Tried 124000

Found so far: 7972
Validated 1866
Validations Failed 0
Tried 125000

Found so far: 8036
Validated 1881
Validations Failed 0
Tried 126000

Found so far: 8096
Validated 1896
Validations Failed 0
Tried 127000

Found so far: 8156
Validated 1911
Validations Failed 0
Tried 128000

Found so far: 8216
Validated 1926
Validations Failed 0
Tried 129000

Found so far: 8279
Validated 1941
Validations Failed 0
Tried 130000

Found so far: 8343
Validated 1956
Validations Failed 0
Tried 131000

Found so far: 8407
Validated 1971
Validations Failed 0
Tried 132000

Found so far: 8467
Validated 1986
Validations Failed 0
Tried 133000

Found so far: 8530
Validated 2000
Validations Failed 0
Tried 134000

Found so far: 8591
Validated 2015
Validations Failed 0
Tried 135000

Found so far: 8651
Validated 2030
Validations Failed 0
Tried 136000

Found so far: 8711
Validated 2045
Validations Failed 0
Tried 137000

Found so far: 8772
Validated 2060
Validations Failed 0
Tried 138000

Found so far: 8832
Validated 2075
Validations Failed 0
Tried 139000

Found so far: 8896
Validated 2090
Validations Failed 0
Tried 140000

Found so far: 8956
Validated 2105
Validations Failed 0
Tried 141000

Found so far: 9016
Validated 2120
Validations Failed 0
Tried 142000

Found so far: 9080
Validated 2135
Validations Failed 0
Tried 143000

Found so far: 9140
Validated 2150
Validations Failed 0
Tried 144000

Found so far: 9204
Validated 2165
Validations Failed 0
Tried 145000

Found so far: 9269
Validated 2180
Validations Failed 0
Tried 146000

Found so far: 9327
Validated 2195
Validations Failed 0
Tried 147000

Found so far: 9389
Validated 2209
Validations Failed 0
Tried 148000

Found so far: 9449
Validated 2224
Validations Failed 0
Tried 149000

Found so far: 9509
Validated 2239
Validations Failed 0
Tried 150000

Found so far: 9569
Validated 2254
Validations Failed 0
Tried 151000

Found so far: 9633
Validated 2269
Validations Failed 0
Tried 152000

Found so far: 9693
Validated 2284
Validations Failed 0
Tried 153000

Found so far: 9754
Validated 2299
Validations Failed 0
Tried 154000

Found so far: 9815
Validated 2314
Validations Failed 0
Tried 155000

Found so far: 9884
Validated 2329
Validations Failed 0
Tried 156000

Found so far: 9952
Validated 2344
Validations Failed 0
Tried 157000

Found so far: 10020
Validated 2359
Validations Failed 0
Tried 158000

Found so far: 10080
Validated 2374
Validations Failed 0
Tried 159000

Found so far: 10141
Validated 2389
Validations Failed 0
Tried 160000

Found so far: 10202
Validated 2403
Validations Failed 0
Tried 161000

Found so far: 10263
Validated 2418
Validations Failed 0
Tried 162000

Found so far: 10324
Validated 2433
Validations Failed 0
Tried 163000

Found so far: 10388
Validated 2448
Validations Failed 0
Tried 164000

Found so far: 10456
Validated 2463
Validations Failed 0
Tried 165000

Found so far: 10516
Validated 2478
Validations Failed 0
Tried 166000

Found so far: 10579
Validated 2493
Validations Failed 0
Tried 167000

Found so far: 10641
Validated 2508
Validations Failed 0
Tried 168000

Found so far: 10702
Validated 2523
Validations Failed 0
Tried 169000

Found so far: 10764
Validated 2538
Validations Failed 0
Tried 170000

Found so far: 10824
Validated 2553
Validations Failed 0
Tried 171000

Found so far: 10885
Validated 2568
Validations Failed 0
Tried 172000

Found so far: 10949
Validated 2583
Validations Failed 0
Tried 173000

Found so far: 11008
Validated 2598
Validations Failed 0
Tried 174000

Found so far: 11066
Validated 2612
Validations Failed 0
Tried 175000

Found so far: 11126
Validated 2627
Validations Failed 0
Tried 176000

Found so far: 11190
Validated 2642
Validations Failed 0
Tried 177000

Found so far: 11254
Validated 2657
Validations Failed 0
Tried 178000

Found so far: 11326
Validated 2672
Validations Failed 0
Tried 179000

Found so far: 11386
Validated 2687
Validations Failed 0
Tried 180000

Found so far: 11454
Validated 2702
Validations Failed 0
Tried 181000

Found so far: 11514
Validated 2717
Validations Failed 0
Tried 182000

Found so far: 11582
Validated 2732
Validations Failed 0
Tried 183000

Found so far: 11642
Validated 2747
Validations Failed 0
Tried 184000

Found so far: 11703
Validated 2762
Validations Failed 0
Tried 185000

Found so far: 11763
Validated 2777
Validations Failed 0
Tried 186000

Found so far: 11822
Validated 2792
Validations Failed 0
Tried 187000

Found so far: 11883
Validated 2806
Validations Failed 0
Tried 188000

Found so far: 11945
Validated 2821
Validations Failed 0
Tried 189000

Found so far: 12007
Validated 2836
Validations Failed 0
Tried 190000

Found so far: 12068
Validated 2851
Validations Failed 0
Tried 191000

Found so far: 12133
Validated 2866
Validations Failed 0
Tried 192000

Found so far: 12194
Validated 2881
Validations Failed 0
Tried 193000

Found so far: 12258
Validated 2896
Validations Failed 0
Tried 194000

Found so far: 12318
Validated 2911
Validations Failed 0
Tried 195000

Found so far: 12383
Validated 2926
Validations Failed 0
Tried 196000

Found so far: 12444
Validated 2941
Validations Failed 0
Tried 197000

Found so far: 12504
Validated 2956
Validations Failed 0
Tried 198000

Found so far: 12572
Validated 2971
Validations Failed 0
Tried 199000

Found so far: 12637
Validated 2986
Validations Failed 0
Tried 200000

Found so far: 12698
Validated 3000
Validations Failed 0
Tried 201000

Found so far: 12758
Validated 3015
Validations Failed 0
Tried 202000

Found so far: 12820
Validated 3030
Validations Failed 0
Tried 203000

Found so far: 12880
Validated 3045
Validations Failed 0
Tried 204000

Found so far: 12940
Validated 3060
Validations Failed 0
Tried 205000

Found so far: 13009
Validated 3075
Validations Failed 0
Tried 206000

Found so far: 13069
Validated 3090
Validations Failed 0
Tried 207000

Found so far: 13133
Validated 3105
Validations Failed 0
Tried 208000

Found so far: 13197
Validated 3120
Validations Failed 0
Tried 209000

Found so far: 13257
Validated 3135
Validations Failed 0
Tried 210000

Found so far: 13321
Validated 3150
Validations Failed 0
Tried 211000

Found so far: 13382
Validated 3165
Validations Failed 0
Tried 212000

Found so far: 13448
Validated 3180
Validations Failed 0
Tried 213000

Found so far: 13507
Validated 3195
Validations Failed 0
Tried 214000

Found so far: 13567
Validated 3209
Validations Failed 0
Tried 215000

Found so far: 13627
Validated 3224
Validations Failed 0
Tried 216000

Found so far: 13699
Validated 3239
Validations Failed 0
Tried 217000

Found so far: 13760
Validated 3254
Validations Failed 0
Tried 218000

Found so far: 13821
Validated 3269
Validations Failed 0
Tried 219000

Found so far: 13881
Validated 3284
Validations Failed 0
Tried 220000

Found so far: 13941
Validated 3299
Validations Failed 0
Tried 221000

Found so far: 14001
Validated 3314
Validations Failed 0
Tried 222000

Found so far: 14062
Validated 3329
Validations Failed 0
Tried 223000

Found so far: 14131
Validated 3344
Validations Failed 0
Tried 224000

Found so far: 14191
Validated 3359
Validations Failed 0
Tried 225000

Found so far: 14251
Validated 3374
Validations Failed 0
Tried 226000

Found so far: 14310
Validated 3389
Validations Failed 0
Tried 227000

Found so far: 14375
Validated 3403
Validations Failed 0
Tried 228000

Found so far: 14435
Validated 3418
Validations Failed 0
Tried 229000

Found so far: 14500
Validated 3433
Validations Failed 0
Tried 230000

Found so far: 14561
Validated 3448
Validations Failed 0
Tried 231000

Found so far: 14625
Validated 3463
Validations Failed 0
Tried 232000

Found so far: 14690
Validated 3478
Validations Failed 0
Tried 233000

Found so far: 14750
Validated 3493
Validations Failed 0
Tried 234000

Found so far: 14814
Validated 3508
Validations Failed 0
Tried 235000

Found so far: 14876
Validated 3523
Validations Failed 0
Tried 236000

Found so far: 14939
Validated 3538
Validations Failed 0
Tried 237000

Found so far: 15001
Validated 3553
Validations Failed 0
Tried 238000

Found so far: 15061
Validated 3568
Validations Failed 0
Tried 239000

Found so far: 15121
Validated 3583
Validations Failed 0
Tried 240000

Found so far: 15183
Validated 3598
Validations Failed 0
Tried 241000

Found so far: 15242
Validated 3612
Validations Failed 0
Tried 242000

Found so far: 15310
Validated 3627
Validations Failed 0
Tried 243000

Found so far: 15371
Validated 3642
Validations Failed 0
Tried 244000

Found so far: 15431
Validated 3657
Validations Failed 0
Tried 245000

Found so far: 15491
Validated 3672
Validations Failed 0
Tried 246000

Found so far: 15552
Validated 3687
Validations Failed 0
Tried 247000

Found so far: 15613
Validated 3702
Validations Failed 0
Tried 248000

Found so far: 15674
Validated 3717
Validations Failed 0
Tried 249000

Found so far: 15734
Validated 3732
Validations Failed 0
Tried 250000

Found so far: 15794
Validated 3747
Validations Failed 0
Tried 251000

Found so far: 15858
Validated 3762
Validations Failed 0
Tried 252000

Found so far: 15918
Validated 3777
Validations Failed 0
Tried 253000

Found so far: 15976
Validated 3792
Validations Failed 0
Tried 254000

Found so far: 16038
Validated 3806
Validations Failed 0
Tried 255000

Found so far: 16098
Validated 3821
Validations Failed 0
Tried 256000

Found so far: 16158
Validated 3836
Validations Failed 0
Tried 257000

Found so far: 16219
Validated 3851
Validations Failed 0
Tried 258000

Found so far: 16279
Validated 3866
Validations Failed 0
Tried 259000

Found so far: 16343
Validated 3881
Validations Failed 0
Tried 260000

Found so far: 16403
Validated 3896
Validations Failed 0
Tried 261000

Found so far: 16471
Validated 3911
Validations Failed 0
Tried 262000

Found so far: 16531
Validated 3926
Validations Failed 0
Tried 263000

Found so far: 16591
Validated 3941
Validations Failed 0
Tried 264000

Found so far: 16651
Validated 3956
Validations Failed 0
Tried 265000

Found so far: 16715
Validated 3971
Validations Failed 0
Tried 266000

Found so far: 16775
Validated 3986
Validations Failed 0
Tried 267000

Found so far: 16836
Validated 4000
Validations Failed 0
Tried 268000

Found so far: 16895
Validated 4015
Validations Failed 0
Tried 269000

Found so far: 16955
Validated 4030
Validations Failed 0
Tried 270000

Found so far: 17015
Validated 4045
Validations Failed 0
Tried 271000

Found so far: 17075
Validated 4060
Validations Failed 0
Tried 272000

Found so far: 17136
Validated 4075
Validations Failed 0
Tried 273000

Score: 3.0

Score: 3.0

Score: 3.0

Score: 3.0

Score: 3.0

Score: 3.0

Score: 3.0

Score: 3.0

Score: 3.0

Score: 3.0

Score: 3.0

Score: 3.0

Score: 3.0

Score: 3.0

Score: 3.0

Score: 3.0

Score: 3.0

Score: 3.0

Score: 3.0

Score: 3.0

Score: 3.0

Score: 3.0

Score: 3.0

Score: 3.0

Score: 3.0

Score: 3.0

Score: 3.0

Score: 3.0

Score: 3.0

Score: 3.0

Score: 3.0

Score: 3.0

Score: 3.0

Score: 3.0

Score: 3.0

Score: 3.0

Score: 3.0

Score: 3.0

Score: 3.0

Score: 3.0

Score: 3.0

Score: 3.0

Score: 3.0

Score: 3.0

Score: 3.0

Score: 3.0

Score: 3.0

Score: 3.0

Score: 3.0

Score: 3.0

Score: 3.0

Score: 3.0

Score: 3.0

Score: 3.0

Score: 3.0

Score: 3.0

Score: 3.0

Score: 3.0

Score: 3.0

Score: 3.0

Score: 3.0

Score: 3.0

Score: 3.0

Score: 3.0

Score: 3.0

Score: 3.0

Score: 3.0

Score: 3.0

Score: 3.0

Score: 3.0

Score: 3.0

Score: 3.0

Score: 3.0

Score: 3.0

Score: 3.0

Score: 3.0

Score: 3.0

Score: 3.0

Score: 3.0

Score: 3.0

Score: 3.0

Score: 3.0

Score: 3.0

Score: 3.0

Score: 3.0

Score: 3.0

Score: 3.0

Score: 3.0

Score: 3.0

Score: 3.0

Score: 3.0

Score: 3.0

Score: 3.0

Score: 3.0

Score: 3.0

Score: 3.0

Score: 3.0

Score: 3.0

Score: 3.0

Score: 3.0

Score: 3.0

Score: 3.0

Score: 3.0

Score: 3.0

Score: 3.0

Score: 3.0

Score: 3.0

Score: 3.0

Score: 3.0

Score: 3.0

Score: 3.0

Score: 3.0

Score: 3.0

Score: 3.0

Score: 3.0

Score: 3.0

Score: 3.0

Score: 3.0

Score: 3.0

Score: 3.0

Score: 3.0

Score: 3.0

Score: 3.0

Score: 3.0

Score: 3.0

Score: 3.0

Score: 3.0

Score: 3.0

Score: 3.0

Score: 3.0

Score: 3.0

Score: 3.0

Score: 3.0

Score: 3.0

Score: 3.0

Score: 3.0

Score: 3.0

Score: 3.0

Score: 3.0

Score: 3.0

Score: 3.0

Score: 3.0

Score: 3.0

Score: 3.0

Score: 3.0

Score: 3.0

Score: 3.0

Score: 3.0

Score: 3.0

Score: 3.0

Score: 3.0

Score: 3.0

Score: 3.0

Score: 3.0

Score: 3.0

Score: 3.0

Score: 3.0

Score: 3.0

Score: 3.0

Score: 3.0

Score: 3.0

Score: 3.0

Score: 3.0

Score: 3.0

Score: 3.0

Score: 3.0

Score: 3.0

Score: 3.0

Score: 3.0

Score: 3.0

Score: 3.0

Score: 3.0

Score: 3.0

Score: 3.0

Score: 3.0

Score: 3.0

Score: 3.0

Score: 3.0

Score: 3.0

Score: 3.0

Score: 3.0

Score: 3.0

Score: 3.0

Score: 3.0

Score: 3.0

Score: 3.0

Score: 3.0

Score: 3.0

Score: 3.0

Score: 3.0

Score: 3.0

Score: 3.0

Score: 3.0

Score: 3.0

Score: 3.0

Score: 3.0

Score: 3.0

Score: 3.0

Score: 3.0

Score: 3.0

Score: 3.0

Score: 3.0

Score: 3.0

Score: 3.0

Score: 3.0

Score: 3.0

Score: 3.0

Score: 3.0

Score: 3.0

Score: 3.0

Score: 3.0

Score: 3.0

Score: 3.0

Score: 3.0

Score: 3.0

Score: 3.0

Score: 3.0

Score: 3.0

Score: 3.0

Score: 3.0

Score: 3.0

Score: 3.0

Score: 3.0

Score: 3.0

Score: 3.0

Score: 3.0

Score: 3.0

Score: 3.0

Score: 3.0

Score: 3.0

Score: 3.0

Score: 3.0

Score: 3.0

Score: 3.0

Score: 3.0

Score: 3.0

Score: 3.0

Score: 3.0

Score: 3.0

Score: 3.0

Score: 3.0

Score: 3.0

Score: 3.0

Score: 3.0

Score: 3.0

Score: 3.0

Score: 3.0

Score: 3.0

Score: 3.0

Score: 3.0

Score: 3.0

Score: 3.0

Score: 3.0

Score: 3.0

Score: 3.0

Score: 3.0

Score: 3.0

Score: 3.0

Score: 3.0

Score: 3.0

Score: 3.0

Score: 3.0

Score: 3.0

Score: 3.0

Score: 3.0

Score: 3.0

Score: 3.0

Score: 3.0

Score: 3.0

Score: 3.0

Score: 3.0

Score: 3.0

Score: 3.0

Score: 3.0

Score: 3.0

Score: 3.0

Score: 3.0

Score: 3.0

Score: 3.0

Score: 3.0

Score: 3.0

Score: 3.0

Score: 3.0

Score: 3.0

Score: 3.0

Score: 3.0

Score: 3.0

Score: 3.0

Score: 3.0

Score: 3.0

Score: 3.0

Score: 3.0

Score: 3.0

Score: 3.0

Score: 3.0

Score: 3.0

Score: 3.0

Score: 3.0

Score: 3.0

Score: 3.0

Score: 3.0

Score: 3.0

Score: 3.0

Score: 3.0

Score: 3.0

Score: 3.0

Score: 3.0

Score: 3.0

Score: 3.0

Score: 3.0

Score: 3.0

Score: 3.0

Score: 3.0

Score: 3.0

Score: 3.0

Score: 3.0

Score: 3.0

Score: 3.0

Score: 3.0

Score: 3.0

Score: 3.0

Score: 3.0

Score: 3.0

Score: 3.0

Score: 3.0

Score: 3.0

Score: 3.0

Score: 3.0

Score: 3.0

Score: 3.0

Score: 3.0

Score: 3.0

Score: 3.0

Score: 3.0

Score: 3.0

Score: 3.0

Score: 3.0

Score: 3.0

Score: 3.0

Score: 3.0

Score: 3.0

Score: 3.0

Score: 3.0

Score: 3.0

Score: 3.0

Score: 3.0

Score: 3.0

Score: 3.0

Score: 3.0

Score: 3.0

Score: 3.0

Score: 3.0

Score: 3.0

Score: 3.0

Score: 3.0

Score: 3.0

Score: 3.0

Score: 3.0

Score: 3.0

Score: 3.0

Score: 3.0

Score: 3.0

Score: 3.0

Score: 3.0

Score: 3.0

Score: 3.0

Score: 3.0

Score: 3.0

Score: 3.0

Score: 3.0

Score: 3.0

Score: 3.0

Score: 3.0

Score: 3.0

Score: 3.0

Score: 3.0

Score: 3.0

Score: 3.0

Score: 3.0

Score: 3.0

Score: 3.0

Score: 3.0

Score: 3.0

Score: 3.0

Score: 3.0

Score: 3.0

Score: 3.0

Score: 3.0

Score: 3.0

Score: 3.0

Score: 3.0

Score: 3.0

Score: 3.0

Score: 3.0

Score: 3.0

Score: 3.0

Score: 3.0

Score: 3.0

Score: 3.0

Score: 3.0

Score: 3.0

Score: 3.0

Score: 3.0

Score: 3.0

Score: 3.0

Score: 3.0

Score: 3.0

Score: 3.0

Score: 3.0

Score: 3.0

Score: 3.0

Score: 3.0

Score: 3.0

Score: 3.0

Score: 3.0

Score: 3.0

Score: 3.0

Score: 3.0

Score: 3.0

Score: 3.0

Score: 3.0

Score: 3.0

Score: 3.0

Score: 3.0

Score: 3.0

Score: 3.0

Score: 3.0

Score: 3.0

Score: 3.0

Score: 3.0

Score: 3.0

Score: 3.0

Score: 3.0

Score: 3.0

Score: 3.0

Score: 3.0

Score: 3.0

Score: 3.0

Score: 3.0

Score: 3.0

Score: 3.0

Score: 3.0

Score: 3.0

Score: 3.0

Score: 3.0

Score: 3.0

Score: 3.0

Score: 3.0

Score: 3.0

Score: 3.0

Score: 3.0

Score: 3.0

Score: 3.0

Score: 3.0

Score: 3.0

Score: 3.0

Score: 3.0

Score: 3.0

Score: 3.0

Score: 3.0

Score: 3.0

Score: 3.0

Score: 3.0

Score: 3.0

Score: 3.0

Score: 3.0

Score: 3.0

Score: 3.0

Score: 3.0

Score: 3.0

Score: 3.0

Score: 3.0

Score: 3.0

Score: 3.0

Score: 3.0

Score: 3.0

Score: 3.0

Score: 3.0

Score: 3.0

Score: 3.0

Score: 3.0

Score: 3.0

Score: 3.0

Score: 3.0

Score: 3.0

Score: 3.0

Score: 3.0

Score: 3.0

Score: 3.0

Score: 3.0

Score: 3.0

Score: 3.0

Score: 3.0

Score: 3.0

Score: 3.0

Score: 3.0

Score: 3.0

Score: 3.0

Score: 3.0

Score: 3.0

Score: 3.0

Score: 3.0

Score: 3.0

Score: 3.0

Score: 3.0

Score: 3.0

Score: 3.0

Score: 3.0

Score: 3.0

Score: 3.0

Score: 3.0

Score: 3.0

Score: 3.0

Score: 3.0

Score: 3.0

Score: 3.0

Score: 3.0

Score: 3.0

Score: 3.0

Score: 3.0

Score: 3.0

Score: 3.0

Score: 3.0

Score: 3.0

Score: 3.0

Score: 3.0

Score: 3.0

Score: 3.0

Score: 3.0

Score: 3.0

Score: 3.0

Score: 3.0

Score: 3.0

Score: 3.0

Score: 3.0

Score: 3.0

Score: 3.0

Score: 3.0

Score: 3.0

Score: 3.0

Score: 3.0

Score: 3.0

Score: 3.0

Score: 3.0

Score: 3.0

Score: 3.0

Score: 3.0

Score: 3.0

Score: 3.0

Score: 3.0

Score: 3.0

Score: 3.0

Score: 3.0

Score: 3.0

Score: 3.0

Score: 3.0

Score: 3.0

Score: 3.0

Score: 3.0

Score: 3.0

Score: 3.0

Score: 3.0

Score: 3.0

Score: 3.0

Score: 3.0

Score: 3.0

Score: 3.0

Score: 3.0

Score: 3.0

Score: 3.0

Score: 3.0

Score: 3.0

Score: 3.0

Score: 3.0

Score: 3.0

Score: 3.0

Score: 3.0

Score: 3.0

Score: 3.0

Score: 3.0

Score: 3.0

Score: 3.0

Score: 3.0

Score: 3.0

Score: 3.0

Score: 3.0

Score: 3.0

Score: 3.0

Score: 3.0

Score: 3.0

Score: 3.0

Score: 3.0

Score: 3.0

Score: 3.0

Score: 3.0

Score: 3.0

Score: 3.0

Score: 3.0

Score: 3.0

Score: 3.0

Score: 3.0

Score: 3.0

Score: 3.0

Score: 3.0

Score: 3.0

Score: 3.0

Score: 3.0

Score: 3.0

Score: 3.0

Score: 3.0

Score: 3.0

Score: 3.0

Score: 3.0

Score: 3.0

Score: 3.0

Score: 3.0

Score: 3.0

Score: 3.0

Score: 3.0

Score: 3.0

Score: 3.0

Score: 3.0

Score: 3.0

Score: 3.0

Score: 3.0

Score: 3.0

Score: 3.0

Score: 3.0

Score: 3.0

Score: 3.0

Score: 3.0

Score: 3.0

Score: 3.0

Score: 3.0

Score: 3.0

Score: 3.0

Score: 3.0

Score: 3.0

Score: 3.0

Score: 3.0

Score: 3.0

Score: 3.0

Score: 3.0

Score: 3.0

Score: 3.0

Score: 3.0

Score: 3.0

Score: 3.0

Score: 3.0

Score: 3.0

Score: 3.0

Score: 3.0

Score: 3.0

Score: 3.0

Score: 3.0

Score: 3.0

Score: 3.0

Score: 3.0

Score: 3.0

Score: 3.0

Score: 3.0

Score: 3.0

Score: 3.0

Score: 3.0

Score: 3.0

Score: 3.0

Score: 3.0

Score: 3.0

Score: 3.0

Score: 3.0

Score: 3.0

Score: 3.0

Score: 3.0

Score: 3.0

Score: 3.0

Score: 3.0

Score: 3.0

Score: 3.0

Score: 3.0

Score: 3.0

Score: 3.0

Score: 3.0

Score: 3.0

Score: 3.0

Score: 3.0

Score: 3.0

Score: 3.0

Score: 3.0

Score: 3.0

Score: 3.0

Score: 3.0

Score: 3.0

Score: 3.0

Score: 3.0

Score: 3.0

Score: 3.0

Score: 3.0

Score: 3.0

Score: 3.0

Score: 3.0

Score: 3.0

Score: 3.0

Score: 3.0

Score: 3.0

Score: 3.0

Score: 3.0

Score: 3.0

Score: 3.0

Score: 3.0

Score: 3.0

Score: 3.0

Score: 3.0

Score: 3.0

Score: 3.0

Score: 3.0

Score: 3.0

Score: 3.0

Score: 3.0

Score: 3.0

Score: 3.0

Score: 3.0

Score: 3.0

Score: 3.0

Score: 3.0

Score: 3.0

Score: 3.0

Score: 3.0

Score: 3.0

Score: 3.0

Score: 3.0

Score: 3.0

Score: 3.0

Score: 3.0

Score: 3.0

Score: 3.0

Score: 3.0

Score: 3.0

Score: 3.0

Score: 3.0

Score: 3.0

Score: 3.0

Score: 3.0

Score: 3.0

Score: 3.0

Score: 3.0

Score: 3.0

Score: 3.0

Score: 3.0

Score: 3.0

Score: 3.0

Score: 3.0

Score: 3.0

Score: 3.0

Score: 3.0

Score: 3.0

Score: 3.0

Score: 3.0

Score: 3.0

Score: 3.0

Score: 3.0

Score: 3.0

Score: 3.0

Score: 3.0

Score: 3.0

Score: 3.0

Score: 3.0

Score: 3.0

Score: 3.0

Score: 3.0

Score: 3.0

Score: 3.0

Score: 3.0

Score: 3.0

Score: 3.0

Score: 3.0

Score: 3.0

Score: 3.0

Score: 3.0

Score: 3.0

Score: 3.0

Score: 3.0

Score: 3.0

Score: 3.0

Score: 3.0

Score: 3.0

Score: 3.0

Score: 3.0

Score: 3.0

Score: 3.0

Score: 3.0

Score: 3.0

Score: 3.0

Score: 3.0

Score: 3.0

Score: 3.0

Score: 3.0

Score: 3.0

Score: 3.0

Score: 3.0

Score: 3.0

Score: 3.0

Score: 3.0

Score: 3.0

Score: 3.0

Score: 3.0

Score: 3.0

Score: 3.0

Score: 3.0

Score: 3.0

Score: 3.0

Score: 3.0

Score: 3.0

Score: 3.0

Score: 3.0

Score: 3.0

Score: 3.0

Score: 3.0

Score: 3.0

Score: 3.0

Score: 3.0

Score: 3.0

Score: 3.0

Score: 3.0

Score: 3.0

Score: 3.0

Score: 3.0

Score: 3.0

Score: 3.0

Score: 3.0

Score: 3.0

Score: 3.0

Score: 3.0

Score: 3.0

Score: 3.0

Score: 3.0

Score: 3.0

Score: 3.0

Score: 3.0

Score: 3.0

Score: 3.0

Score: 3.0

Score: 3.0

Score: 3.0

Score: 3.0

Score: 3.0

Score: 3.0

Score: 3.0

Score: 3.0

Score: 3.0

Score: 3.0

Score: 3.0

Score: 3.0

Score: 3.0

Score: 3.0

Score: 3.0

Score: 3.0

Score: 3.0

Score: 3.0

Score: 3.0

Score: 3.0

Score: 3.0

Score: 3.0

Score: 3.0

Score: 3.0

Score: 3.0

Score: 3.0

Score: 3.0

Score: 3.0

Score: 3.0

Score: 3.0

Score: 3.0

Score: 3.0

Score: 3.0

Score: 3.0

Score: 3.0

Score: 3.0

Score: 3.0

Score: 3.0

Score: 3.0

Score: 3.0

Score: 3.0

Score: 3.0

Score: 3.0

Score: 3.0

Score: 3.0

Score: 3.0

Score: 3.0

Score: 3.0

Score: 3.0

Score: 3.0

Score: 3.0

Score: 3.0

Score: 3.0

Score: 3.0

Score: 3.0

Score: 3.0

Score: 3.0

Score: 3.0

Score: 3.0

Score: 3.0

Score: 3.0

Score: 3.0

Score: 3.0

Score: 3.0

Score: 3.0

Score: 3.0

Score: 3.0

Score: 3.0

Score: 3.0

Score: 3.0

Score: 3.0

Score: 3.0

Score: 3.0

Score: 3.0

Score: 3.0

Score: 3.0

Score: 3.0

Score: 3.0

Score: 3.0

Score: 3.0

Score: 3.0

Score: 3.0

Score: 3.0

Score: 3.0

Score: 3.0

Score: 3.0

Score: 3.0

Score: 3.0

Score: 3.0

Score: 3.0

Score: 3.0

Score: 3.0

Score: 3.0

Score: 3.0

Score: 3.0

Score: 3.0

Score: 3.0

Score: 3.0

Score: 3.0

Score: 3.0

Score: 3.0

Score: 3.0

Score: 3.0

Score: 3.0

Score: 3.0

Score: 3.0

Score: 3.0

Score: 3.0

Score: 3.0

Score: 3.0

Score: 3.0

Score: 3.0

Score: 3.0

Score: 3.0

Score: 3.0

Score: 3.0

Score: 3.0

Score: 3.0

Score: 3.0

Score: 3.0

Score: 3.0

Score: 3.0

Score: 3.0

Score: 3.0

Score: 3.0

Score: 3.0

Score: 3.0

Score: 3.0

Score: 3.0

Score: 3.0

Score: 3.0

Score: 3.0

Score: 3.0

Score: 3.0

Score: 3.0

Score: 3.0

Score: 3.0

Score: 3.0

Score: 3.0

Score: 3.0

Score: 3.0

Score: 3.0

Score: 3.0

Score: 3.0

Score: 3.0

Score: 3.0

Score: 3.0

Score: 3.0

Score: 3.0

Score: 3.0

Score: 3.0

Score: 3.0

Score: 3.0

Score: 3.0

Score: 3.0

Score: 3.0

Score: 3.0

Score: 3.0

Score: 3.0

Score: 3.0

Score: 3.0

Score: 3.0

Score: 3.0

Score: 3.0

Score: 3.0

Score: 3.0

Score: 3.0

Score: 3.0

Score: 3.0

Score: 3.0

Score: 3.0

Score: 3.0

Score: 3.0

Score: 3.0

Score: 3.0

Score: 3.0

Score: 3.0

Score: 3.0

Score: 3.0

Score: 3.0

Score: 3.0

Score: 3.0

Score: 3.0

Score: 3.0

Score: 3.0

Score: 3.0

Score: 3.0

Score: 3.0

Score: 3.0

Score: 3.0

Score: 3.0

Score: 3.0

Score: 3.0

Score: 3.0

Score: 3.0

Score: 3.0

Score: 3.0

Score: 3.0

Score: 3.0

Score: 3.0

Score: 3.0

Score: 3.0

Score: 3.0

Score: 3.0

Score: 3.0

Score: 3.0

Score: 3.0

Score: 3.0

Score: 3.0

Score: 3.0

Score: 3.0

Score: 3.0

Score: 3.0

Score: 3.0

Score: 3.0

Score: 3.0

Score: 3.0

Score: 3.0

Score: 3.0

Score: 3.0

Score: 3.0

Score: 3.0

Score: 3.0

Score: 3.0

Score: 3.0

Score: 3.0

Score: 3.0

Score: 3.0

Score: 3.0

Score: 3.0

Score: 3.0

Score: 3.0

Score: 3.0

Score: 3.0

Score: 3.0

Score: 3.0

Score: 3.0

Score: 3.0

Score: 3.0

Score: 3.0

Score: 3.0

Score: 3.0

Score: 3.0

Score: 3.0

Score: 3.0

Score: 3.0

Score: 3.0

Score: 3.0

Score: 3.0

Score: 3.0

Score: 3.0

Score: 3.0

Score: 3.0

Score: 3.0

Score: 3.0

Score: 3.0

Score: 3.0

Score: 3.0

Score: 3.0

Score: 3.0

Score: 3.0

Score: 3.0

Score: 3.0

Score: 3.0

Score: 3.0

Score: 3.0

Score: 3.0

Score: 3.0

Score: 3.0

Score: 3.0

Score: 3.0

Score: 3.0

Score: 3.0

Score: 3.0

Score: 3.0

Score: 3.0

Score: 3.0

Score: 3.0

Score: 3.0

Score: 3.0

Score: 3.0

Score: 3.0

Score: 3.0

Score: 3.0

Score: 3.0

Score: 3.0

Score: 3.0

Score: 3.0

Score: 3.0

Score: 3.0

Score: 3.0

Score: 3.0

Score: 3.0

Score: 3.0

Score: 3.0

Score: 3.0

Score: 3.0

Score: 3.0

Score: 3.0

Score: 3.0

Score: 3.0

Score: 3.0

Score: 3.0

Score: 3.0

Score: 3.0

Score: 3.0

Score: 3.0

Score: 3.0

Score: 3.0

Score: 3.0

Score: 3.0

Score: 3.0

Score: 3.0

Score: 3.0

Score: 3.0

Score: 3.0

Score: 3.0

Score: 3.0

Score: 3.0

Score: 3.0

Score: 3.0

Score: 3.0

Score: 3.0

Score: 3.0

Score: 3.0

Score: 3.0

Score: 3.0

Score: 3.0

Score: 3.0

Score: 3.0

Score: 3.0

Score: 3.0

Score: 3.0

Score: 3.0

Score: 3.0

Score: 3.0

Score: 3.0

Score: 3.0

Score: 3.0

Score: 3.0

Score: 3.0

Score: 3.0

Score: 3.0

Score: 3.0

Score: 3.0

Score: 3.0

Score: 3.0

Score: 3.0

Score: 3.0

Score: 3.0

Score: 3.0

Score: 3.0

Score: 3.0

Score: 3.0

Score: 3.0

Score: 3.0

Score: 3.0

Score: 3.0

Score: 3.0

Score: 3.0

Score: 3.0

Score: 3.0

Score: 3.0

Score: 3.0

Score: 3.0

Score: 3.0

Score: 3.0

Score: 3.0

Score: 3.0

Score: 3.0

Score: 3.0

Score: 3.0

Score: 3.0

Score: 3.0

Score: 3.0

Score: 3.0

Score: 3.0

Score: 3.0

Score: 3.0

Score: 3.0

Score: 3.0

Score: 3.0

Score: 3.0

Score: 3.0

Score: 3.0

Score: 3.0

Score: 3.0

Score: 3.0

Score: 3.0

Score: 3.0

Score: 3.0

Score: 3.0

Score: 3.0

Score: 3.0

Score: 3.0

Score: 3.0

Score: 3.0

Score: 3.0

Score: 3.0

Score: 3.0

Score: 3.0

Score: 3.0

Score: 3.0

Score: 3.0

Score: 3.0

Score: 3.0

Score: 3.0

Score: 3.0

Score: 3.0

Score: 3.0

Score: 3.0

Score: 3.0

Score: 3.0

Score: 3.0

Score: 3.0

Score: 3.0

Score: 3.0

Score: 3.0

Score: 3.0

Score: 3.0

Score: 3.0

Score: 3.0

Score: 3.0

Score: 3.0

Score: 3.0

Score: 3.0

Score: 3.0

Score: 3.0

Score: 3.0

Score: 3.0

Score: 3.0

Score: 3.0

Score: 3.0

Score: 3.0

Score: 3.0

Score: 3.0

Score: 3.0

Score: 3.0

Score: 3.0

Score: 3.0

Score: 3.0

Score: 3.0

Score: 3.0

Score: 3.0

Score: 3.0

Score: 3.0

Score: 3.0

Score: 3.0

Score: 3.0

Score: 3.0

Score: 3.0

Score: 3.0

Score: 3.0

Score: 3.0

Score: 3.0

Score: 3.0

Score: 3.0

Score: 3.0

Score: 3.0

Score: 3.0

Score: 3.0

Score: 3.0

Score: 3.0

Score: 3.0

Score: 3.0

Score: 3.0

Score: 3.0

Score: 3.0

Score: 3.0

Score: 3.0

Score: 3.0

Score: 3.0

Score: 3.0

Score: 3.0

Score: 3.0

Score: 3.0

Score: 3.0

Score: 3.0

Score: 3.0

Score: 3.0

Score: 3.0

Score: 3.0

Score: 3.0

Score: 3.0

Score: 3.0

Score: 3.0

Score: 3.0

Score: 3.0

Score: 3.0

Score: 3.0

Score: 3.0

Score: 3.0

Score: 3.0

Score: 3.0

Score: 3.0

Score: 3.0

Score: 3.0

Score: 3.0

Score: 3.0

Score: 3.0

Score: 3.0

Score: 3.0

Score: 3.0

Score: 3.0

Score: 3.0

Score: 3.0

Score: 3.0

Score: 3.0

Score: 3.0

Score: 3.0

Score: 3.0

Score: 3.0

Score: 3.0

Score: 3.0

Score: 3.0

Score: 3.0

Score: 3.0

Score: 3.0

Score: 3.0

Score: 3.0

Score: 3.0

Score: 3.0

Score: 3.0

Score: 3.0

Score: 3.0

Score: 3.0

Score: 3.0

Score: 3.0

Score: 3.0

Score: 3.0

Score: 3.0

Score: 3.0

Score: 3.0

Score: 3.0

Score: 3.0

Score: 3.0

Score: 3.0

Score: 3.0

Score: 3.0

Score: 3.0

Score: 3.0

Score: 3.0

Score: 3.0

Score: 3.0

Score: 3.0

Score: 3.0

Score: 3.0

Score: 3.0

Score: 3.0

Score: 3.0

Score: 3.0

Score: 3.0

Score: 3.0

Score: 3.0

Score: 3.0

Score: 3.0

Score: 3.0

Score: 3.0

Score: 3.0

Score: 3.0

Score: 3.0

Score: 3.0

Score: 3.0

Score: 3.0

Score: 3.0

Score: 3.0

Score: 3.0

Score: 3.0

Score: 3.0

Score: 3.0

Score: 3.0

Score: 3.0

Score: 3.0

Score: 3.0

Score: 3.0

Score: 3.0

Score: 3.0

Score: 3.0

Score: 3.0

Score: 3.0

Score: 3.0

Score: 3.0

Score: 3.0

Score: 3.0

Score: 3.0

Score: 3.0

Score: 3.0

Score: 3.0

Score: 3.0

Score: 3.0

Score: 3.0

Score: 3.0

Score: 3.0

Score: 3.0

Score: 3.0

Score: 3.0

Score: 3.0

Score: 3.0

Score: 3.0

Score: 3.0

Score: 3.0

Score: 3.0

Score: 3.0

Score: 3.0

Score: 3.0

Score: 3.0

Score: 3.0

Score: 3.0

Score: 3.0

Score: 3.0

Score: 3.0

Score: 3.0

Score: 3.0

Score: 3.0

Score: 3.0

Score: 3.0

Score: 3.0

Score: 3.0

Score: 3.0

Score: 3.0

Score: 3.0

Score: 3.0

Score: 3.0

Score: 3.0

Score: 3.0

Score: 3.0

Score: 3.0

Score: 3.0

Score: 3.0

Score: 3.0

Score: 3.0

Score: 3.0

Score: 3.0

Score: 3.0

Score: 3.0

Score: 3.0

Score: 3.0

Score: 3.0

Score: 3.0

Score: 3.0

Score: 3.0

Score: 3.0

Score: 3.0

Score: 3.0

Score: 3.0

Score: 3.0

Score: 3.0

Score: 3.0

Score: 3.0

Score: 3.0

Score: 3.0

Score: 3.0

Score: 3.0

Score: 3.0

Score: 3.0

Score: 3.0

Score: 3.0

Score: 3.0

Score: 3.0

Score: 3.0

Score: 3.0

Score: 3.0

Score: 3.0

Score: 3.0

Score: 3.0

Score: 3.0

Score: 3.0

Score: 3.0

Score: 3.0

Score: 3.0

Score: 3.0

Score: 3.0

Score: 3.0

Score: 3.0

Score: 3.0

Score: 3.0

Score: 3.0

Score: 3.0

Score: 3.0

Score: 3.0

Score: 3.0

Score: 3.0

Score: 3.0

Score: 3.0

Score: 3.0

Score: 3.0

Score: 3.0

Score: 3.0

Score: 3.0

Score: 3.0

Score: 3.0

Score: 3.0

Score: 3.0

Score: 3.0

Score: 3.0

Score: 3.0

Score: 3.0

Score: 3.0

Score: 3.0

Score: 3.0

Score: 3.0

Score: 3.0

Score: 3.0

Score: 3.0

Score: 3.0

Score: 3.0

Score: 3.0

Score: 3.0

Score: 3.0

Score: 3.0

Score: 3.0

Score: 3.0

Score: 3.0

Score: 3.0

Score: 3.0

Score: 3.0

Score: 3.0

Score: 3.0

Score: 3.0

Score: 3.0

Score: 3.0

Score: 3.0

Score: 3.0

Score: 3.0

Score: 3.0

Score: 3.0

Score: 3.0

Score: 3.0

Score: 3.0

Score: 3.0

Score: 3.0

Score: 3.0

Score: 3.0

Score: 3.0

Score: 3.0

Score: 3.0

Score: 3.0

Score: 3.0

Score: 3.0

Score: 3.0

Score: 3.0

Score: 3.0

Score: 3.0

Score: 3.0

Score: 3.0

Score: 3.0

Score: 3.0

Score: 3.0

Score: 3.0

Score: 3.0

Score: 3.0

Score: 3.0

Score: 3.0

Score: 3.0

Score: 3.0

Score: 3.0

Score: 3.0

Score: 3.0

Score: 3.0

Score: 3.0

Score: 3.0

Score: 3.0

Score: 3.0

Score: 3.0

Score: 3.0

Score: 3.0

Score: 3.0

Score: 3.0

Score: 3.0

Score: 3.0

Score: 3.0

Score: 3.0

Score: 3.0

Score: 3.0

Score: 3.0

Score: 3.0

Score: 3.0

Score: 3.0

Score: 3.0

Score: 3.0

Score: 3.0

Score: 3.0

Score: 3.0

Score: 3.0

Score: 3.0

Score: 3.0

Score: 3.0

Score: 3.0

Score: 3.0

Score: 3.0

Score: 3.0

Score: 3.0

Score: 3.0

Score: 3.0

Score: 3.0

Score: 3.0

Score: 3.0

Score: 3.0

Score: 3.0

Score: 3.0

Score: 3.0

Score: 3.0

Score: 3.0

Score: 3.0

Score: 3.0

Score: 3.0

Score: 3.0

Score: 3.0

Score: 3.0

Score: 3.0

Score: 3.0

Score: 3.0

Score: 3.0

Score: 3.0

Score: 3.0

Score: 3.0

Score: 3.0

Score: 3.0

Score: 3.0

Score: 3.0

Score: 3.0

Score: 3.0

Score: 3.0

Score: 3.0

Score: 3.0

Score: 3.0

Score: 3.0

Score: 3.0

Score: 3.0

Score: 3.0

Score: 3.0

Score: 3.0

Score: 3.0

Score: 3.0

Score: 3.0

Score: 3.0

Score: 3.0

Score: 3.0

Score: 3.0

Score: 3.0

Score: 3.0

Score: 3.0

Score: 3.0

Score: 3.0

Score: 3.0

Score: 3.0

Score: 3.0

Score: 3.0

Score: 3.0

Score: 3.0

Score: 3.0

Score: 3.0

Score: 3.0

Score: 3.0

Score: 3.0

Score: 3.0

Score: 3.0

Score: 3.0

Score: 3.0

Score: 3.0

Score: 3.0

Score: 3.0

Score: 3.0

Score: 3.0

Score: 3.0

Score: 3.0

Score: 3.0

Score: 3.0

Score: 3.0

Score: 3.0

Score: 3.0

Score: 3.0

Score: 3.0

Score: 3.0

Score: 3.0

Score: 3.0

Score: 3.0

Score: 3.0

Score: 3.0

Score: 3.0

Score: 3.0

Score: 3.0

Score: 3.0

Score: 3.0

Score: 3.0

Score: 3.0

Score: 3.0

Score: 3.0

Score: 3.0

Score: 3.0

Score: 3.0

Score: 3.0

Score: 3.0

Score: 3.0

Score: 3.0

Score: 3.0

Score: 3.0

Score: 3.0

Score: 3.0

Score: 3.0

Score: 3.0

Score: 3.0

Score: 3.0

Score: 3.0

Score: 3.0

Score: 3.0

Score: 3.0

Score: 3.0

Score: 3.0

Score: 3.0

Score: 3.0

Score: 3.0

Score: 3.0

Score: 3.0

Score: 3.0

Score: 3.0

Score: 3.0

Score: 3.0

Score: 3.0

Score: 3.0

Score: 3.0

Score: 3.0

Score: 3.0

Score: 3.0

Score: 3.0

Score: 3.0

Score: 3.0

Score: 3.0

Score: 3.0

Score: 3.0

Score: 3.0

Score: 3.0

Score: 3.0

Score: 3.0

Score: 3.0

Score: 3.0

Score: 3.0

Score: 3.0

Score: 3.0

Score: 3.0

Score: 3.0

Score: 3.0

Score: 3.0

Score: 3.0

Score: 3.0

Score: 3.0

Score: 3.0

Score: 3.0

Score: 3.0

Score: 3.0

Score: 3.0

Score: 3.0

Score: 3.0

Score: 3.0

Score: 3.0

Score: 3.0

Score: 3.0

Score: 3.0

Score: 3.0

Score: 3.0

Score: 3.0

Score: 3.0

Score: 3.0

Score: 3.0

Score: 3.0

Score: 3.0

Score: 3.0

Score: 3.0

Score: 3.0

Score: 3.0

Score: 3.0

Score: 3.0

Score: 3.0

Score: 3.0

Score: 3.0

Score: 3.0

Score: 3.0

Score: 3.0

Score: 3.0

Score: 3.0

Score: 3.0

Score: 3.0

Score: 3.0

Score: 3.0

Score: 3.0

Score: 3.0

Score: 3.0

Score: 3.0

Score: 3.0

Score: 3.0

Score: 3.0

Score: 3.0

Score: 3.0

Score: 3.0

Score: 3.0

Score: 3.0

Score: 3.0

Score: 3.0

Score: 3.0

Score: 3.0

Score: 3.0

Score: 3.0

Score: 3.0

Score: 3.0

Score: 3.0

Score: 3.0

Score: 3.0

Score: 3.0

Score: 3.0

Score: 3.0

Score: 3.0

Score: 3.0

Score: 3.0

Score: 3.0

Score: 3.0

Score: 3.0

Score: 3.0

Score: 3.0

Score: 3.0

Score: 3.0

Score: 3.0

Score: 3.0

Score: 3.0

Score: 3.0

Score: 3.0

Score: 3.0

Score: 3.0

Score: 3.0

Score: 3.0

Score: 3.0

Score: 3.0

Score: 3.0

Score: 3.0

Score: 3.0

Score: 3.0

Score: 3.0

Score: 3.0

Score: 3.0

Score: 3.0

Score: 3.0

Score: 3.0

Score: 3.0

Score: 3.0

Score: 3.0

Score: 3.0

Score: 3.0

Score: 3.0

Score: 3.0

Score: 3.0

Score: 3.0

Score: 3.0

Score: 3.0

Score: 3.0

Score: 3.0

Score: 3.0

Score: 3.0

Score: 3.0

Score: 3.0

Score: 3.0

Score: 3.0

Score: 3.0

Score: 3.0

Score: 3.0

Score: 3.0

Score: 3.0

Score: 3.0

Score: 3.0

Score: 3.0

Score: 3.0

Score: 3.0

Score: 3.0

Score: 3.0

Score: 3.0

Score: 3.0

Score: 3.0

Score: 3.0

Score: 3.0

Score: 3.0

Score: 3.0

Score: 3.0

Score: 3.0

Score: 3.0

Score: 3.0

Score: 3.0

Score: 3.0

Score: 3.0

Score: 3.0

Score: 3.0

Score: 3.0

Score: 3.0

Score: 3.0

Score: 3.0

Score: 3.0

Score: 3.0

Score: 3.0

Score: 3.0

Score: 3.0

Score: 3.0

Score: 3.0

Score: 3.0

Score: 3.0

Score: 3.0

Score: 3.0

Score: 3.0

Score: 3.0

Score: 3.0

Score: 3.0

Score: 3.0

Score: 3.0

Score: 3.0

Score: 3.0

Score: 3.0

Score: 3.0

Score: 3.0

Score: 3.0

Score: 3.0

Score: 3.0

Score: 3.0

Score: 3.0

Score: 3.0

Score: 3.0

Score: 3.0

Score: 3.0

Score: 3.0

Score: 3.0

Score: 3.0

Score: 3.0

Score: 3.0

Score: 3.0

Score: 3.0

Score: 3.0

Score: 3.0

Score: 3.0

Score: 3.0

Score: 3.0

Score: 3.0

Score: 3.0

Score: 3.0

Score: 3.0

Score: 3.0

Score: 3.0

Score: 3.0

Score: 3.0

Score: 3.0

Score: 3.0

Score: 3.0

Score: 3.0

Score: 3.0

Score: 3.0

Score: 3.0

Score: 3.0

Score: 3.0

Score: 3.0

Score: 3.0

Score: 3.0

Score: 3.0

Score: 3.0

Score: 3.0

Score: 3.0

Score: 3.0

Score: 3.0

Score: 3.0

Score: 3.0

Score: 3.0

Score: 3.0

Score: 3.0

Score: 3.0

Score: 3.0

Score: 3.0

Score: 3.0

Score: 3.0

Score: 3.0

Score: 3.0

Score: 3.0

Score: 3.0

Score: 3.0

Score: 3.0

Score: 3.0

Score: 3.0

Score: 3.0

Score: 3.0

Score: 3.0

Score: 3.0

Score: 3.0

Score: 3.0

Score: 3.0

Score: 3.0

Score: 3.0

Score: 3.0

Score: 3.0

Score: 3.0

Score: 3.0

Score: 3.0

Score: 3.0

Score: 3.0

Score: 3.0

Score: 3.0

Score: 3.0

Score: 3.0

Score: 3.0

Score: 3.0

Score: 3.0

Score: 3.0

Score: 3.0

Score: 3.0

Score: 3.0

Score: 3.0

Score: 3.0

Score: 3.0

Score: 3.0

Score: 3.0

Score: 3.0

Score: 3.0

Score: 3.0

Score: 3.0

Score: 3.0

Score: 3.0

Score: 3.0

Score: 3.0

Score: 3.0

Score: 3.0

Score: 3.0

Score: 3.0

Score: 3.0

Score: 3.0

Score: 3.0

Score: 3.0

Score: 3.0

Score: 3.0

Score: 3.0

Score: 3.0

Score: 3.0

Score: 3.0

Score: 3.0

Score: 3.0

Score: 3.0

Score: 3.0

Score: 3.0

Score: 3.0

Score: 3.0

Score: 3.0

Score: 3.0

Score: 3.0

Score: 3.0

Score: 3.0

Score: 3.0

Score: 3.0

Score: 3.0

Score: 3.0

Score: 3.0

Score: 3.0

Score: 3.0

Score: 3.0

Score: 3.0

Score: 3.0

Score: 3.0

Score: 3.0

Score: 3.0

Score: 3.0

Score: 3.0

Score: 3.0

Score: 3.0

Score: 3.0

Score: 3.0

Score: 3.0

Score: 3.0

Score: 3.0

Score: 3.0

Score: 3.0

Score: 3.0

Score: 3.0

Score: 3.0

Score: 3.0

Score: 3.0

Score: 3.0

Score: 3.0

Score: 3.0

Score: 3.0

Score: 3.0

Score: 3.0

Score: 3.0

Score: 3.0

Score: 3.0

Score: 3.0

Score: 3.0

Score: 3.0

Score: 3.0

Score: 3.0

Score: 3.0

Score: 3.0

Score: 3.0

Score: 3.0

Score: 3.0

Score: 3.0

Score: 3.0

Score: 3.0

Score: 3.0

Score: 3.0

Score: 3.0

Score: 3.0

Score: 3.0

Score: 3.0

Score: 3.0

Score: 3.0

Score: 3.0

Score: 3.0

Score: 3.0

Score: 3.0

Score: 3.0

Score: 3.0

Score: 3.0

Score: 3.0

Score: 3.0

Score: 3.0

Score: 3.0

Score: 3.0

Score: 3.0

Score: 3.0

Score: 3.0

Score: 3.0

Score: 3.0

Score: 3.0

Score: 3.0

Score: 3.0

Score: 3.0

Score: 3.0

Score: 3.0

Score: 3.0

Score: 3.0

Score: 3.0

Score: 3.0

Score: 3.0

Score: 3.0

Score: 3.0

Score: 3.0

Score: 3.0

Score: 3.0

Score: 3.0

Score: 3.0

Score: 3.0

Score: 3.0

Score: 3.0

Score: 3.0

Score: 3.0

Score: 3.0

Score: 3.0

Score: 3.0

Score: 3.0

Score: 3.0

Score: 3.0

Score: 3.0

Score: 3.0

Score: 3.0

Score: 3.0

Score: 3.0

Score: 3.0

Score: 3.0

Score: 3.0

Score: 3.0

Score: 3.0

Score: 3.0

Score: 3.0

Score: 3.0

Score: 3.0

Score: 3.0

Score: 3.0

Score: 3.0

Score: 3.0

Score: 3.0

Score: 3.0

Score: 3.0

Score: 3.0

Score: 3.0

Score: 3.0

Score: 3.0

Score: 3.0

Score: 3.0

Score: 3.0

Score: 3.0

Score: 3.0

Score: 3.0

Score: 3.0

Score: 3.0

Score: 3.0

Score: 3.0

Score: 3.0

Score: 3.0

Score: 3.0

Score: 3.0

Score: 3.0

Score: 3.0

Score: 3.0

Score: 3.0

Score: 3.0

Score: 3.0

Score: 3.0

Score: 3.0

Score: 3.0

Score: 3.0

Score: 3.0

Score: 3.0

Score: 3.0

Score: 3.0

Score: 3.0

Score: 3.0

Score: 3.0

Score: 3.0

Score: 3.0

Score: 3.0

Score: 3.0

Score: 3.0

Score: 3.0

Score: 3.0

Score: 3.0

Score: 3.0

Score: 3.0

Score: 3.0

Score: 3.0

Score: 3.0

Score: 3.0

Score: 3.0

Score: 3.0

Score: 3.0

Score: 3.0

Score: 3.0

Score: 3.0

Score: 3.0

Score: 3.0

Score: 3.0

Score: 3.0

Score: 3.0

Score: 3.0

Score: 3.0

Score: 3.0

Score: 3.0

Score: 3.0

Score: 3.0

Score: 3.0

Score: 3.0

Score: 3.0

Score: 3.0

Score: 3.0

Score: 3.0

Score: 3.0

Score: 3.0

Score: 3.0

Score: 3.0

Score: 3.0

Score: 3.0

Score: 3.0

Score: 3.0

Score: 3.0

Score: 3.0

Score: 3.0

Score: 3.0

Score: 3.0

Score: 3.0

Score: 3.0

Score: 3.0

Score: 3.0

Score: 3.0

Score: 3.0

Score: 3.0

Score: 3.0

Score: 3.0

Score: 3.0

Score: 3.0

Score: 3.0

Score: 3.0

Score: 3.0

Score: 3.0

Score: 3.0

Score: 3.0

Score: 3.0

Score: 3.0

Score: 3.0

Score: 3.0

Score: 3.0

Score: 3.0

Score: 3.0

Score: 3.0

Score: 3.0

Score: 3.0

Score: 3.0

Score: 3.0

Score: 3.0

Score: 3.0

Score: 3.0

Score: 3.0

Score: 3.0

Score: 3.0

Score: 3.0

Score: 3.0

Score: 3.0

Score: 3.0

Score: 3.0

Score: 3.0

Score: 3.0

Score: 3.0

Score: 3.0

Score: 3.0

Score: 3.0

Score: 3.0

Score: 3.0

Score: 3.0

Score: 3.0

Score: 3.0

Score: 3.0

Score: 3.0

Score: 3.0

Score: 3.0

Score: 3.0

Score: 3.0

Score: 3.0

Score: 3.0

Score: 3.0

Score: 3.0

Score: 3.0

Score: 3.0

Score: 3.0

Score: 3.0

Score: 3.0

Score: 3.0

Score: 3.0

Score: 3.0

Score: 3.0

Score: 3.0

Score: 3.0

Score: 3.0

Score: 3.0

Score: 3.0

Score: 3.0

Score: 3.0

Score: 3.0

Score: 3.0

Score: 3.0

Score: 3.0

Score: 3.0

Score: 3.0

Score: 3.0

Score: 3.0

Score: 3.0

Score: 3.0

Score: 3.0

Score: 3.0

Score: 3.0

Score: 3.0

Score: 3.0

Score: 3.0

Score: 3.0

Score: 3.0

Score: 3.0

Score: 3.0

Score: 3.0

Score: 3.0

Score: 3.0

Score: 3.0

Score: 3.0

Score: 3.0

Score: 3.0

Score: 3.0

Score: 3.0

Score: 3.0

Score: 3.0

Score: 3.0

Score: 3.0

Score: 3.0

Score: 3.0

Score: 3.0

Score: 3.0

Score: 3.0

Score: 3.0

Score: 3.0

Score: 3.0

Score: 3.0

Score: 3.0

Score: 3.0

Score: 3.0

Score: 3.0

Score: 3.0

Score: 3.0

Score: 3.0

Score: 3.0

Score: 3.0

Score: 3.0

Score: 3.0

Score: 3.0

Score: 3.0

Score: 3.0

Score: 3.0

Score: 3.0

Score: 3.0

Score: 3.0

Score: 3.0

Score: 3.0

Score: 3.0

Score: 3.0

Score: 3.0

Score: 3.0

Score: 3.0

Score: 3.0

Score: 3.0

Score: 3.0

Score: 3.0

Score: 3.0

Score: 3.0

Score: 3.0

Score: 3.0

Score: 3.0

Score: 3.0

Score: 3.0

Score: 3.0

Score: 3.0

Score: 3.0

Score: 3.0

Score: 3.0

Score: 3.0

Score: 3.0

Score: 3.0

Score: 3.0

Score: 3.0

Score: 3.0

Score: 3.0

Score: 3.0

Score: 3.0

Score: 3.0

Score: 3.0

Score: 3.0

Score: 3.0

Score: 3.0

Score: 3.0

Score: 3.0

Score: 3.0

Score: 3.0

Score: 3.0

Score: 3.0

Score: 3.0

Score: 3.0

Score: 3.0

Score: 3.0

Score: 3.0

Score: 3.0

Score: 3.0

Score: 3.0

Score: 3.0

Score: 3.0

Score: 3.0

Score: 3.0

Score: 3.0

Score: 3.0

Score: 3.0

Score: 3.0

Score: 3.0

Score: 3.0

Score: 3.0

Score: 3.0

Score: 3.0

Score: 3.0

Score: 3.0

Score: 3.0

Score: 3.0

Score: 3.0

Score: 3.0

Score: 3.0

Score: 3.0

Score: 3.0

Score: 3.0

Score: 3.0

Score: 3.0

Score: 3.0

Score: 3.0

Score: 3.0

Score: 3.0

Score: 3.0

Score: 3.0

Score: 3.0

Score: 3.0

Score: 3.0

Score: 3.0

Score: 3.0

Score: 3.0

Score: 3.0

Score: 3.0

Score: 3.0

Score: 3.0

Score: 3.0

Score: 3.0

Score: 3.0

Score: 3.0

Score: 3.0

Score: 3.0

Score: 3.0

Score: 3.0

Score: 3.0

Score: 3.0

Score: 3.0

Score: 3.0

Score: 3.0

Score: 3.0

Score: 3.0

Score: 3.0

Score: 3.0

Score: 3.0

Score: 3.0

Score: 3.0

Score: 3.0

Score: 3.0

Score: 3.0

Score: 3.0

Score: 3.0

Score: 3.0

Score: 3.0

Score: 3.0

Score: 3.0

Score: 3.0

Score: 3.0

Score: 3.0

Score: 3.0

Score: 3.0

Score: 3.0

Score: 3.0

Score: 3.0

Score: 3.0

Score: 3.0

Score: 3.0

Score: 3.0

Score: 3.0

Score: 3.0

Score: 3.0

Score: 3.0

Score: 3.0

Score: 3.0

Score: 3.0

Score: 3.0

Score: 3.0

Score: 3.0

Score: 3.0

Score: 3.0

Score: 3.0

Score: 3.0

Score: 3.0

Score: 3.0

Score: 3.0

Score: 3.0

Score: 3.0

Score: 3.0

Score: 3.0

Score: 3.0

Score: 3.0

Score: 3.0

Score: 3.0

Score: 3.0

Score: 3.0

Score: 3.0

Score: 3.0

Score: 3.0

Score: 3.0

Score: 3.0

Score: 3.0

Score: 3.0

Score: 3.0

Score: 3.0

Score: 3.0

Score: 3.0

Score: 3.0

Score: 3.0

Score: 3.0

Score: 3.0

Score: 3.0

Score: 3.0

Score: 3.0

Score: 3.0

Score: 3.0

Score: 3.0

Score: 3.0

Score: 3.0

Score: 3.0

Score: 3.0

Score: 3.0

Score: 3.0

Score: 3.0

Score: 3.0

Score: 3.0

Score: 3.0

Score: 3.0

Score: 3.0

Score: 3.0

Score: 3.0

Score: 3.0

Score: 3.0

Score: 3.0

Score: 3.0

Score: 3.0

Score: 3.0

Score: 3.0

Score: 3.0

Score: 3.0

Score: 3.0

Score: 3.0

Score: 3.0

Score: 3.0

Score: 3.0

Score: 3.0

Score: 3.0

Score: 3.0

Score: 3.0

Score: 3.0

Score: 3.0

Score: 3.0

Score: 3.0

Score: 3.0

Score: 3.0

Score: 3.0

Score: 3.0

Score: 3.0

Score: 3.0

Score: 3.0

Score: 3.0

Score: 3.0

Score: 3.0

Score: 3.0

Score: 3.0

Score: 3.0

Score: 3.0

Score: 3.0

Score: 3.0

Score: 3.0

Score: 3.0

Score: 3.0

Score: 3.0

Score: 3.0

Score: 3.0

Score: 3.0

Score: 3.0

Score: 3.0

Score: 3.0

Score: 3.0

Score: 3.0

Score: 3.0

Score: 3.0

Score: 3.0

Score: 3.0

Score: 3.0

Score: 3.0

Score: 3.0

Score: 3.0

Score: 3.0

Score: 3.0

Score: 3.0

Score: 3.0

Score: 3.0

Score: 3.0

Score: 3.0

Score: 3.0

Score: 3.0

Score: 3.0

Score: 3.0

Score: 3.0

Score: 3.0

Score: 3.0

Score: 3.0

Score: 3.0

Score: 3.0

Score: 3.0

Score: 3.0

Score: 3.0

Score: 3.0

Score: 3.0

Score: 3.0

Score: 3.0

Score: 3.0

Score: 3.0

Score: 3.0

Score: 3.0

Score: 3.0

Score: 3.0

Score: 3.0

Score: 3.0

Score: 3.0

Score: 3.0

Score: 3.0

Score: 3.0

Score: 3.0

Score: 3.0

Score: 3.0

Score: 3.0

Score: 3.0

Score: 3.0

Score: 3.0

Score: 3.0

Score: 3.0

Score: 3.0

Score: 3.0

Score: 3.0

Score: 3.0

Score: 3.0

Score: 3.0

Score: 3.0

Score: 3.0

Score: 3.0

Score: 3.0

Score: 3.0

Score: 3.0

Score: 3.0

Score: 3.0

Score: 3.0

Score: 3.0

Score: 3.0

Score: 3.0

Score: 3.0

Score: 3.0

Score: 3.0

Score: 3.0

Score: 3.0

Score: 3.0

Score: 3.0

Score: 3.0

Score: 3.0

Score: 3.0

Score: 3.0

Score: 3.0

Score: 3.0

Score: 3.0

Score: 3.0

Score: 3.0

Score: 3.0

Score: 3.0

Score: 3.0

Score: 3.0

Score: 3.0

Score: 3.0

Score: 3.0

Score: 3.0

Score: 3.0

Score: 3.0

Score: 3.0

Score: 3.0

Score: 3.0

Score: 3.0

Score: 3.0

Score: 3.0

Score: 3.0

Score: 3.0

Score: 3.0

Score: 3.0

Score: 3.0

Score: 3.0

Score: 3.0

Score: 3.0

Score: 3.0

Score: 3.0

Score: 3.0

Score: 3.0

Score: 3.0

Score: 3.0

Score: 3.0

Score: 3.0

Score: 3.0

Score: 3.0

Score: 3.0

Score: 3.0

Score: 3.0

Score: 3.0

Score: 3.0

Score: 3.0

Score: 3.0

Score: 3.0

Score: 3.0

Score: 3.0

Score: 3.0

Score: 3.0

Score: 3.0

Score: 3.0

Score: 3.0

Score: 3.0

Score: 3.0

Score: 3.0

Score: 3.0

Score: 3.0

Score: 3.0

Score: 3.0

Score: 3.0

Score: 3.0

Score: 3.0

Score: 3.0

Score: 3.0

Score: 3.0

Score: 3.0

Score: 3.0

Score: 3.0

Score: 3.0

Score: 3.0

Score: 3.0

Score: 3.0

Score: 3.0

Score: 3.0

Score: 3.0

Score: 3.0

Score: 3.0

Score: 3.0

Score: 3.0

Score: 3.0

Score: 3.0

Score: 3.0

Score: 3.0

Score: 3.0

Score: 3.0

Score: 3.0

Score: 3.0

Score: 3.0

Score: 3.0

Score: 3.0

Score: 3.0

Score: 3.0

Score: 3.0

Score: 3.0

Score: 3.0

Score: 3.0

Score: 3.0

Score: 3.0

Score: 3.0

Score: 3.0

Score: 3.0

Score: 3.0

Score: 3.0

Score: 3.0

Score: 3.0

Score: 3.0

Score: 3.0

Score: 3.0

Score: 3.0

Score: 3.0

Score: 3.0

Score: 3.0

Score: 3.0

Score: 3.0

Score: 3.0

Score: 3.0

Score: 3.0

Score: 3.0

Score: 3.0

Score: 3.0

Score: 3.0

Score: 3.0

Score: 3.0

Score: 3.0

Score: 3.0

Score: 3.0

Score: 3.0

Score: 3.0

Score: 3.0

Score: 3.0

Score: 3.0

Score: 3.0

Score: 3.0

Score: 3.0

Score: 3.0

Score: 3.0

Score: 3.0

Score: 3.0

Score: 3.0

Score: 3.0

Score: 3.0

Score: 3.0

Score: 3.0

Score: 3.0

Score: 3.0

Score: 3.0

Score: 3.0

Score: 3.0

Score: 3.0

Score: 3.0

Score: 3.0

Score: 3.0

Score: 3.0

Score: 3.0

Score: 3.0

Score: 3.0

Score: 3.0

Score: 3.0

Score: 3.0

Score: 3.0

Score: 3.0

Score: 3.0

Score: 3.0

Score: 3.0

Score: 3.0

Score: 3.0

Score: 3.0

Score: 3.0

Score: 3.0

Score: 3.0

Score: 3.0

Score: 3.0

Score: 3.0

Score: 3.0

Score: 3.0

Score: 3.0

Score: 3.0

Score: 3.0

Score: 3.0

Score: 3.0

Score: 3.0

Score: 3.0

Score: 3.0

Score: 3.0

Score: 3.0

Score: 3.0

Score: 3.0

Score: 3.0

Score: 3.0

Score: 3.0

Score: 3.0

Score: 3.0

Score: 3.0

Score: 3.0

Score: 3.0

Score: 3.0

Score: 3.0

Score: 3.0

Score: 3.0

Score: 3.0

Score: 3.0

Score: 3.0

Score: 3.0

Score: 3.0

Score: 3.0

Score: 3.0

Score: 3.0

Score: 3.0

Score: 3.0

Score: 3.0

Score: 3.0

Score: 3.0

Score: 3.0

Score: 3.0

Score: 3.0

Score: 3.0

Score: 3.0

Score: 3.0

Score: 3.0

Score: 3.0

Score: 3.0

Score: 3.0

Score: 3.0

Score: 3.0

Score: 3.0

Score: 3.0

Score: 3.0

Score: 3.0

Score: 3.0

Score: 3.0

Score: 3.0

Score: 3.0

Score: 3.0

Score: 3.0

Score: 3.0

Score: 3.0

Score: 3.0

Score: 3.0

Score: 3.0

Score: 3.0

Score: 3.0

Score: 3.0

Score: 3.0

Score: 3.0

Score: 3.0

Score: 3.0

Score: 3.0

Score: 3.0

Score: 3.0

Score: 3.0

Score: 3.0

Score: 3.0

Score: 3.0

Score: 3.0

Score: 3.0

Score: 3.0

Score: 3.0

Score: 3.0

Score: 3.0

Score: 3.0

Score: 3.0

Score: 3.0

Score: 3.0

Score: 3.0

Score: 3.0

Score: 3.0

Score: 3.0

Score: 3.0

Score: 3.0

Score: 3.0

Score: 3.0

Score: 3.0

Score: 3.0

Score: 3.0

Score: 3.0

Score: 3.0

Score: 3.0

Score: 3.0

Score: 3.0

Score: 3.0

Score: 3.0

Score: 3.0

Score: 3.0

Score: 3.0

Score: 3.0

Score: 3.0

Score: 3.0

Score: 3.0

Score: 3.0

Score: 3.0

Score: 3.0

Score: 3.0

Score: 3.0

Score: 3.0

Score: 3.0

Score: 3.0

Score: 3.0

Score: 3.0

Score: 3.0

Score: 3.0

Score: 3.0

Score: 3.0

Score: 3.0

Score: 3.0

Score: 3.0

Score: 3.0

Score: 3.0

Score: 3.0

Score: 3.0

Score: 3.0

Score: 3.0

Score: 3.0

Score: 3.0

Score: 3.0

Score: 3.0

Score: 3.0

Score: 3.0

Score: 3.0

Score: 3.0

Score: 3.0

Score: 3.0

Score: 3.0

Score: 3.0

Score: 3.0

Score: 3.0

Score: 3.0

Score: 3.0

Score: 3.0

Score: 3.0

Score: 3.0

Score: 3.0

Score: 3.0

Score: 3.0

Score: 3.0

Score: 3.0

Score: 3.0

Score: 3.0

Score: 3.0

Score: 3.0

Score: 3.0

Score: 3.0

Score: 3.0

Score: 3.0

Score: 3.0

Score: 3.0

Score: 3.0

Score: 3.0

Score: 3.0

Score: 3.0

Score: 3.0

Score: 3.0

Score: 3.0

Score: 3.0

Score: 3.0

Score: 3.0

Score: 3.0

Score: 3.0

Score: 3.0

Score: 3.0

Score: 3.0

Score: 3.0

Score: 3.0

Score: 3.0

Score: 3.0

Score: 3.0

Score: 3.0

Score: 3.0

Score: 3.0

Score: 3.0

Score: 3.0

Score: 3.0

Score: 3.0

Score: 3.0

Score: 3.0

Score: 3.0

Score: 3.0

Score: 3.0

Score: 3.0

Score: 3.0

Score: 3.0

Score: 3.0

Score: 3.0

Score: 3.0

Score: 3.0

Score: 3.0

Score: 3.0

Score: 3.0

Score: 3.0

Score: 3.0

Score: 3.0

Score: 3.0

Score: 3.0

Score: 3.0

Score: 3.0

Score: 3.0

Score: 3.0

Score: 3.0

Score: 3.0

Score: 3.0

Score: 3.0

Score: 3.0

Score: 3.0

Score: 3.0

Score: 3.0

Score: 3.0

Score: 3.0

Score: 3.0

Score: 3.0

Score: 3.0

Score: 3.0

Score: 3.0

Score: 3.0

Score: 3.0

Score: 3.0

Score: 3.0

Score: 3.0

Score: 3.0

Score: 3.0

Score: 3.0

Score: 3.0

Score: 3.0

Score: 3.0

Score: 3.0

Score: 3.0

Score: 3.0

Score: 3.0

Score: 3.0

Score: 3.0

Score: 3.0

Score: 3.0

Score: 3.0

Score: 3.0

Score: 3.0

Score: 3.0

Score: 3.0

Score: 3.0

Score: 3.0

Score: 3.0

Score: 3.0

Score: 3.0

Score: 3.0

Score: 3.0

Score: 3.0

Score: 3.0

Score: 3.0

Score: 3.0

Score: 3.0

Score: 3.0

Score: 3.0

Score: 3.0

Score: 3.0

Score: 3.0

Score: 3.0

Score: 3.0

Score: 3.0

Score: 3.0

Score: 3.0

Score: 3.0

Score: 3.0

Score: 3.0

Score: 3.0

Score: 3.0

Score: 3.0

Score: 3.0

Score: 3.0

Score: 3.0

Score: 3.0

Score: 3.0

Score: 3.0

Score: 3.0

Score: 3.0

Score: 3.0

Score: 3.0

Score: 3.0

Score: 3.0

Score: 3.0

Score: 3.0

Score: 3.0

Score: 3.0

Score: 3.0

Score: 3.0

Score: 3.0

Score: 3.0

Score: 3.0

Score: 3.0

Score: 3.0

Score: 3.0

Score: 3.0

Score: 3.0

Score: 3.0

Score: 3.0

Score: 3.0

Score: 3.0

Score: 3.0

Score: 3.0

Score: 3.0

Score: 3.0

Score: 3.0

Score: 3.0

Score: 3.0

Score: 3.0

Score: 3.0

Score: 3.0

Score: 3.0

Score: 3.0

Score: 3.0

Score: 3.0

Score: 3.0

Score: 3.0

Score: 3.0

Score: 3.0

Score: 3.0

Score: 3.0

Score: 3.0

Score: 3.0

Score: 3.0

Score: 3.0

Score: 3.0

Score: 3.0

Score: 3.0

Score: 3.0

Score: 3.0

Score: 3.0

Score: 3.0

Score: 3.0

Score: 3.0

Score: 3.0

Score: 3.0

Score: 3.0

Score: 3.0

Score: 3.0

Score: 3.0

Score: 3.0

Score: 3.0

Score: 3.0

Score: 3.0

Score: 3.0

Score: 3.0

Score: 3.0

Score: 3.0

Score: 3.0

Score: 3.0

Score: 3.0

Score: 3.0

Score: 3.0

Score: 3.0

Score: 3.0

Score: 3.0

Score: 3.0

Score: 3.0

Score: 3.0

Score: 3.0

Score: 3.0

Score: 3.0

Score: 3.0

Score: 3.0

Score: 3.0

Score: 3.0

Score: 3.0

Score: 3.0

Score: 3.0

Score: 3.0

Score: 3.0

Score: 3.0

Score: 3.0

Score: 3.0

Score: 3.0

Score: 3.0

Score: 3.0

Score: 3.0

Score: 3.0

Score: 3.0

Score: 3.0

Score: 3.0

Score: 3.0

Score: 3.0

Score: 3.0

Score: 3.0

Score: 3.0

Score: 3.0

Score: 3.0

Score: 3.0

Score: 3.0

Score: 3.0

Score: 3.0

Score: 3.0

Score: 3.0

Score: 3.0

Score: 3.0

Score: 3.0

Score: 3.0

Score: 3.0

Score: 3.0

Score: 3.0

Score: 3.0

Score: 3.0

Score: 3.0

Score: 3.0

Score: 3.0

Score: 3.0

Score: 3.0

Score: 3.0

Score: 3.0

Score: 3.0

Score: 3.0

Score: 3.0

Score: 3.0

Score: 3.0

Score: 3.0

Score: 3.0

Score: 3.0

Score: 3.0

Score: 3.0

Score: 3.0

Score: 3.0

Score: 3.0

Score: 3.0

Score: 3.0

Score: 3.0

Score: 3.0

Score: 3.0

Score: 3.0

Score: 3.0

Score: 3.0

Score: 3.0

Score: 3.0

Score: 3.0

Score: 3.0

Score: 3.0

Score: 3.0

Score: 3.0

Score: 3.0

Score: 3.0

Score: 3.0

Score: 3.0

Score: 3.0

Score: 3.0

Score: 3.0

Score: 3.0

Score: 3.0

Score: 3.0

Score: 3.0

Score: 3.0

Score: 3.0

Score: 3.0

Score: 3.0

Score: 3.0

Score: 3.0

Score: 3.0

Score: 3.0

Score: 3.0

Score: 3.0

Score: 3.0

Score: 3.0

Score: 3.0

Score: 3.0

Score: 3.0

Score: 3.0

Score: 3.0

Score: 3.0

Score: 3.0

Score: 3.0

Score: 3.0

Score: 3.0

Score: 3.0

Score: 3.0

Score: 3.0

Score: 3.0

Score: 3.0

Score: 3.0

Score: 3.0

Score: 3.0

Score: 3.0

Score: 3.0

Score: 3.0

Score: 3.0

Score: 3.0

Score: 3.0

Score: 3.0

Score: 3.0

Score: 3.0

Score: 3.0

Score: 3.0

Score: 3.0

Score: 3.0

Score: 3.0

Score: 3.0

Score: 3.0

Score: 3.0

Score: 3.0

Score: 3.0

Score: 3.0

Score: 3.0

Score: 3.0

Score: 3.0

Score: 3.0

Score: 3.0

Score: 3.0

Score: 3.0

Score: 3.0

Score: 3.0

Score: 3.0

Score: 3.0

Score: 3.0

Score: 3.0

Score: 3.0

Score: 3.0

Score: 3.0

Score: 3.0

Score: 3.0

Score: 3.0

Score: 3.0

Score: 3.0

Score: 3.0

Score: 3.0

Score: 3.0

Score: 3.0

Score: 3.0

Score: 3.0

Score: 3.0

Score: 3.0

Score: 3.0

Score: 3.0

Score: 3.0

Score: 3.0

Score: 3.0

Score: 3.0

Score: 3.0

Score: 3.0

Score: 3.0

Score: 3.0

Score: 3.0

Score: 3.0

Score: 3.0

Score: 3.0

Score: 3.0

Score: 3.0

Score: 3.0

Score: 3.0

Score: 3.0

Score: 3.0

Score: 3.0

Score: 3.0

Score: 3.0

Score: 3.0

Score: 3.0

Score: 3.0

Score: 3.0

Score: 3.0

Score: 3.0

Score: 3.0

Score: 3.0

Score: 3.0

Score: 3.0

Score: 3.0

Score: 3.0

Score: 3.0

Score: 3.0

Score: 3.0

Score: 3.0

Score: 3.0

Score: 3.0

Score: 3.0

Score: 3.0

Score: 3.0

Score: 3.0

Score: 3.0

Score: 3.0

Score: 3.0

Score: 3.0

Score: 3.0

Score: 3.0

Score: 3.0

Score: 3.0

Score: 3.0

Score: 3.0

Score: 3.0

Score: 3.0

Score: 3.0

Score: 3.0

Score: 3.0

Score: 3.0

Score: 3.0

Score: 3.0

Score: 3.0

Score: 3.0

Score: 3.0

Score: 3.0

Score: 3.0

Score: 3.0

Score: 3.0

Score: 3.0

Score: 3.0

Score: 3.0

Score: 3.0

Score: 3.0

Score: 3.0

Score: 3.0

Score: 3.0

Score: 3.0

Score: 3.0

Score: 3.0

Score: 3.0

Score: 3.0

Score: 3.0

Score: 3.0

Score: 3.0

Score: 3.0

Score: 3.0

Score: 3.0

Score: 3.0

Score: 3.0

Score: 3.0

Score: 3.0

Score: 3.0

Score: 3.0

Score: 3.0

Score: 3.0

Score: 3.0

Score: 3.0

Score: 3.0

Score: 3.0

Score: 3.0

Score: 3.0

Score: 3.0

Score: 3.0

Score: 3.0

Score: 3.0

Score: 3.0

Score: 3.0

Score: 3.0

Score: 3.0

Score: 3.0

Score: 3.0

Score: 3.0

Score: 3.0

Score: 3.0

Score: 3.0

Score: 3.0

Score: 3.0

Score: 3.0

Score: 3.0

Score: 3.0

Score: 3.0

Score: 3.0

Score: 3.0

Score: 3.0

Score: 3.0

Score: 3.0

Score: 3.0

Score: 3.0

Score: 3.0

Score: 3.0

Score: 3.0

Score: 3.0

Score: 3.0

Score: 3.0

Score: 3.0

Score: 3.0

Score: 3.0

Score: 3.0

Score: 3.0

Score: 3.0

Score: 3.0

Score: 3.0

Score: 3.0

Score: 3.0

Score: 3.0

Score: 3.0

Score: 3.0

Score: 3.0

Score: 3.0

Score: 3.0

Score: 3.0

Score: 3.0

Score: 3.0

Score: 3.0

Score: 3.0

Score: 3.0

Score: 3.0

Score: 3.0

Score: 3.0

Score: 3.0

Score: 3.0

Score: 3.0

Score: 3.0

Score: 3.0

Score: 3.0

Score: 3.0

Score: 3.0

Score: 3.0

Score: 3.0

Score: 3.0

Score: 3.0

Score: 3.0

Score: 3.0

Score: 3.0

Score: 3.0

Score: 3.0

Score: 3.0

Score: 3.0

Score: 3.0

Score: 3.0

Score: 3.0

Score: 3.0

Score: 3.0

Score: 3.0

Score: 3.0

Score: 3.0

Score: 3.0

Score: 3.0

Score: 3.0

Score: 3.0

Score: 3.0

Score: 3.0

Score: 3.0

Score: 3.0

Score: 3.0

Score: 3.0

Score: 3.0

Score: 3.0

Score: 3.0

Score: 3.0

Score: 3.0

Score: 3.0

Score: 3.0

Score: 3.0

Score: 3.0

Score: 3.0

Score: 3.0

Score: 3.0

Score: 3.0

Score: 3.0

Score: 3.0

Score: 3.0

Score: 3.0

Score: 3.0

Score: 3.0

Score: 3.0

Score: 3.0

Score: 3.0

Score: 3.0

Score: 3.0

Score: 3.0

Score: 3.0

Score: 3.0

Score: 3.0

Score: 3.0

Score: 3.0

Score: 3.0

Score: 3.0

Score: 3.0

Score: 3.0

Score: 3.0

Score: 3.0

Score: 3.0

Score: 3.0

Score: 3.0

Score: 3.0

Score: 3.0

Score: 3.0

Score: 3.0

Score: 3.0

Score: 3.0

Score: 3.0

Score: 3.0

Score: 3.0

Score: 3.0

Score: 3.0

Score: 3.0

Score: 3.0

Score: 3.0

Score: 3.0

Score: 3.0

Score: 3.0

Score: 3.0

Score: 3.0

Score: 3.0

Score: 3.0

Score: 3.0

Score: 3.0

Score: 3.0

Score: 3.0

Score: 3.0

Score: 3.0

Score: 3.0

Score: 3.0

Score: 3.0

Score: 3.0

Score: 3.0

Score: 3.0

Score: 3.0

Score: 3.0

Score: 3.0

Score: 3.0

Score: 3.0

Score: 3.0

Score: 3.0

Score: 3.0

Score: 3.0

Score: 3.0

Score: 3.0

Score: 3.0

Score: 3.0

Score: 3.0

Score: 3.0

Score: 3.0

Score: 3.0

Score: 3.0

Score: 3.0

Score: 3.0

Score: 3.0

Score: 3.0

Score: 3.0

Score: 3.0

Score: 3.0

Score: 3.0

Score: 3.0

Score: 3.0

Score: 3.0

Score: 3.0

Score: 3.0

Score: 3.0

Score: 3.0

Score: 3.0

Score: 3.0

Score: 3.0

Score: 3.0

Score: 3.0

Score: 3.0

Score: 3.0

Score: 3.0

Score: 3.0

Score: 3.0

Score: 3.0

Score: 3.0

Score: 3.0

Score: 3.0

Score: 3.0

Score: 3.0

Score: 3.0

Score: 3.0

Score: 3.0

Score: 3.0

Score: 3.0

Score: 3.0

Score: 3.0

Score: 3.0

Score: 3.0

Score: 3.0

Score: 3.0

Score: 3.0

Score: 3.0

Score: 3.0

Score: 3.0

Score: 3.0

Score: 3.0

Score: 3.0

Score: 3.0

Score: 3.0

Score: 3.0

Score: 3.0

Score: 3.0

Score: 3.0

Score: 3.0

Score: 3.0

Score: 3.0

Score: 3.0

Score: 3.0

Score: 3.0

Score: 3.0

Score: 3.0

Score: 3.0

Score: 3.0

Score: 3.0

Score: 3.0

Score: 3.0

Score: 3.0

Score: 3.0

Score: 3.0

Score: 3.0

Score: 3.0

Score: 3.0

Score: 3.0

Score: 3.0

Score: 3.0

Score: 3.0

Score: 3.0

Score: 3.0

Score: 3.0

Score: 3.0

Score: 3.0

Score: 3.0

Score: 3.0

Score: 3.0

Score: 3.0

Score: 3.0

Score: 3.0

Score: 3.0

Score: 3.0

Score: 3.0

Score: 3.0

Score: 3.0

Score: 3.0

Score: 3.0

Score: 3.0

Score: 3.0

Score: 3.0

Score: 3.0

Score: 3.0

Score: 3.0

Score: 3.0

Score: 3.0

Score: 3.0

Score: 3.0

Score: 3.0

Score: 3.0

Score: 3.0

Score: 3.0

Score: 3.0

Score: 3.0

Score: 3.0

Score: 3.0

Score: 3.0

Score: 3.0

Score: 3.0

Score: 3.0

Score: 3.0

Score: 3.0

Score: 3.0

Score: 3.0

Score: 3.0

Score: 3.0

Score: 3.0

Score: 3.0

Score: 3.0

Score: 3.0

Score: 3.0

Score: 3.0

Score: 3.0

Score: 3.0

Score: 3.0

Score: 3.0

Score: 3.0

Score: 3.0

Score: 3.0

Score: 3.0

Score: 3.0

Score: 3.0

Score: 3.0

Score: 3.0

Score: 3.0

Score: 3.0

Score: 3.0

Score: 3.0

Score: 3.0

Score: 3.0

Score: 3.0

Score: 3.0

Score: 3.0

Score: 3.0

Score: 3.0

Score: 3.0

Score: 3.0

Score: 3.0

Score: 3.0

Score: 3.0

Score: 3.0

Score: 3.0

Score: 3.0

Score: 3.0

Score: 3.0

Score: 3.0

Score: 3.0

Score: 3.0

Score: 3.0

Score: 3.0

Score: 3.0

Score: 3.0

Score: 3.0

Score: 3.0

Score: 3.0

Score: 3.0

Score: 3.0

Score: 3.0

Score: 3.0

Score: 3.0

Score: 3.0

Score: 3.0

Score: 3.0

Score: 3.0

Score: 3.0

Score: 3.0

Score: 3.0

Score: 3.0

Score: 3.0

Score: 3.0

Score: 3.0

Score: 3.0

Score: 3.0

Score: 3.0

Score: 3.0

Score: 3.0

Score: 3.0

Score: 3.0

Score: 3.0

Score: 3.0

Score: 3.0

Score: 3.0

Score: 3.0

Score: 3.0

Score: 3.0

Score: 3.0

Score: 3.0

Score: 3.0

Score: 3.0

Score: 3.0

Score: 3.0

Score: 3.0

Score: 3.0

Score: 3.0

Score: 3.0

Score: 3.0

Score: 3.0

Score: 3.0

Score: 3.0

Score: 3.0

Score: 3.0

Score: 3.0

Score: 3.0

Score: 3.0

Score: 3.0

Score: 3.0

Score: 3.0

Score: 3.0

Score: 3.0

Score: 3.0

Score: 3.0

Score: 3.0

Score: 3.0

Score: 3.0

Score: 3.0

Score: 3.0

Score: 3.0

Score: 3.0

Score: 3.0

Score: 3.0

Score: 3.0

Score: 3.0

Score: 3.0

Score: 3.0

Score: 3.0

Score: 3.0

Score: 3.0

Score: 3.0

Score: 3.0

Score: 3.0

Score: 3.0

Score: 3.0

Score: 3.0

Score: 3.0

Score: 3.0

Score: 3.0

Score: 3.0

Score: 3.0

Score: 3.0

Score: 3.0

Score: 3.0

Score: 3.0

Score: 3.0

Score: 3.0

Score: 3.0

Score: 3.0

Score: 3.0

Score: 3.0

Score: 3.0

Score: 3.0

Score: 3.0

Score: 3.0

Score: 3.0

Score: 3.0

Score: 3.0

Score: 3.0

Score: 3.0

Score: 3.0

Score: 3.0

Score: 3.0

Score: 3.0

Score: 3.0

Score: 3.0

Score: 3.0

Score: 3.0

Score: 3.0

Score: 3.0

Score: 3.0

Score: 3.0

Score: 3.0

Score: 3.0

Score: 3.0

Score: 3.0

Score: 3.0

Score: 3.0

Score: 3.0

Score: 3.0

Score: 3.0

Score: 3.0

Score: 3.0

Score: 3.0

Score: 3.0

Score: 3.0

Score: 3.0

Score: 3.0

Score: 3.0

Score: 3.0

Score: 3.0

Score: 3.0

Score: 3.0
Found: 17150
Validated 4079
Validations Failed 0
Tried 273295
