Isam_ALL

Found so far: 0
Validated 0
Validations Failed 0
Tried 0
year is out of range
year is out of range
year is out of range
year is out of range
year is out of range
year is out of range
year is out of range
month must be in 1..12
year is out of range
year is out of range
year is out of range
year is out of range
year is out of range
month must be in 1..12
day is out of range for month
year is out of range
month must be in 1..12
month must be in 1..12
year is out of range
year is out of range
year is out of range
year is out of range
year is out of range
year is out of range
year is out of range
year is out of range
year is out of range
year is out of range
year is out of range
year is out of range
year is out of range
month must be in 1..12
month must be in 1..12
year is out of range
year is out of range
year is out of range
month must be in 1..12
month must be in 1..12
day is out of range for month
year is out of range
year is out of range
month must be in 1..12
year is out of range
year is out of range
year is out of range
month must be in 1..12
month must be in 1..12
day is out of range for month
year is out of range
year is out of range
year is out of range
year is out of range
day is out of range for month
year is out of range
year is out of range
year is out of range
year is out of range
year is out of range
year is out of range
year is out of range
year is out of range
year is out of range
month must be in 1..12
year is out of range
year is out of range
month must be in 1..12
month must be in 1..12
day is out of range for month
month must be in 1..12
year is out of range
year is out of range
year is out of range
year is out of range
year is out of range
year is out of range
year is out of range
year is out of range
month must be in 1..12
month must be in 1..12
month must be in 1..12
year is out of range
month must be in 1..12
month must be in 1..12
year is out of range
year is out of range
year is out of range
year is out of range
year is out of range
year is out of range
year is out of range
year is out of range
year is out of range
year is out of range
year is out of range
year is out of range
year is out of range
month must be in 1..12
year is out of range
year is out of range
year is out of range
year is out of range
year is out of range
year is out of range
year is out of range
year is out of range
year is out of range
year is out of range
year is out of range
year is out of range
year is out of range
year is out of range
year is out of range
year is out of range
year is out of range
year is out of range
year is out of range
year is out of range
year is out of range
year is out of range
year is out of range
year is out of range
year is out of range
year is out of range
year is out of range
month must be in 1..12
day is out of range for month
year is out of range
year is out of range
year is out of range
year is out of range
year is out of range
year is out of range
year is out of range
year is out of range
year is out of range
year is out of range
year is out of range
month must be in 1..12
day is out of range for month
year is out of range
year is out of range
year is out of range
year is out of range
year is out of range
year is out of range
year is out of range
year is out of range
year is out of range
year is out of range
year is out of range
year is out of range
year is out of range
year is out of range
year is out of range
year is out of range
year is out of range
year is out of range
year is out of range
month must be in 1..12
day is out of range for month
year is out of range
year is out of range
year is out of range
year is out of range
year is out of range
year is out of range
year is out of range
year is out of range
year is out of range
year is out of range
year is out of range
year is out of range
year is out of range
year is out of range
year is out of range
year is out of range
year is out of range
year is out of range
year is out of range
year is out of range
year is out of range
year is out of range
year is out of range
year is out of range
year is out of range
year is out of range
year is out of range
year is out of range
year is out of range
year is out of range
year is out of range
year is out of range
year is out of range
year is out of range
month must be in 1..12
day is out of range for month
month must be in 1..12
year is out of range
year is out of range
year is out of range
year is out of range
year is out of range
year is out of range
year is out of range
year is out of range
year is out of range
year is out of range
year is out of range
year is out of range
year is out of range
year is out of range
year is out of range
year is out of range
month must be in 1..12
month must be in 1..12
year is out of range
year is out of range
year is out of range
year is out of range
year is out of range
year is out of range
year is out of range
year is out of range
year is out of range
year is out of range
year is out of range
year is out of range
year is out of range
month must be in 1..12
month must be in 1..12
year is out of range
year is out of range
year is out of range
month must be in 1..12
month must be in 1..12
day is out of range for month
year is out of range
year is out of range
month must be in 1..12
year is out of range
year is out of range
year is out of range
month must be in 1..12
month must be in 1..12
day is out of range for month
year is out of range
year is out of range
year is out of range
year is out of range
day is out of range for month
year is out of range
year is out of range
year is out of range
year is out of range
year is out of range
year is out of range
year is out of range
year is out of range
year is out of range
month must be in 1..12
year is out of range
year is out of range
month must be in 1..12
month must be in 1..12
day is out of range for month
month must be in 1..12
year is out of range
year is out of range
year is out of range
year is out of range
year is out of range
year is out of range
year is out of range
year is out of range
month must be in 1..12
month must be in 1..12
month must be in 1..12
year is out of range
month must be in 1..12
month must be in 1..12
year is out of range
year is out of range
year is out of range
year is out of range
year is out of range
year is out of range
year is out of range
year is out of range
year is out of range
year is out of range
year is out of range
year is out of range
year is out of range
month must be in 1..12
year is out of range
year is out of range
year is out of range
year is out of range
year is out of range
year is out of range
year is out of range
year is out of range
year is out of range
year is out of range
year is out of range
year is out of range
year is out of range
year is out of range
year is out of range
year is out of range
year is out of range
year is out of range
year is out of range
year is out of range
year is out of range
year is out of range
year is out of range
year is out of range
year is out of range
year is out of range
year is out of range
month must be in 1..12
day is out of range for month
year is out of range
year is out of range
year is out of range
year is out of range
year is out of range
year is out of range
year is out of range
year is out of range
year is out of range
year is out of range
year is out of range
month must be in 1..12
day is out of range for month
year is out of range
year is out of range
year is out of range
year is out of range
year is out of range
year is out of range
year is out of range
year is out of range
year is out of range
year is out of range
year is out of range
year is out of range
year is out of range
year is out of range
year is out of range
year is out of range
year is out of range
year is out of range
year is out of range
month must be in 1..12
day is out of range for month
year is out of range
year is out of range
year is out of range
year is out of range
year is out of range
year is out of range
year is out of range
year is out of range
year is out of range
year is out of range
year is out of range
year is out of range
year is out of range
year is out of range
year is out of range
year is out of range
year is out of range
year is out of range
year is out of range
year is out of range
year is out of range
year is out of range
year is out of range
year is out of range
year is out of range
year is out of range
year is out of range
year is out of range
year is out of range
year is out of range
year is out of range
year is out of range
year is out of range
year is out of range
month must be in 1..12
month must be in 1..12
year is out of range
year is out of range
month must be in 1..12
year is out of range
day is out of range for month
year is out of range
year is out of range
year is out of range
year is out of range
month must be in 1..12
year is out of range
month must be in 1..12
month must be in 1..12
year is out of range
year is out of range
year is out of range
month must be in 1..12
year is out of range
year is out of range
year is out of range
year is out of range
year is out of range
year is out of range
year is out of range
month must be in 1..12
month must be in 1..12
year is out of range
year is out of range
year is out of range
month must be in 1..12
month must be in 1..12
day is out of range for month
year is out of range
year is out of range
month must be in 1..12
year is out of range
year is out of range
year is out of range
month must be in 1..12
month must be in 1..12
day is out of range for month
year is out of range
year is out of range
year is out of range
year is out of range
day is out of range for month
year is out of range
year is out of range
year is out of range
year is out of range
year is out of range
year is out of range
year is out of range
year is out of range
year is out of range
month must be in 1..12
year is out of range
year is out of range
month must be in 1..12
month must be in 1..12
day is out of range for month
month must be in 1..12
year is out of range
year is out of range
year is out of range
year is out of range
year is out of range
year is out of range
year is out of range
year is out of range
month must be in 1..12
month must be in 1..12
month must be in 1..12
year is out of range
month must be in 1..12
month must be in 1..12
year is out of range
year is out of range
year is out of range
year is out of range
year is out of range
year is out of range
year is out of range
year is out of range
year is out of range
year is out of range
year is out of range
year is out of range
year is out of range
month must be in 1..12
year is out of range
year is out of range
year is out of range
year is out of range
year is out of range
year is out of range
year is out of range
year is out of range
year is out of range
year is out of range
year is out of range
year is out of range
year is out of range
year is out of range
year is out of range
year is out of range
year is out of range
year is out of range
year is out of range
year is out of range
year is out of range
year is out of range
year is out of range
year is out of range
year is out of range
year is out of range
year is out of range
month must be in 1..12
day is out of range for month
year is out of range
year is out of range
year is out of range
year is out of range
year is out of range
year is out of range
year is out of range
year is out of range
year is out of range
year is out of range
year is out of range
month must be in 1..12
day is out of range for month
year is out of range
year is out of range
year is out of range
year is out of range
year is out of range
year is out of range
year is out of range
year is out of range
year is out of range
year is out of range
year is out of range
year is out of range
year is out of range
year is out of range
year is out of range
year is out of range
year is out of range
year is out of range
year is out of range
month must be in 1..12
day is out of range for month
year is out of range
year is out of range
year is out of range
year is out of range
year is out of range
year is out of range
year is out of range
year is out of range
year is out of range
year is out of range
year is out of range
year is out of range
year is out of range
year is out of range
year is out of range
year is out of range
year is out of range
year is out of range
year is out of range
year is out of range
year is out of range
year is out of range
year is out of range
year is out of range
year is out of range
year is out of range
year is out of range
year is out of range
year is out of range
year is out of range
year is out of range
year is out of range
year is out of range

Score: 0.0

Score: 0.0

Score: 0.0
Found: 3
Validated 3
Validations Failed 0
Tried 974
