Inno City

Found so far: 0
Validated 0
Validations Failed 0
Tried 0

Found so far: 11
Validated 11
Validations Failed 0
Tried 1000

Found so far: 24
Validated 23
Validations Failed 0
Tried 2000

Found so far: 37
Validated 35
Validations Failed 0
Tried 3000

Found so far: 48
Validated 45
Validations Failed 0
Tried 4000

Found so far: 62
Validated 57
Validations Failed 0
Tried 5000

Found so far: 76
Validated 67
Validations Failed 0
Tried 6000

Found so far: 88
Validated 79
Validations Failed 0
Tried 7000

Found so far: 100
Validated 91
Validations Failed 0
Tried 8000

Found so far: 112
Validated 103
Validations Failed 0
Tried 9000

Found so far: 124
Validated 115
Validations Failed 0
Tried 10000

Found so far: 136
Validated 126
Validations Failed 0
Tried 11000

Found so far: 148
Validated 138
Validations Failed 0
Tried 12000

Found so far: 161
Validated 149
Validations Failed 0
Tried 13000

Found so far: 173
Validated 161
Validations Failed 0
Tried 14000

Found so far: 185
Validated 172
Validations Failed 0
Tried 15000

Found so far: 188
Validated 175
Validations Failed 0
Tried 16000

Found so far: 194
Validated 181
Validations Failed 0
Tried 17000

Found so far: 207
Validated 193
Validations Failed 0
Tried 18000

Found so far: 219
Validated 205
Validations Failed 0
Tried 19000

Found so far: 231
Validated 216
Validations Failed 0
Tried 20000

Found so far: 244
Validated 228
Validations Failed 0
Tried 21000

Found so far: 256
Validated 239
Validations Failed 0
Tried 22000

Found so far: 268
Validated 251
Validations Failed 0
Tried 23000

Found so far: 281
Validated 263
Validations Failed 0
Tried 24000

Found so far: 295
Validated 274
Validations Failed 0
Tried 25000

Found so far: 307
Validated 286
Validations Failed 0
Tried 26000

Found so far: 319
Validated 298
Validations Failed 0
Tried 27000

Found so far: 331
Validated 310
Validations Failed 0
Tried 28000

Found so far: 343
Validated 322
Validations Failed 0
Tried 29000

Found so far: 355
Validated 334
Validations Failed 0
Tried 30000

Found so far: 368
Validated 346
Validations Failed 0
Tried 31000

Found so far: 375
Validated 353
Validations Failed 0
Tried 32000

Found so far: 378
Validated 355
Validations Failed 0
Tried 33000

Found so far: 390
Validated 367
Validations Failed 0
Tried 34000

Found so far: 401
Validated 378
Validations Failed 0
Tried 35000

Found so far: 413
Validated 390
Validations Failed 0
Tried 36000

Found so far: 425
Validated 402
Validations Failed 0
Tried 37000

Found so far: 437
Validated 414
Validations Failed 0
Tried 38000

Found so far: 449
Validated 426
Validations Failed 0
Tried 39000

Found so far: 461
Validated 438
Validations Failed 0
Tried 40000

Found so far: 474
Validated 450
Validations Failed 0
Tried 41000

Found so far: 486
Validated 462
Validations Failed 0
Tried 42000

Found so far: 498
Validated 474
Validations Failed 0
Tried 43000

Found so far: 511
Validated 486
Validations Failed 0
Tried 44000

Found so far: 522
Validated 497
Validations Failed 0
Tried 45000

Found so far: 534
Validated 509
Validations Failed 0
Tried 46000

Found so far: 546
Validated 521
Validations Failed 0
Tried 47000

Found so far: 558
Validated 533
Validations Failed 0
Tried 48000

Found so far: 558
Validated 533
Validations Failed 0
Tried 49000

Found so far: 567
Validated 542
Validations Failed 0
Tried 50000

Found so far: 580
Validated 554
Validations Failed 0
Tried 51000

Found so far: 592
Validated 566
Validations Failed 0
Tried 52000

Found so far: 605
Validated 578
Validations Failed 0
Tried 53000

Found so far: 618
Validated 590
Validations Failed 0
Tried 54000

Found so far: 630
Validated 601
Validations Failed 0
Tried 55000

Found so far: 643
Validated 613
Validations Failed 0
Tried 56000

Found so far: 656
Validated 624
Validations Failed 0
Tried 57000

Found so far: 668
Validated 636
Validations Failed 0
Tried 58000

Found so far: 680
Validated 648
Validations Failed 0
Tried 59000

Found so far: 692
Validated 660
Validations Failed 0
Tried 60000

Found so far: 704
Validated 672
Validations Failed 0
Tried 61000

Found so far: 716
Validated 684
Validations Failed 0
Tried 62000

Found so far: 728
Validated 696
Validations Failed 0
Tried 63000

Found so far: 740
Validated 708
Validations Failed 0
Tried 64000

Found so far: 744
Validated 712
Validations Failed 0
Tried 65000

Found so far: 749
Validated 716
Validations Failed 0
Tried 66000

Found so far: 761
Validated 728
Validations Failed 0
Tried 67000

Found so far: 774
Validated 740
Validations Failed 0
Tried 68000

Found so far: 786
Validated 752
Validations Failed 0
Tried 69000

Found so far: 798
Validated 764
Validations Failed 0
Tried 70000

Found so far: 810
Validated 776
Validations Failed 0
Tried 71000

Found so far: 822
Validated 788
Validations Failed 0
Tried 72000

Found so far: 834
Validated 800
Validations Failed 0
Tried 73000

Found so far: 846
Validated 812
Validations Failed 0
Tried 74000

Found so far: 858
Validated 824
Validations Failed 0
Tried 75000

Found so far: 869
Validated 835
Validations Failed 0
Tried 76000

Found so far: 882
Validated 847
Validations Failed 0
Tried 77000

Found so far: 894
Validated 859
Validations Failed 0
Tried 78000

Found so far: 908
Validated 871
Validations Failed 0
Tried 79000

Found so far: 920
Validated 883
Validations Failed 0
Tried 80000

Found so far: 929
Validated 892
Validations Failed 0
Tried 81000

Found so far: 929
Validated 892
Validations Failed 0
Tried 82000

Found so far: 941
Validated 904
Validations Failed 0
Tried 83000

Found so far: 953
Validated 916
Validations Failed 0
Tried 84000

Found so far: 965
Validated 928
Validations Failed 0
Tried 85000

Found so far: 976
Validated 939
Validations Failed 0
Tried 86000

Found so far: 988
Validated 951
Validations Failed 0
Tried 87000

Found so far: 1000
Validated 963
Validations Failed 0
Tried 88000

Found so far: 1012
Validated 975
Validations Failed 0
Tried 89000

Found so far: 1024
Validated 987
Validations Failed 0
Tried 90000

Found so far: 1038
Validated 998
Validations Failed 0
Tried 91000

Found so far: 1052
Validated 1008
Validations Failed 0
Tried 92000

Found so far: 1065
Validated 1020
Validations Failed 0
Tried 93000

Found so far: 1077
Validated 1032
Validations Failed 0
Tried 94000

Found so far: 1090
Validated 1044
Validations Failed 0
Tried 95000

Found so far: 1101
Validated 1055
Validations Failed 0
Tried 96000

Found so far: 1113
Validated 1067
Validations Failed 0
Tried 97000

Found so far: 1115
Validated 1069
Validations Failed 0
Tried 98000

Found so far: 1122
Validated 1076
Validations Failed 0
Tried 99000

Found so far: 1134
Validated 1088
Validations Failed 0
Tried 100000

Found so far: 1146
Validated 1100
Validations Failed 0
Tried 101000

Found so far: 1158
Validated 1112
Validations Failed 0
Tried 102000

Found so far: 1171
Validated 1124
Validations Failed 0
Tried 103000

Found so far: 1183
Validated 1136
Validations Failed 0
Tried 104000

Found so far: 1195
Validated 1148
Validations Failed 0
Tried 105000

Found so far: 1206
Validated 1159
Validations Failed 0
Tried 106000

Found so far: 1218
Validated 1171
Validations Failed 0
Tried 107000

Found so far: 1230
Validated 1183
Validations Failed 0
Tried 108000

Found so far: 1242
Validated 1195
Validations Failed 0
Tried 109000

Found so far: 1254
Validated 1207
Validations Failed 0
Tried 110000

Found so far: 1266
Validated 1219
Validations Failed 0
Tried 111000

Found so far: 1278
Validated 1231
Validations Failed 0
Tried 112000

Found so far: 1290
Validated 1243
Validations Failed 0
Tried 113000

Found so far: 1297
Validated 1249
Validations Failed 0
Tried 114000

Found so far: 1300
Validated 1252
Validations Failed 0
Tried 115000

Found so far: 1311
Validated 1263
Validations Failed 0
Tried 116000

Found so far: 1323
Validated 1275
Validations Failed 0
Tried 117000

Found so far: 1335
Validated 1287
Validations Failed 0
Tried 118000

Found so far: 1347
Validated 1299
Validations Failed 0
Tried 119000

Found so far: 1359
Validated 1311
Validations Failed 0
Tried 120000

Found so far: 1371
Validated 1323
Validations Failed 0
Tried 121000

Found so far: 1383
Validated 1335
Validations Failed 0
Tried 122000

Found so far: 1395
Validated 1347
Validations Failed 0
Tried 123000

Found so far: 1407
Validated 1359
Validations Failed 0
Tried 124000

Found so far: 1419
Validated 1371
Validations Failed 0
Tried 125000

Found so far: 1432
Validated 1383
Validations Failed 0
Tried 126000

Found so far: 1443
Validated 1394
Validations Failed 0
Tried 127000

Found so far: 1455
Validated 1406
Validations Failed 0
Tried 128000

Found so far: 1467
Validated 1418
Validations Failed 0
Tried 129000

Found so far: 1478
Validated 1429
Validations Failed 0
Tried 130000

Found so far: 1478
Validated 1429
Validations Failed 0
Tried 131000

Found so far: 1546
Validated 1429
Validations Failed 0
Tried 132000

Found so far: 1634
Validated 1429
Validations Failed 0
Tried 133000

Found so far: 1719
Validated 1429
Validations Failed 0
Tried 134000

Found so far: 1805
Validated 1429
Validations Failed 0
Tried 135000

Found so far: 1893
Validated 1429
Validations Failed 0
Tried 136000

Found so far: 1978
Validated 1429
Validations Failed 0
Tried 137000

Found so far: 2065
Validated 1429
Validations Failed 0
Tried 138000

Found so far: 2151
Validated 1429
Validations Failed 0
Tried 139000

Found so far: 2237
Validated 1429
Validations Failed 0
Tried 140000

Found so far: 2324
Validated 1429
Validations Failed 0
Tried 141000

Found so far: 2410
Validated 1429
Validations Failed 0
Tried 142000

Found so far: 2496
Validated 1429
Validations Failed 0
Tried 143000

Found so far: 2582
Validated 1429
Validations Failed 0
Tried 144000

Found so far: 2669
Validated 1429
Validations Failed 0
Tried 145000

Found so far: 2756
Validated 1429
Validations Failed 0
Tried 146000

Found so far: 2825
Validated 1429
Validations Failed 0
Tried 147000

Found so far: 2860
Validated 1429
Validations Failed 0
Tried 148000

Found so far: 2947
Validated 1429
Validations Failed 0
Tried 149000

Found so far: 3032
Validated 1429
Validations Failed 0
Tried 150000

Found so far: 3118
Validated 1429
Validations Failed 0
Tried 151000

Found so far: 3206
Validated 1429
Validations Failed 0
Tried 152000

Found so far: 3290
Validated 1429
Validations Failed 0
Tried 153000

Found so far: 3375
Validated 1429
Validations Failed 0
Tried 154000

Found so far: 3461
Validated 1429
Validations Failed 0
Tried 155000

Found so far: 3547
Validated 1429
Validations Failed 0
Tried 156000

Found so far: 3634
Validated 1429
Validations Failed 0
Tried 157000

Found so far: 3719
Validated 1429
Validations Failed 0
Tried 158000

Found so far: 3805
Validated 1429
Validations Failed 0
Tried 159000

Found so far: 3891
Validated 1429
Validations Failed 0
Tried 160000

Found so far: 3978
Validated 1429
Validations Failed 0
Tried 161000

Found so far: 4063
Validated 1429
Validations Failed 0
Tried 162000

Found so far: 4148
Validated 1429
Validations Failed 0
Tried 163000

Found so far: 4166
Validated 1430
Validations Failed 0
Tried 164000

Found so far: 4178
Validated 1442
Validations Failed 0
Tried 165000

Found so far: 4190
Validated 1454
Validations Failed 0
Tried 166000

Found so far: 4201
Validated 1465
Validations Failed 0
Tried 167000

Found so far: 4213
Validated 1477
Validations Failed 0
Tried 168000

Found so far: 4225
Validated 1489
Validations Failed 0
Tried 169000

Found so far: 4237
Validated 1501
Validations Failed 0
Tried 170000

Found so far: 4250
Validated 1513
Validations Failed 0
Tried 171000

Found so far: 4262
Validated 1525
Validations Failed 0
Tried 172000

Found so far: 4274
Validated 1537
Validations Failed 0
Tried 173000

Found so far: 4286
Validated 1549
Validations Failed 0
Tried 174000

Found so far: 4298
Validated 1561
Validations Failed 0
Tried 175000

Found so far: 4310
Validated 1573
Validations Failed 0
Tried 176000

Found so far: 4322
Validated 1585
Validations Failed 0
Tried 177000

Found so far: 4333
Validated 1596
Validations Failed 0
Tried 178000

Found so far: 4345
Validated 1608
Validations Failed 0
Tried 179000

Found so far: 4346
Validated 1609
Validations Failed 0
Tried 180000

Found so far: 4354
Validated 1617
Validations Failed 0
Tried 181000

Found so far: 4366
Validated 1629
Validations Failed 0
Tried 182000

Found so far: 4379
Validated 1641
Validations Failed 0
Tried 183000

Found so far: 4391
Validated 1653
Validations Failed 0
Tried 184000

Found so far: 4403
Validated 1665
Validations Failed 0
Tried 185000

Found so far: 4415
Validated 1677
Validations Failed 0
Tried 186000

Found so far: 4427
Validated 1689
Validations Failed 0
Tried 187000

Found so far: 4438
Validated 1700
Validations Failed 0
Tried 188000

Found so far: 4450
Validated 1712
Validations Failed 0
Tried 189000

Found so far: 4462
Validated 1724
Validations Failed 0
Tried 190000

Found so far: 4474
Validated 1736
Validations Failed 0
Tried 191000

Found so far: 4486
Validated 1748
Validations Failed 0
Tried 192000

Found so far: 4499
Validated 1760
Validations Failed 0
Tried 193000

Found so far: 4511
Validated 1772
Validations Failed 0
Tried 194000

Found so far: 4523
Validated 1784
Validations Failed 0
Tried 195000

Found so far: 4528
Validated 1789
Validations Failed 0
Tried 196000

Found so far: 4532
Validated 1793
Validations Failed 0
Tried 197000

Found so far: 4543
Validated 1804
Validations Failed 0
Tried 198000

Found so far: 4555
Validated 1816
Validations Failed 0
Tried 199000

Found so far: 4567
Validated 1828
Validations Failed 0
Tried 200000

Found so far: 4579
Validated 1840
Validations Failed 0
Tried 201000

Found so far: 4591
Validated 1852
Validations Failed 0
Tried 202000

Found so far: 4603
Validated 1864
Validations Failed 0
Tried 203000

Found so far: 4616
Validated 1875
Validations Failed 0
Tried 204000

Found so far: 4630
Validated 1887
Validations Failed 0
Tried 205000

Found so far: 4642
Validated 1899
Validations Failed 0
Tried 206000

Found so far: 4654
Validated 1911
Validations Failed 0
Tried 207000

Found so far: 4665
Validated 1922
Validations Failed 0
Tried 208000

Found so far: 4677
Validated 1934
Validations Failed 0
Tried 209000

Found so far: 4689
Validated 1946
Validations Failed 0
Tried 210000

Found so far: 4701
Validated 1958
Validations Failed 0
Tried 211000

Found so far: 4711
Validated 1968
Validations Failed 0
Tried 212000

Found so far: 4711
Validated 1968
Validations Failed 0
Tried 213000

Found so far: 4723
Validated 1979
Validations Failed 0
Tried 214000

Found so far: 4735
Validated 1991
Validations Failed 0
Tried 215000

Found so far: 4751
Validated 2003
Validations Failed 0
Tried 216000

Found so far: 4764
Validated 2015
Validations Failed 0
Tried 217000

Found so far: 4775
Validated 2026
Validations Failed 0
Tried 218000

Found so far: 4787
Validated 2038
Validations Failed 0
Tried 219000

Found so far: 4799
Validated 2050
Validations Failed 0
Tried 220000

Found so far: 4811
Validated 2062
Validations Failed 0
Tried 221000

Found so far: 4823
Validated 2074
Validations Failed 0
Tried 222000

Found so far: 4836
Validated 2086
Validations Failed 0
Tried 223000

Found so far: 4848
Validated 2098
Validations Failed 0
Tried 224000

Found so far: 4860
Validated 2110
Validations Failed 0
Tried 225000

Found so far: 4872
Validated 2122
Validations Failed 0
Tried 226000

Found so far: 4884
Validated 2134
Validations Failed 0
Tried 227000

Found so far: 4897
Validated 2146
Validations Failed 0
Tried 228000

Found so far: 4899
Validated 2148
Validations Failed 0
Tried 229000

Found so far: 4905
Validated 2154
Validations Failed 0
Tried 230000

Found so far: 4917
Validated 2166
Validations Failed 0
Tried 231000

Found so far: 4929
Validated 2178
Validations Failed 0
Tried 232000

Found so far: 4941
Validated 2190
Validations Failed 0
Tried 233000

Found so far: 4953
Validated 2202
Validations Failed 0
Tried 234000

Found so far: 4965
Validated 2214
Validations Failed 0
Tried 235000

Found so far: 4977
Validated 2226
Validations Failed 0
Tried 236000

Found so far: 4989
Validated 2238
Validations Failed 0
Tried 237000

Found so far: 5001
Validated 2250
Validations Failed 0
Tried 238000

Found so far: 5012
Validated 2261
Validations Failed 0
Tried 239000

Found so far: 5025
Validated 2273
Validations Failed 0
Tried 240000

Found so far: 5037
Validated 2285
Validations Failed 0
Tried 241000

Found so far: 5049
Validated 2297
Validations Failed 0
Tried 242000

Found so far: 5061
Validated 2309
Validations Failed 0
Tried 243000

Found so far: 5074
Validated 2321
Validations Failed 0
Tried 244000

Found so far: 5081
Validated 2328
Validations Failed 0
Tried 245000

Found so far: 5083
Validated 2330
Validations Failed 0
Tried 246000

Found so far: 5097
Validated 2342
Validations Failed 0
Tried 247000

Found so far: 5109
Validated 2354
Validations Failed 0
Tried 248000

Found so far: 5120
Validated 2365
Validations Failed 0
Tried 249000

Found so far: 5132
Validated 2377
Validations Failed 0
Tried 250000

Found so far: 5144
Validated 2389
Validations Failed 0
Tried 251000

Found so far: 5159
Validated 2401
Validations Failed 0
Tried 252000

Found so far: 5171
Validated 2413
Validations Failed 0
Tried 253000

Found so far: 5183
Validated 2425
Validations Failed 0
Tried 254000

Found so far: 5195
Validated 2437
Validations Failed 0
Tried 255000

Found so far: 5207
Validated 2449
Validations Failed 0
Tried 256000

Found so far: 5219
Validated 2461
Validations Failed 0
Tried 257000

Found so far: 5231
Validated 2473
Validations Failed 0
Tried 258000

Found so far: 5242
Validated 2484
Validations Failed 0
Tried 259000

Found so far: 5254
Validated 2496
Validations Failed 0
Tried 260000

Found so far: 5266
Validated 2508
Validations Failed 0
Tried 261000

Found so far: 5266
Validated 2508
Validations Failed 0
Tried 262000

Found so far: 5275
Validated 2517
Validations Failed 0
Tried 263000

Found so far: 5291
Validated 2529
Validations Failed 0
Tried 264000

Found so far: 5303
Validated 2541
Validations Failed 0
Tried 265000

Found so far: 5315
Validated 2553
Validations Failed 0
Tried 266000

Found so far: 5328
Validated 2565
Validations Failed 0
Tried 267000

Found so far: 5340
Validated 2577
Validations Failed 0
Tried 268000

Found so far: 5351
Validated 2588
Validations Failed 0
Tried 269000

Found so far: 5364
Validated 2600
Validations Failed 0
Tried 270000

Found so far: 5376
Validated 2612
Validations Failed 0
Tried 271000

Found so far: 5388
Validated 2624
Validations Failed 0
Tried 272000

Found so far: 5400
Validated 2636
Validations Failed 0
Tried 273000

Found so far: 5412
Validated 2648
Validations Failed 0
Tried 274000

Found so far: 5425
Validated 2660
Validations Failed 0
Tried 275000

Found so far: 5437
Validated 2672
Validations Failed 0
Tried 276000

Found so far: 5449
Validated 2684
Validations Failed 0
Tried 277000

Found so far: 5453
Validated 2688
Validations Failed 0
Tried 278000

Found so far: 5482
Validated 2688
Validations Failed 0
Tried 279000

Found so far: 5569
Validated 2688
Validations Failed 0
Tried 280000

Found so far: 5654
Validated 2688
Validations Failed 0
Tried 281000

Found so far: 5740
Validated 2688
Validations Failed 0
Tried 282000

Found so far: 5827
Validated 2688
Validations Failed 0
Tried 283000

Found so far: 5913
Validated 2688
Validations Failed 0
Tried 284000

Found so far: 5999
Validated 2688
Validations Failed 0
Tried 285000

Found so far: 6086
Validated 2688
Validations Failed 0
Tried 286000

Found so far: 6172
Validated 2688
Validations Failed 0
Tried 287000

Found so far: 6257
Validated 2688
Validations Failed 0
Tried 288000

Found so far: 6344
Validated 2688
Validations Failed 0
Tried 289000

Found so far: 6430
Validated 2688
Validations Failed 0
Tried 290000

Found so far: 6515
Validated 2688
Validations Failed 0
Tried 291000

Found so far: 6602
Validated 2688
Validations Failed 0
Tried 292000

Found so far: 6687
Validated 2688
Validations Failed 0
Tried 293000

Found so far: 6773
Validated 2688
Validations Failed 0
Tried 294000

Found so far: 6788
Validated 2688
Validations Failed 0
Tried 295000

Found so far: 6800
Validated 2700
Validations Failed 0
Tried 296000

Found so far: 6812
Validated 2712
Validations Failed 0
Tried 297000

Found so far: 6824
Validated 2724
Validations Failed 0
Tried 298000

Found so far: 6836
Validated 2736
Validations Failed 0
Tried 299000

Found so far: 6847
Validated 2747
Validations Failed 0
Tried 300000

Found so far: 6859
Validated 2759
Validations Failed 0
Tried 301000

Found so far: 6872
Validated 2771
Validations Failed 0
Tried 302000

Found so far: 6887
Validated 2781
Validations Failed 0
Tried 303000

Found so far: 6900
Validated 2793
Validations Failed 0
Tried 304000

Found so far: 6915
Validated 2803
Validations Failed 0
Tried 305000

Found so far: 6927
Validated 2814
Validations Failed 0
Tried 306000

Found so far: 6939
Validated 2826
Validations Failed 0
Tried 307000

Found so far: 6951
Validated 2838
Validations Failed 0
Tried 308000

Found so far: 6963
Validated 2850
Validations Failed 0
Tried 309000

Found so far: 6974
Validated 2861
Validations Failed 0
Tried 310000

Found so far: 6976
Validated 2863
Validations Failed 0
Tried 311000

Found so far: 7026
Validated 2863
Validations Failed 0
Tried 312000

Found so far: 7111
Validated 2863
Validations Failed 0
Tried 313000

Found so far: 7118
Validated 2863
Validations Failed 0
Tried 314000

Found so far: 7118
Validated 2863
Validations Failed 0
Tried 315000

Found so far: 7118
Validated 2863
Validations Failed 0
Tried 316000

Found so far: 7118
Validated 2863
Validations Failed 0
Tried 317000

Found so far: 7118
Validated 2863
Validations Failed 0
Tried 318000

Found so far: 7118
Validated 2863
Validations Failed 0
Tried 319000

Found so far: 7118
Validated 2863
Validations Failed 0
Tried 320000

Found so far: 7118
Validated 2863
Validations Failed 0
Tried 321000

Found so far: 7118
Validated 2863
Validations Failed 0
Tried 322000

Found so far: 7118
Validated 2863
Validations Failed 0
Tried 323000

Found so far: 7118
Validated 2863
Validations Failed 0
Tried 324000

Found so far: 7118
Validated 2863
Validations Failed 0
Tried 325000

Found so far: 7118
Validated 2863
Validations Failed 0
Tried 326000

Found so far: 7118
Validated 2863
Validations Failed 0
Tried 327000

Found so far: 7135
Validated 2863
Validations Failed 0
Tried 328000

Found so far: 7220
Validated 2863
Validations Failed 0
Tried 329000

Found so far: 7306
Validated 2863
Validations Failed 0
Tried 330000

Found so far: 7392
Validated 2863
Validations Failed 0
Tried 331000

Found so far: 7448
Validated 2863
Validations Failed 0
Tried 332000

Found so far: 7448
Validated 2863
Validations Failed 0
Tried 333000

Found so far: 7448
Validated 2863
Validations Failed 0
Tried 334000

Found so far: 7448
Validated 2863
Validations Failed 0
Tried 335000

Found so far: 7448
Validated 2863
Validations Failed 0
Tried 336000

Found so far: 7448
Validated 2863
Validations Failed 0
Tried 337000

Found so far: 7448
Validated 2863
Validations Failed 0
Tried 338000

Found so far: 7448
Validated 2863
Validations Failed 0
Tried 339000

Found so far: 7448
Validated 2863
Validations Failed 0
Tried 340000

Found so far: 7448
Validated 2863
Validations Failed 0
Tried 341000

Found so far: 7448
Validated 2863
Validations Failed 0
Tried 342000

Found so far: 7448
Validated 2863
Validations Failed 0
Tried 343000

Found so far: 7448
Validated 2863
Validations Failed 0
Tried 344000

Found so far: 7458
Validated 2873
Validations Failed 0
Tried 345000

Found so far: 7472
Validated 2883
Validations Failed 0
Tried 346000

Found so far: 7484
Validated 2895
Validations Failed 0
Tried 347000

Found so far: 7497
Validated 2907
Validations Failed 0
Tried 348000

Found so far: 7509
Validated 2919
Validations Failed 0
Tried 349000

Found so far: 7521
Validated 2931
Validations Failed 0
Tried 350000

Found so far: 7532
Validated 2942
Validations Failed 0
Tried 351000

Found so far: 7544
Validated 2954
Validations Failed 0
Tried 352000

Found so far: 7556
Validated 2966
Validations Failed 0
Tried 353000

Found so far: 7569
Validated 2978
Validations Failed 0
Tried 354000

Found so far: 7583
Validated 2989
Validations Failed 0
Tried 355000

Found so far: 7595
Validated 3001
Validations Failed 0
Tried 356000

Found so far: 7607
Validated 3013
Validations Failed 0
Tried 357000

Found so far: 7619
Validated 3025
Validations Failed 0
Tried 358000

Found so far: 7632
Validated 3037
Validations Failed 0
Tried 359000

Found so far: 7635
Validated 3040
Validations Failed 0
Tried 360000

Found so far: 7640
Validated 3045
Validations Failed 0
Tried 361000

Found so far: 7652
Validated 3057
Validations Failed 0
Tried 362000

Found so far: 7664
Validated 3069
Validations Failed 0
Tried 363000

Found so far: 7676
Validated 3081
Validations Failed 0
Tried 364000

Found so far: 7688
Validated 3093
Validations Failed 0
Tried 365000

Found so far: 7700
Validated 3105
Validations Failed 0
Tried 366000

Found so far: 7712
Validated 3117
Validations Failed 0
Tried 367000

Found so far: 7724
Validated 3129
Validations Failed 0
Tried 368000

Found so far: 7739
Validated 3141
Validations Failed 0
Tried 369000

Found so far: 7751
Validated 3153
Validations Failed 0
Tried 370000

Found so far: 7763
Validated 3164
Validations Failed 0
Tried 371000

Found so far: 7775
Validated 3176
Validations Failed 0
Tried 372000

Found so far: 7787
Validated 3188
Validations Failed 0
Tried 373000

Found so far: 7799
Validated 3200
Validations Failed 0
Tried 374000

Found so far: 7811
Validated 3212
Validations Failed 0
Tried 375000

Found so far: 7819
Validated 3220
Validations Failed 0
Tried 376000

Found so far: 7822
Validated 3220
Validations Failed 0
Tried 377000

Found so far: 7909
Validated 3220
Validations Failed 0
Tried 378000

Found so far: 7995
Validated 3220
Validations Failed 0
Tried 379000

Found so far: 8079
Validated 3220
Validations Failed 0
Tried 380000

Found so far: 8079
Validated 3220
Validations Failed 0
Tried 381000

Found so far: 8079
Validated 3220
Validations Failed 0
Tried 382000

Found so far: 8079
Validated 3220
Validations Failed 0
Tried 383000

Found so far: 8079
Validated 3220
Validations Failed 0
Tried 384000

Found so far: 8079
Validated 3220
Validations Failed 0
Tried 385000

Found so far: 8079
Validated 3220
Validations Failed 0
Tried 386000

Found so far: 8079
Validated 3220
Validations Failed 0
Tried 387000

Found so far: 8079
Validated 3220
Validations Failed 0
Tried 388000

Found so far: 8079
Validated 3220
Validations Failed 0
Tried 389000

Found so far: 8079
Validated 3220
Validations Failed 0
Tried 390000

Found so far: 8079
Validated 3220
Validations Failed 0
Tried 391000

Found so far: 8079
Validated 3220
Validations Failed 0
Tried 392000

Found so far: 8079
Validated 3220
Validations Failed 0
Tried 393000

Found so far: 8087
Validated 3228
Validations Failed 0
Tried 394000

Found so far: 8099
Validated 3240
Validations Failed 0
Tried 395000

Found so far: 8113
Validated 3252
Validations Failed 0
Tried 396000

Found so far: 8125
Validated 3264
Validations Failed 0
Tried 397000

Found so far: 8137
Validated 3276
Validations Failed 0
Tried 398000

Found so far: 8150
Validated 3287
Validations Failed 0
Tried 399000

Found so far: 8162
Validated 3299
Validations Failed 0
Tried 400000

Found so far: 8174
Validated 3311
Validations Failed 0
Tried 401000

Found so far: 8186
Validated 3322
Validations Failed 0
Tried 402000

Found so far: 8198
Validated 3334
Validations Failed 0
Tried 403000

Found so far: 8210
Validated 3346
Validations Failed 0
Tried 404000

Found so far: 8222
Validated 3357
Validations Failed 0
Tried 405000

Found so far: 8234
Validated 3367
Validations Failed 0
Tried 406000

Found so far: 8246
Validated 3379
Validations Failed 0
Tried 407000

Found so far: 8259
Validated 3391
Validations Failed 0
Tried 408000

Found so far: 8264
Validated 3396
Validations Failed 0
Tried 409000

Found so far: 8269
Validated 3400
Validations Failed 0
Tried 410000

Found so far: 8283
Validated 3412
Validations Failed 0
Tried 411000

Found so far: 8294
Validated 3423
Validations Failed 0
Tried 412000

Found so far: 8306
Validated 3435
Validations Failed 0
Tried 413000

Found so far: 8318
Validated 3447
Validations Failed 0
Tried 414000

Found so far: 8330
Validated 3459
Validations Failed 0
Tried 415000

Found so far: 8343
Validated 3471
Validations Failed 0
Tried 416000

Found so far: 8355
Validated 3483
Validations Failed 0
Tried 417000

Found so far: 8369
Validated 3495
Validations Failed 0
Tried 418000

Found so far: 8382
Validated 3507
Validations Failed 0
Tried 419000

Found so far: 8394
Validated 3519
Validations Failed 0
Tried 420000

Found so far: 8406
Validated 3531
Validations Failed 0
Tried 421000

Found so far: 8418
Validated 3542
Validations Failed 0
Tried 422000

Found so far: 8431
Validated 3554
Validations Failed 0
Tried 423000

Found so far: 8443
Validated 3565
Validations Failed 0
Tried 424000

Found so far: 8453
Validated 3575
Validations Failed 0
Tried 425000

Found so far: 8453
Validated 3575
Validations Failed 0
Tried 426000

Found so far: 8465
Validated 3586
Validations Failed 0
Tried 427000

Found so far: 8477
Validated 3598
Validations Failed 0
Tried 428000

Found so far: 8491
Validated 3609
Validations Failed 0
Tried 429000

Found so far: 8503
Validated 3621
Validations Failed 0
Tried 430000

Found so far: 8515
Validated 3632
Validations Failed 0
Tried 431000

Found so far: 8526
Validated 3643
Validations Failed 0
Tried 432000

Found so far: 8539
Validated 3655
Validations Failed 0
Tried 433000

Found so far: 8551
Validated 3667
Validations Failed 0
Tried 434000

Found so far: 8563
Validated 3679
Validations Failed 0
Tried 435000

Found so far: 8575
Validated 3691
Validations Failed 0
Tried 436000

Found so far: 8587
Validated 3703
Validations Failed 0
Tried 437000

Found so far: 8599
Validated 3715
Validations Failed 0
Tried 438000

Found so far: 8611
Validated 3727
Validations Failed 0
Tried 439000

Found so far: 8623
Validated 3739
Validations Failed 0
Tried 440000

Found so far: 8635
Validated 3751
Validations Failed 0
Tried 441000

Found so far: 8637
Validated 3753
Validations Failed 0
Tried 442000

Found so far: 8644
Validated 3759
Validations Failed 0
Tried 443000

Found so far: 8656
Validated 3771
Validations Failed 0
Tried 444000

Found so far: 8669
Validated 3783
Validations Failed 0
Tried 445000

Found so far: 8681
Validated 3795
Validations Failed 0
Tried 446000

Found so far: 8693
Validated 3807
Validations Failed 0
Tried 447000

Found so far: 8705
Validated 3819
Validations Failed 0
Tried 448000

Found so far: 8717
Validated 3831
Validations Failed 0
Tried 449000

Found so far: 8729
Validated 3843
Validations Failed 0
Tried 450000

Found so far: 8741
Validated 3855
Validations Failed 0
Tried 451000

Found so far: 8754
Validated 3867
Validations Failed 0
Tried 452000

Found so far: 8765
Validated 3878
Validations Failed 0
Tried 453000

Found so far: 8777
Validated 3890
Validations Failed 0
Tried 454000

Found so far: 8789
Validated 3902
Validations Failed 0
Tried 455000

Found so far: 8802
Validated 3914
Validations Failed 0
Tried 456000

Found so far: 8814
Validated 3926
Validations Failed 0
Tried 457000

Found so far: 8821
Validated 3933
Validations Failed 0
Tried 458000

Found so far: 8823
Validated 3935
Validations Failed 0
Tried 459000

Found so far: 8835
Validated 3947
Validations Failed 0
Tried 460000

Found so far: 8847
Validated 3959
Validations Failed 0
Tried 461000

Found so far: 8859
Validated 3971
Validations Failed 0
Tried 462000

Found so far: 8870
Validated 3982
Validations Failed 0
Tried 463000

Found so far: 8882
Validated 3994
Validations Failed 0
Tried 464000

Found so far: 8894
Validated 4006
Validations Failed 0
Tried 465000

Found so far: 8906
Validated 4018
Validations Failed 0
Tried 466000

Found so far: 8918
Validated 4030
Validations Failed 0
Tried 467000

Found so far: 8931
Validated 4042
Validations Failed 0
Tried 468000

Found so far: 8943
Validated 4054
Validations Failed 0
Tried 469000

Found so far: 8955
Validated 4066
Validations Failed 0
Tried 470000

Found so far: 8967
Validated 4078
Validations Failed 0
Tried 471000

Found so far: 8979
Validated 4090
Validations Failed 0
Tried 472000

Found so far: 8990
Validated 4101
Validations Failed 0
Tried 473000

Found so far: 9002
Validated 4113
Validations Failed 0
Tried 474000

Found so far: 9002
Validated 4113
Validations Failed 0
Tried 475000

Found so far: 9011
Validated 4122
Validations Failed 0
Tried 476000

Found so far: 9023
Validated 4134
Validations Failed 0
Tried 477000

Found so far: 9031
Validated 4142
Validations Failed 0
Tried 478000

Found so far: 9031
Validated 4142
Validations Failed 0
Tried 479000

Found so far: 9031
Validated 4142
Validations Failed 0
Tried 480000

Found so far: 9031
Validated 4142
Validations Failed 0
Tried 481000

Found so far: 9031
Validated 4142
Validations Failed 0
Tried 482000

Found so far: 9031
Validated 4142
Validations Failed 0
Tried 483000

Found so far: 9031
Validated 4142
Validations Failed 0
Tried 484000

Found so far: 9031
Validated 4142
Validations Failed 0
Tried 485000

Found so far: 9031
Validated 4142
Validations Failed 0
Tried 486000

Found so far: 9031
Validated 4142
Validations Failed 0
Tried 487000

Found so far: 9031
Validated 4142
Validations Failed 0
Tried 488000

Found so far: 9031
Validated 4142
Validations Failed 0
Tried 489000

Found so far: 9031
Validated 4142
Validations Failed 0
Tried 490000

Found so far: 9031
Validated 4142
Validations Failed 0
Tried 491000

Found so far: 9061
Validated 4142
Validations Failed 0
Tried 492000

Found so far: 9147
Validated 4142
Validations Failed 0
Tried 493000

Found so far: 9193
Validated 4142
Validations Failed 0
Tried 494000

Found so far: 9193
Validated 4142
Validations Failed 0
Tried 495000

Found so far: 9193
Validated 4142
Validations Failed 0
Tried 496000

Found so far: 9193
Validated 4142
Validations Failed 0
Tried 497000

Found so far: 9193
Validated 4142
Validations Failed 0
Tried 498000

Found so far: 9193
Validated 4142
Validations Failed 0
Tried 499000

Found so far: 9193
Validated 4142
Validations Failed 0
Tried 500000

Found so far: 9193
Validated 4142
Validations Failed 0
Tried 501000

Found so far: 9193
Validated 4142
Validations Failed 0
Tried 502000

Found so far: 9193
Validated 4142
Validations Failed 0
Tried 503000

Found so far: 9193
Validated 4142
Validations Failed 0
Tried 504000

Found so far: 9193
Validated 4142
Validations Failed 0
Tried 505000

Found so far: 9193
Validated 4142
Validations Failed 0
Tried 506000

Found so far: 9193
Validated 4142
Validations Failed 0
Tried 507000

Score: 4.0

Score: 4.0

Score: 4.0

Score: 4.0

Score: 4.0

Score: 4.0

Score: 4.0

Score: 4.0

Score: 4.0

Score: 4.0

Score: 4.0

Score: 4.0

Score: 4.0

Score: 4.0

Score: 4.0

Score: 4.0

Score: 4.0

Score: 4.0

Score: 4.0

Score: 3.9375

Score: 4.0

Score: 4.0

Score: 4.0

Score: 4.0

Score: 4.0

Score: 4.0

Score: 4.0

Score: 4.0

Score: 4.0

Score: 4.0

Score: 4.0

Score: 4.0

Score: 3.85714285714

Score: 4.0

Score: 4.0

Score: 4.0

Score: 4.0

Score: 4.0

Score: 4.0

Score: 3.6

Score: 3.85714285714

Score: 4.0

Score: 4.0

Score: 3.89473684211

Score: 4.0

Score: 3.71428571429

Score: 3.88888888889

Score: 3.66666666667

Score: 4.0

Score: 3.90476190476

Score: 3.75

Score: 4.0

Score: 4.0

Score: 4.0

Score: 4.0

Score: 4.0

Score: 4.0

Score: 4.0

Score: 4.0

Score: 3.91666666667

Score: 4.0

Score: 4.0

Score: 4.0

Score: 4.0

Score: 4.0

Score: 4.0

Score: 4.0

Score: 3.71428571429

Score: 3.875

Score: 4.0

Score: 4.0

Score: 4.0

Score: 4.0

Score: 4.0

Score: 3.80952380952

Score: 3.8

Score: 4.0

Score: 3.94444444444

Score: 4.0

Score: 4.0

Score: 3.75

Score: 4.0

Score: 4.0

Score: 3.8

Score: 4.0

Score: 4.0

Score: 4.0

Score: 4.0

Score: 3.92307692308

Score: 4.0

Score: 4.0

Score: 4.0

Score: 3.91666666667

Score: 3.94444444444

Score: 4.0

Score: 3.81818181818

Score: 3.83333333333

Score: 4.0

Score: 4.0

Score: 3.9

Score: 4.0

Score: 4.0

Score: 4.0

Score: 3.71428571429

Score: 3.88888888889

Score: 4.0

Score: 4.0

Score: 4.0

Score: 4.0

Score: 4.0

Score: 3.75714285714

Score: 4.0

Score: 4.0

Score: 3.96153846154

Score: 4.0

Score: 4.0

Score: 4.0

Score: 4.0

Score: 4.0

Score: 4.0

Score: 4.0

Score: 4.0

Score: 4.0

Score: 3.8

Score: 4.0

Score: 4.0

Score: 4.0

Score: 4.0

Score: 4.0

Score: 4.0

Score: 4.0

Score: 4.0

Score: 4.0

Score: 4.0

Score: 4.0

Score: 4.0

Score: 4.0

Score: 4.0

Score: 4.0

Score: 4.0

Score: 4.0

Score: 3.6

Score: 4.0

Score: 4.0

Score: 4.0

Score: 4.0

Score: 4.0

Score: 4.0

Score: 4.0

Score: 4.0

Score: 4.0

Score: 4.0

Score: 4.0

Score: 4.0

Score: 4.0

Score: 4.0

Score: 4.0

Score: 4.0

Score: 4.0

Score: 4.0

Score: 4.0

Score: 4.0

Score: 4.0

Score: 4.0

Score: 4.0

Score: 4.0

Score: 4.0

Score: 4.0

Score: 4.0

Score: 4.0

Score: 4.0

Score: 4.0

Score: 3.6

Score: 3.89473684211

Score: 4.0

Score: 4.0

Score: 3.92307692308

Score: 4.0

Score: 4.0

Score: 4.0

Score: 3.91666666667

Score: 3.94444444444

Score: 4.0

Score: 3.81818181818

Score: 3.83333333333

Score: 4.0

Score: 4.0

Score: 3.9

Score: 4.0

Score: 4.0

Score: 4.0

Score: 3.71428571429

Score: 3.88888888889

Score: 4.0

Score: 4.0

Score: 4.0

Score: 4.0

Score: 4.0

Score: 3.75714285714

Score: 4.0

Score: 4.0

Score: 3.96153846154

Score: 4.0

Score: 4.0

Score: 4.0

Score: 4.0

Score: 4.0

Score: 4.0

Score: 4.0

Score: 4.0

Score: 4.0

Score: 3.8

Score: 4.0

Score: 4.0

Score: 4.0

Score: 4.0

Score: 4.0

Score: 4.0

Score: 4.0

Score: 4.0

Score: 4.0

Score: 4.0

Score: 4.0

Score: 4.0

Score: 4.0

Score: 4.0

Score: 4.0

Score: 4.0

Score: 4.0

Score: 3.6

Score: 4.0

Score: 4.0

Score: 4.0

Score: 4.0

Score: 4.0

Score: 4.0

Score: 4.0

Score: 4.0

Score: 4.0

Score: 4.0

Score: 4.0

Score: 4.0

Score: 4.0

Score: 4.0

Score: 4.0

Score: 4.0

Score: 4.0

Score: 4.0

Score: 4.0

Score: 4.0

Score: 4.0

Score: 4.0

Score: 4.0

Score: 4.0

Score: 4.0

Score: 4.0

Score: 4.0

Score: 4.0

Score: 4.0

Score: 4.0

Score: 3.6

Score: 3.89473684211

Score: 4.0

Score: 4.0

Score: 4.0

Score: 4.0

Score: 4.0

Score: 4.0

Score: 4.0

Score: 3.6

Score: 4.0

Score: 4.0

Score: 3.92857142857

Score: 4.0

Score: 4.0

Score: 4.0

Score: 4.0

Score: 4.0

Score: 4.0

Score: 4.0

Score: 4.0

Score: 3.66666666667

Score: 4.0

Score: 4.0

Score: 4.0

Score: 4.0

Score: 4.0

Score: 4.0

Score: 3.77777777778

Score: 4.0

Score: 4.0

Score: 4.0

Score: 3.8

Score: 3.875

Score: 3.83333333333

Score: 4.0

Score: 4.0

Score: 4.0

Score: 3.55

Score: 3.88888888889

Score: 3.65714285714

Score: 3.88888888889

Score: 3.81818181818

Score: 3.90909090909

Score: 3.625

Score: 3.83333333333

Score: 4.0

Score: 3.84126984127

Score: 3.8

Score: 4.0

Score: 3.88888888889

Score: 4.0

Score: 3.79797979798

Score: 3.76623376623

Score: 3.95652173913

Score: 4.0

Score: 3.78362573099

Score: 3.9

Score: 4.0

Score: 3.81746031746

Score: 3.88888888889

Score: 3.85714285714

Score: 3.83333333333

Score: 4.0

Score: 4.0

Score: 3.88888888889

Score: 3.83333333333

Score: 4.0

Score: 4.0

Score: 3.88888888889

Score: 3.75

Score: 4.0

Score: 3.63888888889

Score: 3.79797979798

Score: 4.0

Score: 3.85714285714

Score: 3.79365079365

Score: 4.0

Score: 3.88888888889

Score: 3.88888888889

Score: 3.75

Score: 3.88888888889

Score: 3.92857142857

Score: 3.92857142857

Score: 4.0

Score: 3.88888888889

Score: 3.875

Score: 3.92857142857

Score: 4.0

Score: 3.60317460317

Score: 4.0

Score: 3.88888888889

Score: 3.79797979798

Score: 3.69047619048

Score: 4.0

Score: 3.675

Score: 3.92307692308

Score: 3.9

Score: 3.88888888889

Score: 3.78571428571

Score: 3.83333333333

Score: 4.0

Score: 3.75641025641

Score: 3.63333333333

Score: 3.83333333333

Score: 3.95

Score: 4.0

Score: 4.0

Score: 3.88888888889

Score: 4.0

Score: 4.0

Score: 3.625

Score: 4.0

Score: 4.0

Score: 3.8

Score: 4.0

Score: 3.83333333333

Score: 3.74603174603

Score: 3.94444444444

Score: 4.0

Score: 3.74603174603

Score: 3.875

Score: 3.875

Score: 3.88888888889

Score: 3.85714285714

Score: 3.92307692308

Score: 4.0

Score: 3.88888888889

Score: 3.83333333333

Score: 4.0

Score: 4.0

Score: 3.8

Score: 3.82222222222

Score: 3.73333333333

Score: 3.75

Score: 3.88888888889

Score: 3.91666666667

Score: 3.74603174603

Score: 3.78888888889

Score: 3.72222222222

Score: 3.88888888889

Score: 3.90909090909

Score: 4.0

Score: 4.0

Score: 4.0

Score: 3.83333333333

Score: 4.0

Score: 3.83333333333

Score: 3.88888888889

Score: 4.0

Score: 3.88888888889

Score: 3.875

Score: 3.79365079365

Score: 4.0

Score: 3.74603174603

Score: 3.77777777778

Score: 4.0

Score: 3.88888888889

Score: 3.58333333333

Score: 3.875

Score: 4.0

Score: 4.0

Score: 4.0

Score: 4.0

Score: 3.88888888889

Score: 3.68888888889

Score: 3.83333333333

Score: 3.91666666667

Score: 3.75

Score: 3.92857142857

Score: 3.88888888889

Score: 3.88888888889

Score: 4.0

Score: 3.875

Score: 3.8

Score: 3.83333333333

Score: 3.85714285714

Score: 3.88888888889

Score: 4.0

Score: 3.88888888889

Score: 3.88888888889

Score: 3.79797979798

Score: 3.875

Score: 3.83333333333

Score: 3.88888888889

Score: 4.0

Score: 3.675

Score: 3.93333333333

Score: 3.90909090909

Score: 4.0

Score: 3.75

Score: 4.0

Score: 3.88888888889

Score: 4.0

Score: 3.72222222222

Score: 3.85714285714

Score: 3.875

Score: 3.675

Score: 3.8

Score: 3.92307692308

Score: 3.78888888889

Score: 4.0

Score: 3.88888888889

Score: 3.88888888889

Score: 3.75

Score: 4.0

Score: 4.0

Score: 3.88888888889

Score: 4.0

Score: 4.0

Score: 3.83006535948

Score: 4.0

Score: 3.88888888889

Score: 4.0

Score: 3.90909090909

Score: 3.85714285714

Score: 4.0

Score: 3.75

Score: 3.55555555556

Score: 4.0

Score: 3.88888888889

Score: 4.0

Score: 4.0

Score: 3.81746031746

Score: 3.83333333333

Score: 3.88888888889

Score: 3.8

Score: 3.88888888889

Score: 3.92857142857

Score: 4.0

Score: 3.92857142857

Score: 3.83333333333

Score: 3.88888888889

Score: 3.81196581197

Score: 4.0

Score: 3.625

Score: 3.92857142857

Score: 3.74603174603

Score: 4.0

Score: 3.75

Score: 3.88888888889

Score: 4.0

Score: 3.88888888889

Score: 4.0

Score: 3.83333333333

Score: 3.8

Score: 4.0

Score: 4.0

Score: 3.76973684211

Score: 3.83333333333

Score: 3.79797979798

Score: 4.0

Score: 4.0

Score: 4.0

Score: 3.88888888889

Score: 3.88888888889

Score: 3.88888888889

Score: 4.0

Score: 4.0

Score: 4.0

Score: 3.88888888889

Score: 3.68888888889

Score: 3.76388888889

Score: 3.875

Score: 3.58333333333

Score: 3.83333333333

Score: 3.9

Score: 4.0

Score: 3.88888888889

Score: 3.83333333333

Score: 3.85714285714

Score: 4.0

Score: 3.85714285714

Score: 3.85714285714

Score: 3.92857142857

Score: 3.93333333333

Score: 3.55555555556

Score: 3.70476190476

Score: 4.0

Score: 4.0

Score: 4.0

Score: 4.0

Score: 4.0

Score: 4.0

Score: 4.0

Score: 4.0

Score: 4.0

Score: 4.0

Score: 4.0

Score: 4.0

Score: 4.0

Score: 4.0

Score: 4.0

Score: 4.0

Score: 4.0

Score: 4.0

Score: 4.0

Score: 4.0

Score: 4.0

Score: 4.0

Score: 4.0

Score: 4.0

Score: 4.0

Score: 4.0

Score: 4.0

Score: 4.0

Score: 4.0

Score: 4.0

Score: 4.0

Score: 4.0

Score: 4.0

Score: 4.0

Score: 4.0

Score: 4.0

Score: 4.0

Score: 4.0

Score: 4.0

Score: 3.88461538462

Score: 4.0

Score: 4.0

Score: 4.0

Score: 4.0

Score: 4.0

Score: 4.0

Score: 4.0

Score: 4.0

Score: 4.0

Score: 4.0

Score: 4.0

Score: 4.0

Score: 4.0

Score: 4.0

Score: 4.0

Score: 4.0

Score: 4.0

Score: 4.0

Score: 4.0

Score: 4.0

Score: 4.0

Score: 4.0

Score: 4.0

Score: 4.0

Score: 4.0

Score: 4.0

Score: 4.0

Score: 4.0

Score: 4.0

Score: 4.0

Score: 4.0

Score: 4.0

Score: 4.0

Score: 4.0

Score: 3.92857142857

Score: 4.0

Score: 4.0

Score: 4.0

Score: 4.0

Score: 4.0

Score: 4.0

Score: 4.0

Score: 4.0

Score: 4.0

Score: 4.0

Score: 4.0

Score: 4.0

Score: 4.0

Score: 4.0

Score: 4.0

Score: 4.0

Score: 3.8

Score: 4.0

Score: 4.0

Score: 3.9

Score: 4.0

Score: 4.0

Score: 4.0

Score: 4.0

Score: 3.81666666667

Score: 3.8

Score: 3.66666666667

Score: 4.0

Score: 4.0

Score: 3.91666666667

Score: 3.56666666667

Score: 3.88888888889

Score: 3.875

Score: 4.0

Score: 3.52380952381

Score: 3.875

Score: 3.66666666667

Score: 4.0

Score: 4.0

Score: 4.0

Score: 4.0

Score: 4.0

Score: 4.0

Score: 4.0

Score: 3.85714285714

Score: 3.75714285714

Score: 3.83333333333

Score: 4.0

Score: 3.66666666667

Score: 3.66666666667

Score: 4.0

Score: 4.0

Score: 3.75

Score: 4.0

Score: 4.0

Score: 3.95652173913

Score: 4.0

Score: 4.0

Score: 3.9

Score: 3.95833333333

Score: 4.0

Score: 4.0

Score: 4.0

Score: 4.0

Score: 4.0

Score: 4.0

Score: 3.83333333333

Score: 4.0

Score: 3.83333333333

Score: 3.89473684211

Score: 4.0

Score: 3.875

Score: 4.0

Score: 4.0

Score: 3.875

Score: 4.0

Score: 4.0

Score: 4.0

Score: 4.0

Score: 4.0

Score: 4.0

Score: 4.0

Score: 4.0

Score: 4.0

Score: 4.0

Score: 4.0

Score: 4.0

Score: 4.0

Score: 4.0

Score: 4.0

Score: 4.0

Score: 4.0

Score: 4.0

Score: 4.0

Score: 4.0

Score: 4.0

Score: 4.0

Score: 4.0

Score: 4.0

Score: 4.0

Score: 4.0

Score: 4.0

Score: 4.0

Score: 4.0

Score: 4.0

Score: 4.0

Score: 4.0

Score: 4.0

Score: 4.0

Score: 4.0

Score: 4.0

Score: 4.0

Score: 4.0

Score: 4.0

Score: 4.0

Score: 4.0

Score: 4.0

Score: 4.0

Score: 4.0

Score: 4.0

Score: 4.0

Score: 4.0

Score: 4.0

Score: 4.0

Score: 4.0

Score: 4.0

Score: 3.83333333333

Score: 4.0

Score: 4.0

Score: 4.0

Score: 4.0

Score: 3.94117647059

Score: 3.85714285714

Score: 4.0

Score: 3.88888888889

Score: 3.8

Score: 3.96

Score: 4.0

Score: 3.8

Score: 4.0

Score: 4.0

Score: 4.0

Score: 4.0

Score: 3.875

Score: 3.81818181818

Score: 4.0

Score: 4.0

Score: 4.0

Score: 3.8125

Score: 3.95454545455

Score: 4.0

Score: 3.85714285714

Score: 4.0

Score: 3.85714285714

Score: 4.0

Score: 3.94117647059

Score: 3.94117647059

Score: 3.94117647059

Score: 4.0

Score: 4.0

Score: 3.8

Score: 3.875

Score: 4.0

Score: 3.69117647059

Score: 3.93333333333

Score: 4.0

Score: 3.89285714286

Score: 3.85714285714

Score: 4.0

Score: 4.0

Score: 3.8

Score: 3.75

Score: 3.875

Score: 3.83333333333

Score: 4.0

Score: 4.0

Score: 4.0

Score: 4.0

Score: 4.0

Score: 3.94117647059

Score: 4.0

Score: 4.0

Score: 4.0

Score: 4.0

Score: 4.0

Score: 4.0

Score: 4.0

Score: 4.0

Score: 4.0

Score: 4.0

Score: 4.0

Score: 4.0

Score: 4.0

Score: 4.0

Score: 4.0

Score: 4.0

Score: 4.0

Score: 4.0

Score: 4.0

Score: 4.0

Score: 4.0

Score: 4.0

Score: 4.0

Score: 4.0

Score: 4.0

Score: 4.0

Score: 4.0

Score: 4.0

Score: 4.0

Score: 4.0

Score: 4.0

Score: 4.0

Score: 4.0

Score: 4.0

Score: 4.0

Score: 4.0

Score: 4.0

Score: 4.0

Score: 4.0

Score: 4.0

Score: 4.0

Score: 4.0

Score: 4.0

Score: 4.0

Score: 4.0

Score: 4.0

Score: 4.0

Score: 4.0

Score: 4.0

Score: 4.0

Score: 4.0

Score: 4.0

Score: 4.0

Score: 4.0

Score: 4.0

Score: 4.0

Score: 4.0

Score: 4.0

Score: 4.0

Score: 4.0

Score: 4.0

Score: 3.88888888889

Score: 4.0

Score: 4.0

Score: 4.0

Score: 3.88888888889

Score: 4.0

Score: 4.0

Score: 4.0

Score: 4.0

Score: 3.9

Score: 4.0

Score: 4.0

Score: 4.0

Score: 4.0

Score: 3.94444444444

Score: 4.0

Score: 4.0

Score: 4.0

Score: 4.0

Score: 4.0

Score: 4.0

Score: 4.0

Score: 4.0

Score: 4.0

Score: 4.0

Score: 4.0

Score: 4.0

Score: 4.0

Score: 4.0

Score: 4.0

Score: 4.0

Score: 4.0

Score: 4.0

Score: 3.8

Score: 4.0

Score: 4.0

Score: 4.0

Score: 4.0

Score: 4.0

Score: 4.0

Score: 4.0

Score: 4.0

Score: 4.0

Score: 4.0

Score: 4.0

Score: 4.0

Score: 4.0

Score: 4.0

Score: 4.0

Score: 4.0

Score: 4.0

Score: 4.0

Score: 4.0

Score: 4.0

Score: 4.0

Score: 4.0

Score: 4.0

Score: 4.0

Score: 4.0

Score: 4.0

Score: 4.0

Score: 4.0

Score: 4.0

Score: 4.0

Score: 4.0

Score: 4.0

Score: 4.0

Score: 4.0

Score: 4.0

Score: 4.0

Score: 4.0

Score: 4.0

Score: 4.0

Score: 4.0

Score: 4.0

Score: 4.0

Score: 4.0

Score: 4.0

Score: 4.0

Score: 4.0

Score: 3.90476190476

Score: 4.0

Score: 4.0

Score: 4.0

Score: 4.0

Score: 4.0

Score: 4.0

Score: 4.0

Score: 4.0

Score: 4.0

Score: 4.0

Score: 4.0

Score: 4.0

Score: 4.0

Score: 4.0

Score: 4.0

Score: 4.0

Score: 4.0

Score: 4.0

Score: 4.0

Score: 4.0

Score: 4.0

Score: 4.0

Score: 4.0

Score: 4.0

Score: 3.875

Score: 4.0

Score: 3.86666666667

Score: 4.0

Score: 4.0

Score: 4.0

Score: 4.0

Score: 4.0

Score: 4.0

Score: 4.0

Score: 4.0

Score: 4.0

Score: 4.0

Score: 4.0

Score: 4.0

Score: 4.0

Score: 4.0

Score: 4.0

Score: 4.0

Score: 4.0

Score: 4.0

Score: 4.0

Score: 4.0

Score: 3.875

Score: 4.0

Score: 4.0

Score: 4.0

Score: 4.0

Score: 4.0

Score: 4.0

Score: 3.8125

Score: 3.88888888889

Score: 4.0

Score: 4.0

Score: 4.0

Score: 4.0

Score: 4.0

Score: 3.92857142857

Score: 4.0

Score: 4.0

Score: 4.0

Score: 4.0

Score: 4.0

Score: 4.0

Score: 4.0

Score: 4.0

Score: 4.0

Score: 4.0

Score: 4.0

Score: 4.0

Score: 4.0

Score: 3.92857142857

Score: 4.0

Score: 3.83333333333

Score: 3.88888888889

Score: 4.0

Score: 4.0

Score: 3.875

Score: 4.0

Score: 4.0

Score: 4.0

Score: 4.0

Score: 4.0

Score: 4.0

Score: 4.0

Score: 4.0

Score: 4.0

Score: 4.0

Score: 4.0

Score: 4.0

Score: 4.0

Score: 4.0

Score: 4.0

Score: 4.0

Score: 4.0

Score: 4.0

Score: 4.0

Score: 4.0

Score: 4.0

Score: 4.0

Score: 4.0

Score: 4.0

Score: 4.0

Score: 4.0

Score: 4.0

Score: 4.0

Score: 4.0

Score: 4.0

Score: 4.0

Score: 4.0

Score: 4.0

Score: 4.0

Score: 4.0

Score: 4.0

Score: 4.0

Score: 4.0

Score: 4.0

Score: 4.0

Score: 4.0

Score: 4.0

Score: 4.0

Score: 4.0

Score: 4.0

Score: 4.0

Score: 4.0

Score: 4.0

Score: 4.0

Score: 4.0

Score: 4.0

Score: 4.0

Score: 4.0

Score: 4.0

Score: 4.0

Score: 4.0

Score: 4.0

Score: 4.0

Score: 4.0

Score: 4.0

Score: 4.0

Score: 4.0

Score: 4.0

Score: 4.0

Score: 4.0

Score: 4.0

Score: 4.0

Score: 4.0

Score: 4.0

Score: 4.0

Score: 4.0

Score: 4.0

Score: 4.0

Score: 4.0

Score: 4.0

Score: 4.0

Score: 4.0

Score: 4.0

Score: 4.0

Score: 4.0

Score: 4.0

Score: 4.0

Score: 4.0

Score: 4.0

Score: 4.0

Score: 3.86666666667

Score: 4.0

Score: 3.88888888889

Score: 3.875

Score: 4.0

Score: 4.0

Score: 4.0

Score: 4.0

Score: 4.0

Score: 4.0

Score: 4.0

Score: 4.0

Score: 4.0

Score: 4.0

Score: 4.0

Score: 4.0

Score: 3.88235294118

Score: 4.0

Score: 4.0

Score: 3.85714285714

Score: 3.88888888889

Score: 4.0

Score: 4.0

Score: 4.0

Score: 4.0

Score: 3.84615384615

Score: 4.0

Score: 4.0

Score: 4.0

Score: 4.0

Score: 4.0

Score: 4.0

Score: 4.0

Score: 4.0

Score: 4.0

Score: 3.85714285714

Score: 4.0

Score: 3.88888888889

Score: 4.0

Score: 4.0

Score: 3.88888888889

Score: 3.92307692308

Score: 3.85714285714

Score: 4.0

Score: 4.0

Score: 3.96666666667

Score: 4.0

Score: 3.90476190476

Score: 4.0

Score: 4.0

Score: 4.0

Score: 4.0

Score: 4.0

Score: 4.0

Score: 4.0

Score: 4.0

Score: 4.0

Score: 4.0

Score: 4.0

Score: 4.0

Score: 3.89473684211

Score: 4.0

Score: 4.0

Score: 4.0

Score: 3.875

Score: 4.0

Score: 4.0

Score: 4.0

Score: 4.0

Score: 4.0

Score: 4.0

Score: 4.0

Score: 4.0

Score: 4.0

Score: 4.0

Score: 4.0

Score: 4.0

Score: 4.0

Score: 4.0

Score: 4.0

Score: 4.0

Score: 4.0

Score: 4.0

Score: 4.0

Score: 4.0

Score: 4.0

Score: 4.0

Score: 4.0

Score: 4.0

Score: 3.85714285714

Score: 4.0

Score: 3.86666666667

Score: 4.0

Score: 4.0

Score: 4.0

Score: 4.0

Score: 4.0

Score: 4.0

Score: 4.0

Score: 3.9

Score: 4.0

Score: 4.0

Score: 4.0

Score: 4.0

Score: 4.0

Score: 4.0

Score: 4.0

Score: 4.0

Score: 3.89473684211

Score: 4.0

Score: 4.0

Score: 4.0

Score: 4.0

Score: 3.91304347826

Score: 4.0

Score: 3.9

Score: 4.0

Score: 4.0

Score: 4.0

Score: 4.0

Score: 4.0

Score: 4.0

Score: 4.0

Score: 4.0

Score: 4.0

Score: 4.0

Score: 4.0

Score: 4.0

Score: 4.0

Score: 4.0

Score: 4.0

Score: 4.0

Score: 4.0

Score: 4.0

Score: 4.0

Score: 4.0

Score: 4.0

Score: 4.0

Score: 4.0

Score: 4.0

Score: 4.0

Score: 4.0

Score: 4.0

Score: 4.0

Score: 4.0

Score: 4.0

Score: 4.0

Score: 4.0

Score: 4.0

Score: 4.0

Score: 4.0

Score: 4.0

Score: 4.0

Score: 3.90476190476

Score: 4.0

Score: 4.0

Score: 4.0

Score: 3.85714285714

Score: 4.0

Score: 4.0

Score: 4.0

Score: 4.0

Score: 4.0

Score: 3.86666666667

Score: 4.0

Score: 4.0

Score: 4.0

Score: 3.92592592593

Score: 3.89473684211

Score: 4.0

Score: 4.0

Score: 3.81818181818

Score: 4.0

Score: 4.0

Score: 4.0

Score: 4.0

Score: 4.0

Score: 4.0

Score: 4.0

Score: 4.0

Score: 4.0

Score: 4.0

Score: 4.0

Score: 3.875

Score: 4.0

Score: 4.0

Score: 4.0

Score: 4.0

Score: 4.0

Score: 3.88888888889

Score: 4.0

Score: 4.0

Score: 4.0

Score: 4.0

Score: 4.0

Score: 4.0

Score: 4.0

Score: 3.88235294118

Score: 4.0

Score: 4.0

Score: 3.86666666667

Score: 4.0

Score: 3.92857142857

Score: 4.0

Score: 4.0

Score: 4.0

Score: 4.0

Score: 4.0

Score: 4.0

Score: 4.0

Score: 4.0

Score: 4.0

Score: 4.0

Score: 4.0

Score: 4.0

Score: 4.0

Score: 4.0

Score: 3.875

Score: 4.0

Score: 4.0

Score: 4.0

Score: 4.0

Score: 4.0

Score: 4.0

Score: 4.0

Score: 4.0

Score: 4.0

Score: 4.0

Score: 4.0

Score: 3.90476190476

Score: 4.0

Score: 4.0

Score: 4.0

Score: 4.0

Score: 4.0

Score: 4.0

Score: 4.0

Score: 4.0

Score: 4.0

Score: 4.0

Score: 4.0

Score: 3.88888888889

Score: 4.0

Score: 4.0

Score: 4.0

Score: 4.0

Score: 4.0

Score: 4.0

Score: 4.0

Score: 4.0

Score: 4.0

Score: 4.0

Score: 4.0

Score: 4.0

Score: 4.0

Score: 4.0

Score: 4.0

Score: 4.0

Score: 4.0

Score: 4.0

Score: 4.0

Score: 3.91304347826

Score: 3.86666666667

Score: 4.0

Score: 4.0

Score: 4.0

Score: 4.0

Score: 4.0

Score: 3.8

Score: 4.0

Score: 4.0

Score: 4.0

Score: 4.0

Score: 4.0

Score: 4.0

Score: 4.0

Score: 3.88888888889

Score: 4.0

Score: 4.0

Score: 4.0

Score: 4.0

Score: 4.0

Score: 4.0

Score: 4.0

Score: 4.0

Score: 4.0

Score: 4.0

Score: 4.0

Score: 4.0

Score: 4.0

Score: 4.0

Score: 4.0

Score: 4.0

Score: 4.0

Score: 4.0

Score: 3.91666666667

Score: 4.0

Score: 4.0

Score: 4.0

Score: 4.0

Score: 4.0

Score: 4.0

Score: 4.0

Score: 4.0

Score: 4.0

Score: 4.0

Score: 4.0

Score: 4.0

Score: 4.0

Score: 4.0

Score: 4.0

Score: 4.0

Score: 4.0

Score: 4.0

Score: 4.0

Score: 4.0

Score: 4.0

Score: 4.0

Score: 4.0

Score: 4.0

Score: 4.0

Score: 4.0

Score: 4.0

Score: 4.0

Score: 4.0

Score: 4.0

Score: 4.0

Score: 4.0

Score: 4.0

Score: 4.0

Score: 4.0

Score: 4.0

Score: 4.0

Score: 4.0

Score: 4.0

Score: 4.0

Score: 4.0

Score: 4.0

Score: 4.0

Score: 4.0

Score: 4.0

Score: 4.0

Score: 4.0

Score: 4.0

Score: 4.0

Score: 4.0

Score: 4.0

Score: 4.0

Score: 4.0

Score: 4.0

Score: 4.0

Score: 4.0

Score: 4.0

Score: 4.0

Score: 4.0

Score: 4.0

Score: 4.0

Score: 4.0

Score: 4.0

Score: 4.0

Score: 4.0

Score: 4.0

Score: 4.0

Score: 4.0

Score: 4.0

Score: 4.0

Score: 4.0

Score: 4.0

Score: 4.0

Score: 4.0

Score: 4.0

Score: 4.0

Score: 4.0

Score: 4.0

Score: 4.0

Score: 4.0

Score: 4.0

Score: 4.0

Score: 4.0

Score: 4.0

Score: 4.0

Score: 4.0

Score: 4.0

Score: 4.0

Score: 4.0

Score: 4.0

Score: 4.0

Score: 4.0

Score: 4.0

Score: 4.0

Score: 4.0

Score: 4.0

Score: 4.0

Score: 4.0

Score: 4.0

Score: 4.0

Score: 4.0

Score: 4.0

Score: 4.0

Score: 4.0

Score: 4.0

Score: 4.0

Score: 4.0

Score: 4.0

Score: 4.0

Score: 4.0

Score: 4.0

Score: 4.0

Score: 4.0

Score: 4.0

Score: 4.0

Score: 4.0

Score: 4.0

Score: 4.0

Score: 4.0

Score: 4.0

Score: 4.0

Score: 4.0

Score: 4.0

Score: 4.0

Score: 4.0

Score: 4.0

Score: 4.0

Score: 4.0

Score: 4.0

Score: 3.63888888889

Score: 4.0

Score: 4.0

Score: 4.0

Score: 4.0

Score: 4.0

Score: 4.0

Score: 4.0

Score: 4.0

Score: 4.0

Score: 4.0

Score: 4.0

Score: 4.0

Score: 4.0

Score: 4.0

Score: 4.0

Score: 4.0

Score: 4.0

Score: 4.0

Score: 4.0

Score: 4.0

Score: 4.0

Score: 4.0

Score: 4.0

Score: 4.0

Score: 4.0

Score: 4.0

Score: 4.0

Score: 4.0

Score: 4.0

Score: 4.0

Score: 4.0

Score: 4.0

Score: 4.0

Score: 4.0

Score: 4.0

Score: 4.0

Score: 4.0

Score: 4.0

Score: 4.0

Score: 3.94736842105

Score: 4.0

Score: 4.0

Score: 4.0

Score: 4.0

Score: 4.0

Score: 4.0

Score: 4.0

Score: 4.0

Score: 4.0

Score: 4.0

Score: 4.0

Score: 4.0

Score: 3.8

Score: 4.0

Score: 4.0

Score: 4.0

Score: 4.0

Score: 4.0

Score: 4.0

Score: 4.0

Score: 4.0

Score: 4.0

Score: 4.0

Score: 4.0

Score: 4.0

Score: 4.0

Score: 4.0

Score: 4.0

Score: 4.0

Score: 4.0

Score: 4.0

Score: 4.0

Score: 4.0

Score: 4.0

Score: 4.0

Score: 4.0

Score: 4.0

Score: 4.0

Score: 3.85714285714

Score: 3.92307692308

Score: 3.9

Score: 3.9

Score: 4.0

Score: 3.89473684211

Score: 4.0

Score: 4.0

Score: 4.0

Score: 4.0

Score: 4.0

Score: 4.0

Score: 4.0

Score: 4.0

Score: 4.0

Score: 4.0

Score: 4.0

Score: 4.0

Score: 4.0

Score: 4.0

Score: 4.0

Score: 4.0

Score: 4.0

Score: 4.0

Score: 4.0

Score: 4.0

Score: 4.0

Score: 4.0

Score: 4.0

Score: 4.0

Score: 4.0

Score: 4.0

Score: 4.0

Score: 4.0

Score: 4.0

Score: 4.0

Score: 4.0

Score: 4.0

Score: 4.0

Score: 4.0

Score: 4.0

Score: 4.0

Score: 4.0

Score: 4.0

Score: 4.0

Score: 4.0

Score: 4.0

Score: 4.0

Score: 4.0

Score: 4.0

Score: 4.0

Score: 4.0

Score: 4.0

Score: 4.0

Score: 4.0

Score: 4.0

Score: 4.0

Score: 4.0

Score: 4.0

Score: 4.0

Score: 4.0

Score: 4.0

Score: 4.0

Score: 4.0

Score: 4.0

Score: 4.0

Score: 4.0

Score: 4.0

Score: 4.0

Score: 4.0

Score: 4.0

Score: 4.0

Score: 4.0

Score: 4.0

Score: 4.0

Score: 4.0

Score: 4.0

Score: 4.0

Score: 4.0

Score: 4.0

Score: 4.0

Score: 4.0

Score: 4.0

Score: 4.0

Score: 4.0

Score: 4.0

Score: 4.0

Score: 4.0

Score: 4.0

Score: 4.0

Score: 4.0

Score: 4.0

Score: 4.0

Score: 4.0

Score: 4.0

Score: 4.0

Score: 4.0

Score: 4.0

Score: 4.0

Score: 4.0

Score: 4.0

Score: 4.0

Score: 4.0

Score: 4.0

Score: 4.0

Score: 4.0

Score: 4.0

Score: 4.0

Score: 4.0

Score: 4.0

Score: 4.0

Score: 4.0

Score: 4.0

Score: 4.0

Score: 4.0

Score: 4.0

Score: 4.0

Score: 4.0

Score: 4.0

Score: 4.0

Score: 4.0

Score: 4.0

Score: 4.0

Score: 4.0

Score: 4.0

Score: 4.0

Score: 4.0

Score: 4.0

Score: 4.0

Score: 4.0

Score: 4.0

Score: 4.0

Score: 4.0

Score: 4.0

Score: 4.0

Score: 4.0

Score: 4.0

Score: 4.0

Score: 4.0

Score: 4.0

Score: 4.0

Score: 4.0

Score: 4.0

Score: 4.0

Score: 4.0

Score: 4.0

Score: 4.0

Score: 4.0

Score: 4.0

Score: 4.0

Score: 4.0

Score: 4.0

Score: 4.0

Score: 4.0

Score: 4.0

Score: 4.0

Score: 4.0

Score: 4.0

Score: 4.0

Score: 4.0

Score: 4.0

Score: 4.0

Score: 4.0

Score: 4.0

Score: 4.0

Score: 4.0

Score: 4.0

Score: 4.0

Score: 4.0

Score: 4.0

Score: 4.0

Score: 4.0

Score: 4.0

Score: 4.0

Score: 4.0

Score: 4.0

Score: 4.0

Score: 4.0

Score: 4.0

Score: 4.0

Score: 4.0

Score: 4.0

Score: 4.0

Score: 4.0

Score: 4.0

Score: 4.0

Score: 4.0

Score: 4.0

Score: 4.0

Score: 4.0

Score: 4.0

Score: 4.0

Score: 4.0

Score: 4.0

Score: 4.0

Score: 4.0

Score: 4.0

Score: 4.0

Score: 4.0

Score: 4.0

Score: 4.0

Score: 4.0

Score: 4.0

Score: 4.0

Score: 4.0

Score: 4.0

Score: 4.0

Score: 4.0

Score: 4.0

Score: 4.0

Score: 4.0

Score: 4.0

Score: 4.0

Score: 4.0

Score: 4.0

Score: 4.0

Score: 4.0

Score: 4.0

Score: 4.0

Score: 4.0

Score: 4.0

Score: 4.0

Score: 4.0

Score: 4.0

Score: 4.0

Score: 4.0

Score: 4.0

Score: 4.0

Score: 4.0

Score: 4.0

Score: 4.0

Score: 4.0

Score: 4.0

Score: 4.0

Score: 4.0

Score: 4.0

Score: 4.0

Score: 4.0

Score: 4.0

Score: 4.0

Score: 4.0

Score: 4.0

Score: 4.0

Score: 4.0

Score: 4.0

Score: 4.0

Score: 4.0

Score: 4.0

Score: 4.0

Score: 4.0

Score: 4.0

Score: 4.0

Score: 4.0

Score: 4.0

Score: 4.0

Score: 4.0

Score: 4.0

Score: 4.0

Score: 4.0

Score: 4.0

Score: 4.0

Score: 4.0

Score: 4.0

Score: 4.0

Score: 4.0

Score: 3.66666666667

Score: 3.875

Score: 4.0

Score: 4.0

Score: 4.0

Score: 4.0

Score: 4.0

Score: 4.0

Score: 4.0

Score: 4.0

Score: 3.85714285714

Score: 4.0

Score: 3.91666666667

Score: 4.0

Score: 4.0

Score: 4.0

Score: 3.70833333333

Score: 4.0

Score: 4.0

Score: 4.0

Score: 4.0

Score: 4.0

Score: 4.0

Score: 4.0

Score: 4.0

Score: 4.0

Score: 4.0

Score: 4.0

Score: 4.0

Score: 3.83333333333

Score: 4.0

Score: 4.0

Score: 4.0

Score: 4.0

Score: 4.0

Score: 4.0

Score: 4.0

Score: 4.0

Score: 3.66666666667

Score: 4.0

Score: 4.0

Score: 4.0

Score: 4.0

Score: 4.0

Score: 4.0

Score: 4.0

Score: 3.83333333333

Score: 4.0

Score: 4.0

Score: 4.0

Score: 4.0

Score: 4.0

Score: 4.0

Score: 4.0

Score: 4.0

Score: 4.0

Score: 4.0

Score: 3.91666666667

Score: 4.0

Score: 4.0

Score: 3.83333333333

Score: 4.0

Score: 4.0

Score: 4.0

Score: 4.0

Score: 3.88888888889

Score: 4.0

Score: 4.0

Score: 4.0

Score: 4.0

Score: 4.0

Score: 3.85714285714

Score: 4.0

Score: 4.0

Score: 3.66666666667

Score: 4.0

Score: 4.0

Score: 4.0

Score: 4.0

Score: 4.0

Score: 4.0

Score: 4.0

Score: 4.0

Score: 3.88888888889

Score: 4.0

Score: 4.0

Score: 4.0

Score: 4.0

Score: 4.0

Score: 4.0

Score: 4.0

Score: 4.0

Score: 4.0

Score: 4.0

Score: 4.0

Score: 4.0

Score: 4.0

Score: 4.0

Score: 4.0

Score: 4.0

Score: 4.0

Score: 4.0

Score: 4.0

Score: 3.88888888889

Score: 4.0

Score: 3.88235294118

Score: 4.0

Score: 3.8

Score: 4.0

Score: 4.0

Score: 4.0

Score: 4.0

Score: 4.0

Score: 4.0

Score: 4.0

Score: 4.0

Score: 4.0

Score: 4.0

Score: 4.0

Score: 4.0

Score: 4.0

Score: 4.0

Score: 4.0

Score: 3.6875

Score: 4.0

Score: 4.0

Score: 4.0

Score: 4.0

Score: 4.0

Score: 4.0

Score: 4.0

Score: 4.0

Score: 4.0

Score: 4.0

Score: 4.0

Score: 4.0

Score: 4.0

Score: 4.0

Score: 4.0

Score: 4.0

Score: 4.0

Score: 4.0

Score: 4.0

Score: 4.0

Score: 4.0

Score: 4.0

Score: 4.0

Score: 3.84615384615

Score: 4.0

Score: 4.0

Score: 4.0

Score: 4.0

Score: 4.0

Score: 4.0

Score: 4.0

Score: 4.0

Score: 4.0

Score: 4.0

Score: 4.0

Score: 4.0

Score: 4.0

Score: 4.0

Score: 4.0

Score: 4.0

Score: 4.0

Score: 4.0

Score: 4.0

Score: 4.0

Score: 4.0

Score: 4.0

Score: 4.0

Score: 4.0

Score: 4.0

Score: 4.0

Score: 4.0

Score: 4.0

Score: 4.0

Score: 4.0

Score: 4.0

Score: 4.0

Score: 4.0

Score: 4.0

Score: 4.0

Score: 4.0

Score: 4.0

Score: 4.0

Score: 4.0

Score: 4.0

Score: 4.0

Score: 4.0

Score: 4.0

Score: 4.0

Score: 4.0

Score: 4.0

Score: 4.0

Score: 4.0

Score: 4.0

Score: 3.83333333333

Score: 4.0

Score: 4.0

Score: 4.0

Score: 4.0

Score: 4.0

Score: 4.0

Score: 4.0

Score: 4.0

Score: 4.0

Score: 4.0

Score: 4.0

Score: 4.0

Score: 4.0

Score: 3.88888888889

Score: 4.0

Score: 4.0

Score: 4.0

Score: 4.0

Score: 4.0

Score: 4.0

Score: 4.0

Score: 4.0

Score: 4.0

Score: 4.0

Score: 4.0

Score: 4.0

Score: 4.0

Score: 4.0

Score: 4.0

Score: 4.0

Score: 4.0

Score: 4.0

Score: 4.0

Score: 4.0

Score: 4.0

Score: 4.0

Score: 4.0

Score: 4.0

Score: 4.0

Score: 4.0

Score: 4.0

Score: 4.0

Score: 4.0

Score: 4.0

Score: 4.0

Score: 4.0

Score: 4.0

Score: 4.0

Score: 4.0

Score: 4.0

Score: 4.0

Score: 4.0

Score: 4.0

Score: 4.0

Score: 4.0

Score: 4.0

Score: 4.0

Score: 4.0

Score: 4.0

Score: 4.0

Score: 4.0

Score: 4.0

Score: 4.0

Score: 4.0

Score: 4.0

Score: 4.0

Score: 4.0

Score: 4.0

Score: 4.0

Score: 4.0

Score: 4.0

Score: 4.0

Score: 4.0

Score: 3.83333333333

Score: 4.0

Score: 4.0

Score: 4.0

Score: 4.0

Score: 4.0

Score: 4.0

Score: 4.0

Score: 4.0

Score: 4.0

Score: 4.0

Score: 4.0

Score: 4.0

Score: 4.0

Score: 4.0

Score: 4.0

Score: 4.0

Score: 4.0

Score: 4.0

Score: 4.0

Score: 4.0

Score: 4.0

Score: 4.0

Score: 4.0

Score: 4.0

Score: 4.0

Score: 4.0

Score: 4.0

Score: 4.0

Score: 4.0

Score: 4.0

Score: 4.0

Score: 4.0

Score: 4.0

Score: 4.0

Score: 4.0

Score: 4.0

Score: 4.0

Score: 4.0

Score: 4.0

Score: 4.0

Score: 4.0

Score: 4.0

Score: 4.0

Score: 4.0

Score: 4.0

Score: 4.0

Score: 4.0

Score: 4.0

Score: 4.0

Score: 4.0

Score: 4.0

Score: 4.0

Score: 4.0

Score: 4.0

Score: 4.0

Score: 4.0

Score: 4.0

Score: 4.0

Score: 4.0

Score: 4.0

Score: 4.0

Score: 4.0

Score: 3.83333333333

Score: 4.0

Score: 4.0

Score: 4.0

Score: 4.0

Score: 4.0

Score: 4.0

Score: 4.0

Score: 4.0

Score: 3.8

Score: 4.0

Score: 4.0

Score: 4.0

Score: 4.0

Score: 4.0

Score: 4.0

Score: 3.83333333333

Score: 4.0

Score: 4.0

Score: 4.0

Score: 4.0

Score: 4.0

Score: 3.8

Score: 4.0

Score: 4.0

Score: 4.0

Score: 4.0

Score: 4.0

Score: 4.0

Score: 4.0

Score: 4.0

Score: 4.0

Score: 4.0

Score: 4.0

Score: 4.0

Score: 4.0

Score: 4.0

Score: 4.0

Score: 4.0

Score: 4.0

Score: 4.0

Score: 4.0

Score: 4.0

Score: 3.85714285714

Score: 4.0

Score: 4.0

Score: 4.0

Score: 4.0

Score: 4.0

Score: 4.0

Score: 4.0

Score: 4.0

Score: 4.0

Score: 4.0

Score: 4.0

Score: 4.0

Score: 4.0

Score: 4.0

Score: 4.0

Score: 4.0

Score: 4.0

Score: 4.0

Score: 4.0

Score: 4.0

Score: 4.0

Score: 4.0

Score: 4.0

Score: 4.0

Score: 4.0

Score: 4.0

Score: 4.0

Score: 4.0

Score: 4.0

Score: 4.0

Score: 3.83333333333

Score: 4.0

Score: 4.0

Score: 4.0

Score: 3.85714285714

Score: 4.0

Score: 4.0

Score: 4.0

Score: 4.0

Score: 4.0

Score: 4.0

Score: 4.0

Score: 4.0

Score: 4.0

Score: 4.0

Score: 4.0

Score: 3.8

Score: 4.0

Score: 4.0

Score: 4.0

Score: 4.0

Score: 4.0

Score: 4.0

Score: 4.0

Score: 4.0

Score: 4.0

Score: 4.0

Score: 4.0

Score: 4.0

Score: 4.0

Score: 4.0

Score: 4.0

Score: 4.0

Score: 4.0

Score: 4.0

Score: 3.8

Score: 4.0

Score: 4.0

Score: 4.0

Score: 4.0

Score: 4.0

Score: 4.0

Score: 4.0

Score: 4.0

Score: 4.0

Score: 4.0

Score: 4.0

Score: 4.0

Score: 4.0

Score: 4.0

Score: 4.0

Score: 4.0

Score: 4.0

Score: 4.0

Score: 4.0

Score: 3.76470588235

Score: 4.0

Score: 3.875

Score: 3.88888888889

Score: 3.85714285714

Score: 3.83333333333

Score: 4.0

Score: 3.83333333333

Score: 4.0

Score: 4.0

Score: 4.0

Score: 4.0

Score: 3.83333333333

Score: 4.0

Score: 3.88888888889

Score: 3.85714285714

Score: 4.0

Score: 4.0

Score: 4.0

Score: 3.73214285714

Score: 3.66666666667

Score: 4.0

Score: 4.0

Score: 4.0

Score: 4.0

Score: 3.85714285714

Score: 4.0

Score: 4.0

Score: 3.8

Score: 4.0

Score: 4.0

Score: 4.0

Score: 4.0

Score: 3.83333333333

Score: 3.85714285714

Score: 4.0

Score: 3.83333333333

Score: 4.0

Score: 4.0

Score: 4.0

Score: 4.0

Score: 4.0

Score: 4.0

Score: 4.0

Score: 4.0

Score: 3.90909090909

Score: 4.0

Score: 4.0

Score: 4.0

Score: 4.0

Score: 4.0

Score: 3.88888888889

Score: 4.0

Score: 4.0

Score: 3.88888888889

Score: 4.0

Score: 4.0

Score: 4.0

Score: 4.0

Score: 4.0

Score: 4.0

Score: 4.0

Score: 4.0

Score: 4.0

Score: 4.0

Score: 4.0

Score: 4.0

Score: 4.0

Score: 4.0

Score: 4.0

Score: 4.0

Score: 4.0

Score: 4.0

Score: 4.0

Score: 4.0

Score: 4.0

Score: 4.0

Score: 4.0

Score: 4.0

Score: 4.0

Score: 4.0

Score: 4.0

Score: 4.0

Score: 4.0

Score: 4.0

Score: 4.0

Score: 4.0

Score: 4.0

Score: 4.0

Score: 4.0

Score: 4.0

Score: 4.0

Score: 4.0

Score: 4.0

Score: 4.0

Score: 4.0

Score: 4.0

Score: 4.0

Score: 4.0

Score: 4.0

Score: 4.0

Score: 4.0

Score: 4.0

Score: 4.0

Score: 4.0

Score: 4.0

Score: 4.0

Score: 4.0

Score: 4.0

Score: 4.0

Score: 4.0

Score: 4.0

Score: 4.0

Score: 4.0

Score: 4.0

Score: 4.0

Score: 4.0

Score: 4.0

Score: 4.0

Score: 4.0

Score: 4.0

Score: 4.0

Score: 4.0

Score: 4.0

Score: 4.0

Score: 4.0

Score: 4.0

Score: 4.0

Score: 4.0

Score: 4.0

Score: 4.0

Score: 4.0

Score: 4.0

Score: 4.0

Score: 4.0

Score: 4.0

Score: 4.0

Score: 4.0

Score: 4.0

Score: 4.0

Score: 4.0

Score: 4.0

Score: 4.0

Score: 4.0

Score: 4.0

Score: 4.0

Score: 4.0

Score: 4.0

Score: 4.0

Score: 4.0

Score: 4.0

Score: 4.0

Score: 4.0

Score: 4.0

Score: 4.0

Score: 4.0

Score: 4.0

Score: 4.0

Score: 3.75

Score: 3.71428571429

Score: 4.0

Score: 3.8

Score: 3.84615384615

Score: 4.0

Score: 4.0

Score: 4.0

Score: 4.0

Score: 4.0

Score: 3.86666666667

Score: 3.85714285714

Score: 4.0

Score: 4.0

Score: 4.0

Score: 4.0

Score: 4.0

Score: 4.0

Score: 4.0

Score: 4.0

Score: 4.0

Score: 4.0

Score: 4.0

Score: 4.0

Score: 4.0

Score: 4.0

Score: 4.0

Score: 4.0

Score: 4.0

Score: 4.0

Score: 4.0

Score: 4.0

Score: 4.0

Score: 4.0

Score: 4.0

Score: 3.75

Score: 4.0

Score: 3.87878787879

Score: 3.75

Score: 4.0

Score: 4.0

Score: 4.0

Score: 3.88888888889

Score: 4.0

Score: 4.0

Score: 4.0

Score: 4.0

Score: 4.0

Score: 4.0

Score: 4.0

Score: 4.0

Score: 4.0

Score: 4.0

Score: 4.0

Score: 4.0

Score: 4.0

Score: 4.0

Score: 4.0

Score: 4.0

Score: 4.0

Score: 4.0

Score: 4.0

Score: 4.0

Score: 4.0

Score: 4.0

Score: 4.0

Score: 4.0

Score: 4.0

Score: 4.0

Score: 4.0

Score: 4.0

Score: 3.95

Score: 4.0

Score: 3.58974358974

Score: 3.92857142857

Score: 3.7

Score: 3.77083333333

Score: 4.0

Score: 3.80714285714

Score: 3.78571428571

Score: 4.0

Score: 3.9375

Score: 4.0

Score: 4.0

Score: 4.0

Score: 3.78333333333

Score: 4.0

Score: 4.0

Score: 3.92857142857

Score: 4.0

Score: 4.0

Score: 3.92857142857

Score: 4.0

Score: 4.0

Score: 4.0

Score: 3.84444444444

Score: 4.0

Score: 4.0

Score: 4.0

Score: 4.0

Score: 3.9375

Score: 4.0

Score: 3.83333333333

Score: 4.0

Score: 3.7619047619

Score: 3.83333333333

Score: 4.0

Score: 3.75

Score: 3.9

Score: 4.0

Score: 3.78070175439

Score: 4.0

Score: 3.875

Score: 3.94444444444

Score: 3.83333333333

Score: 3.69047619048

Score: 4.0

Score: 3.86666666667

Score: 3.9

Score: 3.83333333333

Score: 4.0

Score: 3.83888888889

Score: 3.94736842105

Score: 4.0

Score: 4.0

Score: 3.85714285714

Score: 3.90476190476

Score: 3.85833333333

Score: 4.0

Score: 3.75

Score: 4.0

Score: 3.78333333333

Score: 4.0

Score: 3.77777777778

Score: 4.0

Score: 3.9375

Score: 3.72222222222

Score: 4.0

Score: 3.92307692308

Score: 4.0

Score: 4.0

Score: 4.0

Score: 3.875

Score: 4.0

Score: 4.0

Score: 4.0

Score: 4.0

Score: 3.83333333333

Score: 3.83333333333

Score: 4.0

Score: 4.0

Score: 4.0

Score: 3.83333333333

Score: 3.9

Score: 4.0

Score: 3.92307692308

Score: 4.0

Score: 3.7619047619

Score: 4.0

Score: 3.94736842105

Score: 4.0

Score: 3.9375

Score: 3.78985507246

Score: 4.0

Score: 3.9

Score: 4.0

Score: 3.9

Score: 3.875

Score: 3.83333333333

Score: 3.875

Score: 4.0

Score: 3.83333333333

Score: 3.84615384615

Score: 3.83333333333

Score: 4.0

Score: 3.83333333333

Score: 4.0

Score: 3.83333333333

Score: 4.0

Score: 4.0

Score: 4.0

Score: 4.0

Score: 3.8962962963

Score: 3.82638888889

Score: 3.83333333333

Score: 3.85714285714

Score: 3.69047619048

Score: 4.0

Score: 4.0

Score: 3.81403508772

Score: 4.0

Score: 4.0

Score: 4.0

Score: 3.94736842105

Score: 4.0

Score: 4.0

Score: 4.0

Score: 3.9

Score: 4.0

Score: 3.93333333333

Score: 4.0

Score: 3.95238095238

Score: 3.85714285714

Score: 3.94117647059

Score: 4.0

Score: 4.0

Score: 3.83625730994

Score: 3.91666666667

Score: 4.0

Score: 4.0

Score: 4.0

Score: 4.0

Score: 3.96153846154

Score: 4.0

Score: 4.0

Score: 4.0

Score: 4.0

Score: 4.0

Score: 4.0

Score: 4.0

Score: 3.83333333333

Score: 3.85454545455

Score: 3.9

Score: 4.0

Score: 4.0

Score: 4.0

Score: 3.9

Score: 4.0

Score: 3.83333333333

Score: 3.95238095238

Score: 3.95238095238

Score: 3.95

Score: 4.0

Score: 3.84736842105

Score: 4.0

Score: 4.0

Score: 3.83333333333

Score: 4.0

Score: 4.0

Score: 3.77777777778

Score: 3.875

Score: 3.8

Score: 4.0

Score: 4.0

Score: 3.94736842105

Score: 4.0

Score: 3.9

Score: 3.88888888889

Score: 3.88888888889

Score: 4.0

Score: 4.0

Score: 4.0

Score: 3.95833333333

Score: 3.9375

Score: 3.83333333333

Score: 4.0

Score: 3.83333333333

Score: 3.85714285714

Score: 4.0

Score: 4.0

Score: 4.0

Score: 3.90909090909

Score: 4.0

Score: 4.0

Score: 3.83333333333

Score: 4.0

Score: 4.0

Score: 3.83333333333

Score: 4.0

Score: 4.0

Score: 3.83333333333

Score: 4.0

Score: 4.0

Score: 4.0

Score: 4.0

Score: 4.0

Score: 4.0

Score: 4.0

Score: 3.625

Score: 4.0

Score: 4.0

Score: 4.0

Score: 4.0

Score: 4.0

Score: 4.0

Score: 4.0

Score: 3.91666666667

Score: 3.875

Score: 3.875

Score: 4.0

Score: 4.0

Score: 3.875

Score: 4.0

Score: 3.75

Score: 4.0

Score: 3.90476190476

Score: 3.63636363636

Score: 3.83235294118

Score: 4.0

Score: 3.85714285714

Score: 3.89473684211

Score: 4.0

Score: 3.80714285714

Score: 3.85714285714

Score: 3.65151515152

Score: 3.83888888889

Score: 4.0

Score: 3.79615384615

Score: 3.73949579832

Score: 4.0

Score: 4.0

Score: 4.0

Score: 4.0

Score: 4.0

Score: 4.0

Score: 4.0

Score: 4.0

Score: 4.0

Score: 4.0

Score: 4.0

Score: 4.0

Score: 4.0

Score: 3.9

Score: 3.9

Score: 3.92307692308

Score: 3.9

Score: 3.91666666667

Score: 4.0

Score: 3.9375

Score: 4.0

Score: 3.9

Score: 3.9

Score: 3.9

Score: 3.91666666667

Score: 4.0

Score: 4.0

Score: 4.0

Score: 3.91666666667

Score: 3.9

Score: 3.9

Score: 3.9

Score: 3.9

Score: 3.9

Score: 3.9

Score: 3.91666666667

Score: 3.90909090909

Score: 3.9

Score: 4.0

Score: 3.94736842105

Score: 3.9

Score: 3.9

Score: 3.91666666667

Score: 4.0

Score: 3.91666666667

Score: 3.91666666667

Score: 3.9

Score: 3.9

Score: 4.0

Score: 3.91666666667

Score: 3.91666666667

Score: 3.9

Score: 4.0

Score: 3.9

Score: 3.92857142857

Score: 4.0

Score: 3.91666666667

Score: 3.91666666667

Score: 3.90909090909

Score: 3.92857142857

Score: 4.0

Score: 3.90909090909

Score: 4.0

Score: 3.9

Score: 4.0

Score: 3.94736842105

Score: 3.9

Score: 4.0

Score: 3.9

Score: 3.92857142857

Score: 3.9

Score: 3.9

Score: 4.0

Score: 3.91666666667

Score: 4.0

Score: 4.0

Score: 4.0

Score: 4.0

Score: 3.84615384615

Score: 4.0

Score: 3.8

Score: 4.0

Score: 3.66666666667

Score: 4.0

Score: 4.0

Score: 4.0

Score: 4.0

Score: 4.0

Score: 4.0

Score: 4.0

Score: 4.0

Score: 4.0

Score: 4.0

Score: 4.0

Score: 4.0

Score: 4.0

Score: 4.0

Score: 4.0

Score: 4.0

Score: 4.0

Score: 4.0

Score: 4.0

Score: 4.0

Score: 4.0

Score: 4.0

Score: 4.0

Score: 4.0

Score: 4.0

Score: 4.0

Score: 4.0

Score: 4.0

Score: 4.0

Score: 4.0

Score: 4.0

Score: 4.0

Score: 4.0

Score: 4.0

Score: 4.0

Score: 4.0

Score: 4.0

Score: 4.0

Score: 4.0

Score: 4.0

Score: 4.0

Score: 4.0

Score: 4.0

Score: 4.0

Score: 4.0

Score: 4.0

Score: 4.0

Score: 4.0

Score: 4.0

Score: 4.0

Score: 4.0

Score: 4.0

Score: 4.0

Score: 4.0

Score: 4.0

Score: 4.0

Score: 4.0

Score: 4.0

Score: 4.0

Score: 4.0

Score: 4.0

Score: 4.0

Score: 4.0

Score: 4.0

Score: 4.0

Score: 4.0

Score: 4.0

Score: 4.0

Score: 3.77083333333

Score: 4.0

Score: 4.0

Score: 3.75

Score: 3.90909090909

Score: 4.0

Score: 3.85714285714

Score: 4.0

Score: 4.0

Score: 4.0

Score: 4.0

Score: 4.0

Score: 4.0

Score: 4.0

Score: 4.0

Score: 3.8

Score: 4.0

Score: 4.0

Score: 4.0

Score: 4.0

Score: 4.0

Score: 4.0

Score: 4.0

Score: 3.85714285714

Score: 4.0

Score: 4.0

Score: 4.0

Score: 4.0

Score: 4.0

Score: 4.0

Score: 4.0

Score: 4.0

Score: 4.0

Score: 4.0

Score: 3.71428571429

Score: 4.0

Score: 4.0

Score: 3.71428571429

Score: 4.0

Score: 4.0

Score: 4.0

Score: 4.0

Score: 4.0

Score: 3.75

Score: 4.0

Score: 4.0

Score: 3.75

Score: 3.83333333333

Score: 4.0

Score: 4.0

Score: 4.0

Score: 4.0

Score: 4.0

Score: 4.0

Score: 4.0

Score: 4.0

Score: 4.0

Score: 4.0

Score: 4.0

Score: 4.0

Score: 4.0

Score: 4.0

Score: 4.0

Score: 4.0

Score: 4.0

Score: 4.0

Score: 4.0

Score: 3.85714285714

Score: 4.0

Score: 4.0

Score: 4.0

Score: 4.0

Score: 3.9375

Score: 4.0

Score: 4.0

Score: 4.0

Score: 3.94736842105

Score: 4.0

Score: 3.85714285714

Score: 3.83333333333

Score: 3.91666666667

Score: 4.0

Score: 4.0

Score: 4.0

Score: 4.0

Score: 4.0

Score: 3.9375

Score: 4.0

Score: 3.91666666667

Score: 4.0

Score: 4.0

Score: 3.92307692308

Score: 3.94736842105

Score: 3.90909090909

Score: 3.84615384615

Score: 3.94736842105

Score: 4.0

Score: 4.0

Score: 4.0

Score: 4.0

Score: 4.0

Score: 4.0

Score: 4.0

Score: 3.90909090909

Score: 3.9

Score: 3.94736842105

Score: 3.90909090909

Score: 4.0

Score: 4.0

Score: 4.0

Score: 4.0

Score: 4.0

Score: 4.0

Score: 3.94736842105

Score: 4.0

Score: 3.8

Score: 4.0

Score: 3.90909090909

Score: 4.0

Score: 3.79807692308

Score: 4.0

Score: 3.85714285714

Score: 4.0

Score: 4.0

Score: 3.92307692308

Score: 4.0

Score: 4.0

Score: 4.0

Score: 3.92307692308

Score: 4.0

Score: 3.92307692308

Score: 4.0

Score: 4.0

Score: 4.0

Score: 4.0

Score: 4.0

Score: 4.0

Score: 4.0

Score: 4.0

Score: 4.0

Score: 4.0

Score: 4.0

Score: 4.0

Score: 4.0

Score: 4.0

Score: 4.0

Score: 4.0

Score: 4.0

Score: 4.0

Score: 4.0

Score: 3.90909090909

Score: 4.0

Score: 4.0

Score: 4.0

Score: 4.0

Score: 4.0

Score: 3.69047619048

Score: 4.0

Score: 4.0

Score: 3.78888888889

Score: 4.0

Score: 3.88888888889

Score: 4.0

Score: 4.0

Score: 4.0

Score: 4.0

Score: 3.74603174603

Score: 3.57777777778

Score: 3.90909090909

Score: 3.77777777778

Score: 3.625

Score: 3.65151515152

Score: 3.78888888889

Score: 3.77777777778

Score: 3.56349206349

Score: 3.63235294118

Score: 3.77777777778

Score: 3.68888888889

Score: 3.89473684211

Score: 3.65714285714

Score: 4.0

Score: 4.0

Score: 4.0

Score: 4.0

Score: 4.0

Score: 4.0

Score: 4.0

Score: 3.8125

Score: 3.75

Score: 4.0

Score: 4.0

Score: 4.0

Score: 3.94117647059

Score: 3.9

Score: 4.0

Score: 4.0

Score: 4.0

Score: 4.0

Score: 3.875

Score: 4.0

Score: 4.0

Score: 4.0

Score: 4.0

Score: 3.94117647059

Score: 4.0

Score: 4.0

Score: 3.94117647059

Score: 4.0

Score: 3.85714285714

Score: 3.93333333333

Score: 4.0

Score: 4.0

Score: 3.90909090909

Score: 4.0

Score: 4.0

Score: 4.0

Score: 4.0

Score: 4.0

Score: 4.0

Score: 3.83333333333

Score: 4.0

Score: 4.0

Score: 3.94117647059

Score: 3.88888888889

Score: 4.0

Score: 3.90909090909

Score: 4.0

Score: 4.0

Score: 4.0

Score: 3.94736842105

Score: 4.0

Score: 3.88888888889

Score: 4.0

Score: 4.0

Score: 4.0

Score: 4.0

Score: 3.94117647059

Score: 4.0

Score: 4.0

Score: 4.0

Score: 3.875

Score: 4.0

Score: 4.0

Score: 3.88888888889

Score: 4.0

Score: 4.0

Score: 4.0

Score: 4.0

Score: 3.94117647059

Score: 3.94117647059

Score: 4.0

Score: 3.94117647059

Score: 4.0

Score: 3.88888888889

Score: 4.0

Score: 4.0

Score: 3.94117647059

Score: 3.8

Score: 4.0

Score: 4.0

Score: 4.0

Score: 4.0

Score: 4.0

Score: 4.0

Score: 4.0

Score: 4.0

Score: 4.0

Score: 4.0

Score: 4.0

Score: 3.88888888889

Score: 4.0

Score: 3.88888888889

Score: 4.0

Score: 3.8

Score: 3.8

Score: 4.0

Score: 4.0

Score: 3.94117647059

Score: 4.0

Score: 4.0

Score: 4.0

Score: 4.0

Score: 4.0

Score: 4.0

Score: 4.0

Score: 4.0

Score: 4.0

Score: 3.94117647059

Score: 4.0

Score: 3.75

Score: 4.0

Score: 4.0

Score: 4.0

Score: 4.0

Score: 4.0

Score: 4.0

Score: 4.0

Score: 4.0

Score: 4.0

Score: 4.0

Score: 4.0

Score: 4.0

Score: 4.0

Score: 4.0

Score: 4.0

Score: 4.0

Score: 4.0

Score: 4.0

Score: 4.0

Score: 3.83333333333

Score: 4.0

Score: 4.0

Score: 4.0

Score: 4.0

Score: 4.0

Score: 4.0

Score: 3.6

Score: 4.0

Score: 4.0

Score: 4.0

Score: 4.0

Score: 3.8

Score: 4.0

Score: 3.75

Score: 4.0

Score: 4.0

Score: 3.72222222222

Score: 3.72222222222

Score: 4.0

Score: 4.0

Score: 4.0

Score: 4.0

Score: 4.0

Score: 4.0

Score: 4.0

Score: 4.0

Score: 4.0

Score: 4.0

Score: 4.0

Score: 4.0

Score: 4.0

Score: 4.0

Score: 4.0

Score: 4.0

Score: 4.0

Score: 4.0

Score: 4.0

Score: 4.0

Score: 4.0

Score: 4.0

Score: 4.0

Score: 4.0

Score: 3.90909090909

Score: 4.0

Score: 4.0

Score: 4.0

Score: 3.72727272727

Score: 4.0

Score: 3.72727272727

Score: 4.0

Score: 4.0

Score: 3.66666666667

Score: 4.0

Score: 4.0

Score: 4.0

Score: 4.0

Score: 4.0

Score: 4.0

Score: 4.0

Score: 4.0

Score: 4.0

Score: 4.0

Score: 4.0

Score: 4.0

Score: 4.0

Score: 4.0

Score: 4.0

Score: 4.0

Score: 4.0

Score: 4.0

Score: 4.0

Score: 4.0

Score: 4.0

Score: 4.0

Score: 4.0

Score: 3.88235294118

Score: 4.0

Score: 4.0

Score: 4.0

Score: 4.0

Score: 4.0

Score: 4.0

Score: 4.0

Score: 4.0

Score: 4.0

Score: 4.0

Score: 4.0

Score: 4.0

Score: 4.0

Score: 4.0

Score: 4.0

Score: 4.0

Score: 4.0

Score: 4.0

Score: 4.0

Score: 4.0

Score: 4.0

Score: 4.0

Score: 4.0

Score: 4.0

Score: 4.0

Score: 4.0

Score: 4.0

Score: 3.83333333333

Score: 4.0

Score: 4.0

Score: 4.0

Score: 4.0

Score: 4.0

Score: 4.0

Score: 4.0

Score: 4.0

Score: 4.0

Score: 4.0

Score: 4.0

Score: 4.0

Score: 4.0

Score: 4.0

Score: 3.77777777778

Score: 3.6

Score: 4.0

Score: 4.0

Score: 4.0

Score: 4.0

Score: 4.0

Score: 4.0

Score: 4.0

Score: 4.0

Score: 4.0

Score: 4.0

Score: 4.0

Score: 4.0

Score: 4.0

Score: 4.0

Score: 4.0

Score: 3.75

Score: 4.0

Score: 3.9

Score: 4.0

Score: 4.0

Score: 3.77777777778

Score: 4.0

Score: 3.94444444444

Score: 3.91666666667

Score: 3.92857142857

Score: 3.92307692308

Score: 3.92857142857

Score: 3.92307692308

Score: 3.84659090909

Score: 3.71428571429

Score: 3.78021978022

Score: 3.85714285714

Score: 4.0

Score: 4.0

Score: 4.0

Score: 4.0

Score: 4.0

Score: 4.0

Score: 4.0

Score: 3.6

Score: 4.0

Score: 4.0

Score: 4.0

Score: 4.0

Score: 4.0

Score: 4.0

Score: 4.0

Score: 3.51923076923

Score: 4.0

Score: 4.0

Score: 4.0

Score: 4.0

Score: 4.0

Score: 4.0

Score: 4.0

Score: 4.0

Score: 4.0

Score: 4.0

Score: 4.0

Score: 4.0

Score: 4.0

Score: 3.66666666667

Score: 4.0

Score: 4.0

Score: 3.86666666667

Score: 4.0

Score: 4.0

Score: 4.0

Score: 3.89473684211

Score: 4.0

Score: 4.0

Score: 3.6

Score: 3.71428571429

Score: 3.86666666667

Score: 4.0

Score: 4.0

Score: 4.0

Score: 4.0

Score: 4.0

Score: 4.0

Score: 4.0

Score: 3.8

Score: 4.0

Score: 3.71428571429

Score: 4.0

Score: 4.0

Score: 4.0

Score: 4.0

Score: 4.0

Score: 4.0

Score: 4.0

Score: 4.0

Score: 4.0

Score: 4.0

Score: 4.0

Score: 4.0

Score: 4.0

Score: 4.0

Score: 4.0

Score: 4.0

Score: 3.83333333333

Score: 4.0

Score: 4.0

Score: 3.85714285714

Score: 4.0

Score: 4.0

Score: 4.0

Score: 4.0

Score: 4.0

Score: 4.0

Score: 3.875

Score: 4.0

Score: 4.0

Score: 4.0

Score: 4.0

Score: 4.0

Score: 4.0

Score: 4.0

Score: 4.0

Score: 4.0

Score: 4.0

Score: 4.0

Score: 4.0

Score: 4.0

Score: 4.0

Score: 3.88235294118

Score: 3.77777777778

Score: 3.75

Score: 4.0

Score: 4.0

Score: 4.0

Score: 4.0

Score: 4.0

Score: 4.0

Score: 3.8

Score: 4.0

Score: 3.9

Score: 4.0

Score: 4.0

Score: 4.0

Score: 4.0

Score: 4.0

Score: 4.0

Score: 3.8

Score: 4.0

Score: 4.0

Score: 4.0

Score: 4.0

Score: 4.0

Score: 4.0

Score: 3.875

Score: 3.9

Score: 4.0

Score: 4.0

Score: 4.0

Score: 3.91666666667

Score: 4.0

Score: 4.0

Score: 4.0

Score: 4.0

Score: 3.88888888889

Score: 4.0

Score: 3.83333333333

Score: 3.875

Score: 4.0

Score: 3.88888888889

Score: 4.0

Score: 3.90909090909

Score: 3.9

Score: 3.875

Score: 3.75

Score: 3.69117647059

Score: 3.85909090909

Score: 3.79797979798

Score: 3.58571428571

Score: 4.0

Score: 4.0

Score: 4.0

Score: 4.0

Score: 4.0

Score: 4.0

Score: 4.0

Score: 4.0

Score: 4.0

Score: 4.0

Score: 4.0

Score: 4.0

Score: 4.0

Score: 4.0

Score: 4.0

Score: 4.0

Score: 4.0

Score: 3.8

Score: 4.0

Score: 4.0

Score: 4.0

Score: 3.83333333333

Score: 4.0

Score: 4.0

Score: 4.0

Score: 4.0

Score: 4.0

Score: 4.0

Score: 4.0

Score: 4.0

Score: 4.0

Score: 4.0

Score: 4.0

Score: 4.0

Score: 3.90909090909

Score: 4.0

Score: 4.0

Score: 3.75

Score: 4.0

Score: 4.0

Score: 4.0

Score: 4.0

Score: 3.9

Score: 4.0

Score: 4.0

Score: 4.0

Score: 3.88888888889

Score: 4.0

Score: 4.0

Score: 3.85714285714

Score: 4.0

Score: 4.0

Score: 3.9

Score: 3.85714285714

Score: 3.78021978022

Score: 3.78571428571

Score: 3.83333333333

Score: 3.66666666667

Score: 4.0

Score: 4.0

Score: 4.0

Score: 4.0

Score: 4.0

Score: 3.83333333333

Score: 4.0

Score: 3.83333333333

Score: 4.0

Score: 4.0

Score: 3.9

Score: 4.0

Score: 4.0

Score: 4.0

Score: 3.875

Score: 4.0

Score: 3.9

Score: 4.0

Score: 3.85714285714

Score: 3.9

Score: 4.0

Score: 4.0

Score: 3.85714285714

Score: 4.0

Score: 4.0

Score: 4.0

Score: 3.875

Score: 3.84615384615

Score: 4.0

Score: 4.0

Score: 4.0

Score: 4.0

Score: 4.0

Score: 4.0

Score: 4.0

Score: 3.91666666667

Score: 3.81818181818

Score: 4.0

Score: 4.0

Score: 4.0

Score: 4.0

Score: 4.0

Score: 4.0

Score: 4.0

Score: 4.0

Score: 4.0

Score: 4.0

Score: 4.0

Score: 4.0

Score: 4.0

Score: 4.0

Score: 4.0

Score: 4.0

Score: 4.0

Score: 4.0

Score: 4.0

Score: 4.0

Score: 3.94444444444

Score: 4.0

Score: 4.0

Score: 4.0

Score: 4.0

Score: 4.0

Score: 4.0

Score: 4.0

Score: 3.78888888889

Score: 4.0

Score: 4.0

Score: 4.0

Score: 3.90909090909

Score: 4.0

Score: 4.0

Score: 4.0

Score: 4.0

Score: 4.0

Score: 4.0

Score: 3.8

Score: 4.0

Score: 4.0

Score: 4.0

Score: 4.0

Score: 4.0

Score: 4.0

Score: 3.9

Score: 3.90909090909

Score: 4.0

Score: 4.0

Score: 4.0

Score: 3.6

Score: 4.0

Score: 4.0

Score: 4.0

Score: 4.0

Score: 4.0

Score: 4.0

Score: 4.0

Score: 4.0

Score: 4.0

Score: 4.0

Score: 4.0

Score: 3.91666666667

Score: 4.0

Score: 3.9

Score: 4.0

Score: 4.0

Score: 4.0

Score: 3.85714285714

Score: 4.0

Score: 4.0

Score: 4.0

Score: 4.0

Score: 3.85714285714

Score: 3.8

Score: 4.0

Score: 3.84615384615

Score: 4.0

Score: 4.0

Score: 4.0

Score: 3.90909090909

Score: 3.85714285714

Score: 4.0

Score: 3.84722222222

Score: 4.0

Score: 4.0

Score: 4.0

Score: 3.77777777778

Score: 3.92307692308

Score: 4.0

Score: 4.0

Score: 4.0

Score: 4.0

Score: 4.0

Score: 3.90909090909

Score: 4.0

Score: 4.0

Score: 4.0

Score: 4.0

Score: 4.0

Score: 4.0

Score: 3.91666666667

Score: 3.75

Score: 4.0

Score: 4.0

Score: 4.0

Score: 4.0

Score: 4.0

Score: 4.0

Score: 4.0

Score: 4.0

Score: 4.0

Score: 4.0

Score: 3.875

Score: 4.0

Score: 4.0

Score: 4.0

Score: 4.0

Score: 4.0

Score: 4.0

Score: 3.85714285714

Score: 3.82222222222

Score: 3.78362573099

Score: 3.85714285714

Score: 4.0

Score: 3.9

Score: 4.0

Score: 4.0

Score: 4.0

Score: 4.0

Score: 4.0

Score: 3.92857142857

Score: 3.91666666667

Score: 4.0

Score: 3.91666666667

Score: 4.0

Score: 4.0

Score: 4.0

Score: 4.0

Score: 4.0

Score: 4.0

Score: 4.0

Score: 4.0

Score: 4.0

Score: 4.0

Score: 3.77777777778

Score: 3.92307692308

Score: 4.0

Score: 4.0

Score: 3.91666666667

Score: 4.0

Score: 4.0

Score: 4.0

Score: 4.0

Score: 4.0

Score: 3.85714285714

Score: 4.0

Score: 4.0

Score: 4.0

Score: 4.0

Score: 4.0

Score: 4.0

Score: 4.0

Score: 3.85714285714

Score: 4.0

Score: 4.0

Score: 4.0

Score: 4.0

Score: 4.0

Score: 4.0

Score: 3.83333333333

Score: 4.0

Score: 4.0

Score: 3.93333333333

Score: 4.0

Score: 4.0

Score: 3.9

Score: 4.0

Score: 4.0

Score: 4.0

Score: 4.0

Score: 4.0

Score: 3.875

Score: 4.0

Score: 4.0

Score: 4.0

Score: 4.0

Score: 4.0

Score: 4.0

Score: 4.0

Score: 4.0

Score: 4.0

Score: 4.0

Score: 4.0

Score: 3.9

Score: 4.0

Score: 4.0

Score: 4.0

Score: 4.0

Score: 4.0

Score: 4.0

Score: 4.0

Score: 4.0

Score: 4.0

Score: 4.0

Score: 4.0

Score: 4.0

Score: 4.0

Score: 4.0

Score: 4.0

Score: 4.0

Score: 4.0

Score: 4.0

Score: 4.0

Score: 4.0

Score: 4.0

Score: 4.0

Score: 4.0

Score: 4.0

Score: 4.0

Score: 4.0

Score: 4.0

Score: 4.0

Score: 4.0

Score: 4.0

Score: 4.0

Score: 4.0

Score: 4.0

Score: 4.0

Score: 4.0

Score: 4.0

Score: 4.0

Score: 4.0

Score: 4.0

Score: 4.0

Score: 4.0

Score: 4.0

Score: 4.0

Score: 4.0

Score: 4.0

Score: 4.0

Score: 4.0

Score: 4.0

Score: 4.0

Score: 4.0

Score: 4.0

Score: 4.0

Score: 4.0

Score: 4.0

Score: 4.0

Score: 4.0

Score: 4.0

Score: 4.0

Score: 4.0

Score: 4.0

Score: 4.0

Score: 4.0

Score: 4.0

Score: 4.0

Score: 4.0

Score: 4.0

Score: 4.0

Score: 4.0

Score: 4.0

Score: 4.0

Score: 4.0

Score: 4.0

Score: 4.0

Score: 4.0

Score: 4.0

Score: 4.0

Score: 4.0

Score: 4.0

Score: 4.0

Score: 4.0

Score: 4.0

Score: 4.0

Score: 4.0

Score: 4.0

Score: 4.0

Score: 4.0

Score: 4.0

Score: 4.0

Score: 4.0

Score: 4.0

Score: 4.0

Score: 4.0

Score: 4.0

Score: 4.0

Score: 4.0

Score: 4.0

Score: 4.0

Score: 4.0

Score: 4.0

Score: 4.0

Score: 4.0

Score: 4.0

Score: 4.0

Score: 4.0

Score: 4.0

Score: 4.0

Score: 4.0

Score: 4.0

Score: 4.0

Score: 4.0

Score: 4.0

Score: 4.0

Score: 4.0

Score: 4.0

Score: 4.0

Score: 4.0

Score: 4.0

Score: 4.0

Score: 4.0

Score: 4.0

Score: 4.0

Score: 4.0

Score: 4.0

Score: 4.0

Score: 4.0

Score: 4.0

Score: 4.0

Score: 4.0

Score: 4.0

Score: 4.0

Score: 4.0

Score: 4.0

Score: 4.0

Score: 4.0

Score: 4.0

Score: 4.0

Score: 4.0

Score: 4.0

Score: 4.0

Score: 4.0

Score: 4.0

Score: 4.0

Score: 4.0

Score: 4.0

Score: 4.0

Score: 4.0

Score: 4.0

Score: 4.0

Score: 4.0

Score: 4.0

Score: 4.0

Score: 4.0

Score: 4.0

Score: 4.0

Score: 4.0

Score: 4.0

Score: 4.0

Score: 4.0

Score: 4.0

Score: 4.0

Score: 4.0

Score: 4.0

Score: 4.0

Score: 4.0

Score: 4.0

Score: 4.0

Score: 4.0

Score: 4.0

Score: 4.0

Score: 4.0

Score: 4.0

Score: 4.0

Score: 4.0

Score: 4.0

Score: 4.0

Score: 4.0

Score: 4.0

Score: 4.0

Score: 4.0

Score: 4.0

Score: 4.0

Score: 4.0

Score: 4.0

Score: 4.0

Score: 4.0

Score: 4.0

Score: 4.0

Score: 4.0

Score: 4.0

Score: 4.0

Score: 4.0

Score: 4.0

Score: 4.0

Score: 4.0

Score: 4.0

Score: 4.0

Score: 4.0

Score: 4.0

Score: 4.0

Score: 4.0

Score: 4.0

Score: 4.0

Score: 4.0

Score: 4.0

Score: 4.0

Score: 4.0

Score: 4.0

Score: 4.0

Score: 4.0

Score: 4.0

Score: 4.0

Score: 4.0

Score: 4.0

Score: 4.0

Score: 4.0

Score: 4.0

Score: 4.0

Score: 4.0

Score: 4.0

Score: 4.0

Score: 4.0

Score: 4.0

Score: 4.0

Score: 4.0

Score: 4.0

Score: 4.0

Score: 4.0

Score: 4.0

Score: 4.0

Score: 4.0

Score: 4.0

Score: 4.0

Score: 4.0

Score: 4.0

Score: 4.0

Score: 4.0

Score: 4.0

Score: 4.0

Score: 4.0

Score: 4.0

Score: 4.0

Score: 4.0

Score: 4.0

Score: 4.0

Score: 4.0

Score: 4.0

Score: 4.0

Score: 4.0

Score: 4.0

Score: 4.0

Score: 4.0

Score: 4.0

Score: 4.0

Score: 4.0

Score: 4.0

Score: 4.0

Score: 4.0

Score: 4.0

Score: 4.0

Score: 4.0

Score: 4.0

Score: 4.0

Score: 4.0

Score: 4.0

Score: 4.0

Score: 4.0

Score: 4.0

Score: 4.0

Score: 4.0

Score: 4.0

Score: 4.0

Score: 4.0

Score: 4.0

Score: 4.0

Score: 4.0

Score: 4.0

Score: 4.0

Score: 4.0

Score: 4.0

Score: 4.0

Score: 4.0

Score: 4.0

Score: 4.0

Score: 4.0

Score: 4.0

Score: 4.0

Score: 4.0

Score: 4.0

Score: 4.0

Score: 4.0

Score: 4.0

Score: 4.0

Score: 4.0

Score: 4.0
Found: 9193
Validated 4142
Validations Failed 0
Tried 507922
