Inno_ALL

Found so far: 0
Validated 0
Validations Failed 0
Tried 0

Found so far: 4
Validated 4
Validations Failed 0
Tried 1000

Found so far: 4
Validated 4
Validations Failed 0
Tried 2000

Found so far: 4
Validated 4
Validations Failed 0
Tried 3000

Found so far: 4
Validated 4
Validations Failed 0
Tried 4000

Found so far: 4
Validated 4
Validations Failed 0
Tried 5000

Found so far: 4
Validated 4
Validations Failed 0
Tried 6000

Found so far: 4
Validated 4
Validations Failed 0
Tried 7000

Found so far: 4
Validated 4
Validations Failed 0
Tried 8000

Found so far: 4
Validated 4
Validations Failed 0
Tried 9000

Found so far: 4
Validated 4
Validations Failed 0
Tried 10000

Found so far: 4
Validated 4
Validations Failed 0
Tried 11000

Found so far: 4
Validated 4
Validations Failed 0
Tried 12000

Found so far: 4
Validated 4
Validations Failed 0
Tried 13000

Found so far: 4
Validated 4
Validations Failed 0
Tried 14000

Found so far: 4
Validated 4
Validations Failed 0
Tried 15000

Found so far: 5
Validated 5
Validations Failed 0
Tried 16000

Found so far: 5
Validated 5
Validations Failed 0
Tried 17000

Found so far: 5
Validated 5
Validations Failed 0
Tried 18000

Found so far: 5
Validated 5
Validations Failed 0
Tried 19000

Found so far: 5
Validated 5
Validations Failed 0
Tried 20000

Found so far: 5
Validated 5
Validations Failed 0
Tried 21000

Found so far: 5
Validated 5
Validations Failed 0
Tried 22000

Found so far: 5
Validated 5
Validations Failed 0
Tried 23000

Found so far: 5
Validated 5
Validations Failed 0
Tried 24000

Found so far: 5
Validated 5
Validations Failed 0
Tried 25000

Found so far: 5
Validated 5
Validations Failed 0
Tried 26000

Found so far: 5
Validated 5
Validations Failed 0
Tried 27000

Found so far: 5
Validated 5
Validations Failed 0
Tried 28000

Found so far: 5
Validated 5
Validations Failed 0
Tried 29000

Found so far: 5
Validated 5
Validations Failed 0
Tried 30000

Found so far: 5
Validated 5
Validations Failed 0
Tried 31000

Found so far: 5
Validated 5
Validations Failed 0
Tried 32000

Found so far: 5
Validated 5
Validations Failed 0
Tried 33000

Found so far: 5
Validated 5
Validations Failed 0
Tried 34000

Found so far: 5
Validated 5
Validations Failed 0
Tried 35000

Found so far: 5
Validated 5
Validations Failed 0
Tried 36000

Found so far: 5
Validated 5
Validations Failed 0
Tried 37000

Found so far: 5
Validated 5
Validations Failed 0
Tried 38000

Found so far: 5
Validated 5
Validations Failed 0
Tried 39000

Found so far: 5
Validated 5
Validations Failed 0
Tried 40000

Found so far: 5
Validated 5
Validations Failed 0
Tried 41000

Found so far: 5
Validated 5
Validations Failed 0
Tried 42000

Found so far: 5
Validated 5
Validations Failed 0
Tried 43000

Found so far: 5
Validated 5
Validations Failed 0
Tried 44000

Found so far: 5
Validated 5
Validations Failed 0
Tried 45000

Found so far: 5
Validated 5
Validations Failed 0
Tried 46000

Found so far: 5
Validated 5
Validations Failed 0
Tried 47000

Found so far: 5
Validated 5
Validations Failed 0
Tried 48000

Score: 0.0

Score: 0.0

Score: 0.0

Score: 0.0

Score: 0.0
Found: 5
Validated 5
Validations Failed 0
Tried 48247
